This file contains any messages produced by compilers while
running configure, to aid debugging if configure makes a mistake.

It was created by SST Elements Library configure -dev, which was
generated by GNU Autoconf 2.69.  Invocation command line was

  $ ./configure --prefix=/home/rohin/sst/local/sst-elements --with-sst-core=/home/rohin/sst/local/sst-core --with-pin=/home/rohin/Desktop/essent_sst/contribution/shubham/pin_tool

## --------- ##
## Platform. ##
## --------- ##

hostname = rohin
uname -m = x86_64
uname -r = 5.8.0-44-generic
uname -s = Linux
uname -v = #50~20.04.1-Ubuntu SMP Wed Feb 10 21:07:30 UTC 2021

/usr/bin/uname -p = x86_64
/bin/uname -X     = unknown

/bin/arch              = x86_64
/usr/bin/arch -k       = unknown
/usr/convex/getsysinfo = unknown
/usr/bin/hostinfo      = unknown
/bin/machine           = unknown
/usr/bin/oslevel       = unknown
/bin/universe          = unknown

PATH: /home/rohin/sst/local/sst-core/bin
PATH: /home/rohin/sst/local/packages/bin
PATH: /home/rohin/bin
PATH: /home/rohin/sst/local/sst-core/bin
PATH: /home/rohin/sst/local/packages/bin
PATH: /home/rohin/bin
PATH: /home/rohin/sst/local/sst-core/bin
PATH: /home/rohin/sst/local/packages/bin
PATH: /home/rohin/bin
PATH: /home/rohin/sst/local/packages/bin
PATH: /home/rohin/bin
PATH: /usr/local/sbin
PATH: /usr/local/bin
PATH: /usr/sbin
PATH: /usr/bin
PATH: /sbin
PATH: /bin
PATH: /usr/games
PATH: /usr/local/games
PATH: /snap/bin


## ----------- ##
## Core tests. ##
## ----------- ##

configure:2817: checking for a BSD-compatible install
configure:2885: result: /usr/bin/install -c
configure:2896: checking whether build environment is sane
configure:2951: result: yes
configure:3100: checking for a thread-safe mkdir -p
configure:3139: result: /usr/bin/mkdir -p
configure:3146: checking for gawk
configure:3176: result: no
configure:3146: checking for mawk
configure:3162: found /usr/bin/mawk
configure:3173: result: mawk
configure:3184: checking whether make sets $(MAKE)
configure:3206: result: yes
configure:3235: checking whether make supports nested variables
configure:3252: result: yes
configure:3322: checking how to create a pax tar archive
configure:3333: tar --version
tar (GNU tar) 1.30
Copyright (C) 2017 Free Software Foundation, Inc.
License GPLv3+: GNU GPL version 3 or later <https://gnu.org/licenses/gpl.html>.
This is free software: you are free to change and redistribute it.
There is NO WARRANTY, to the extent permitted by law.

Written by John Gilmore and Jay Fenlason.
configure:3336: $? = 0
configure:3376: tardir=conftest.dir && eval tar --format=posix -chf - "$tardir" >conftest.tar
configure:3379: $? = 0
configure:3383: tar -xf - <conftest.tar
configure:3386: $? = 0
configure:3388: cat conftest.dir/file
GrepMe
configure:3391: $? = 0
configure:3404: result: gnutar
configure:3467: checking whether make supports nested variables
configure:3484: result: yes
configure:3581: checking for gcc
configure:3597: found /usr/bin/gcc
configure:3608: result: gcc
configure:3837: checking for C compiler version
configure:3846: gcc --version >&5
gcc (Ubuntu 9.3.0-17ubuntu1~20.04) 9.3.0
Copyright (C) 2019 Free Software Foundation, Inc.
This is free software; see the source for copying conditions.  There is NO
warranty; not even for MERCHANTABILITY or FITNESS FOR A PARTICULAR PURPOSE.

configure:3857: $? = 0
configure:3846: gcc -v >&5
Using built-in specs.
COLLECT_GCC=gcc
COLLECT_LTO_WRAPPER=/usr/lib/gcc/x86_64-linux-gnu/9/lto-wrapper
OFFLOAD_TARGET_NAMES=nvptx-none:hsa
OFFLOAD_TARGET_DEFAULT=1
Target: x86_64-linux-gnu
Configured with: ../src/configure -v --with-pkgversion='Ubuntu 9.3.0-17ubuntu1~20.04' --with-bugurl=file:///usr/share/doc/gcc-9/README.Bugs --enable-languages=c,ada,c++,go,brig,d,fortran,objc,obj-c++,gm2 --prefix=/usr --with-gcc-major-version-only --program-suffix=-9 --program-prefix=x86_64-linux-gnu- --enable-shared --enable-linker-build-id --libexecdir=/usr/lib --without-included-gettext --enable-threads=posix --libdir=/usr/lib --enable-nls --enable-clocale=gnu --enable-libstdcxx-debug --enable-libstdcxx-time=yes --with-default-libstdcxx-abi=new --enable-gnu-unique-object --disable-vtable-verify --enable-plugin --enable-default-pie --with-system-zlib --with-target-system-zlib=auto --enable-objc-gc=auto --enable-multiarch --disable-werror --with-arch-32=i686 --with-abi=m64 --with-multilib-list=m32,m64,mx32 --enable-multilib --with-tune=generic --enable-offload-targets=nvptx-none=/build/gcc-9-HskZEa/gcc-9-9.3.0/debian/tmp-nvptx/usr,hsa --without-cuda-driver --enable-checking=release --build=x86_64-linux-gnu --host=x86_64-linux-gnu --target=x86_64-linux-gnu
Thread model: posix
gcc version 9.3.0 (Ubuntu 9.3.0-17ubuntu1~20.04) 
configure:3857: $? = 0
configure:3846: gcc -V >&5
gcc: error: unrecognized command line option '-V'
gcc: fatal error: no input files
compilation terminated.
configure:3857: $? = 1
configure:3846: gcc -qversion >&5
gcc: error: unrecognized command line option '-qversion'; did you mean '--version'?
gcc: fatal error: no input files
compilation terminated.
configure:3857: $? = 1
configure:3877: checking whether the C compiler works
configure:3899: gcc    conftest.c  >&5
configure:3903: $? = 0
configure:3951: result: yes
configure:3954: checking for C compiler default output file name
configure:3956: result: a.out
configure:3962: checking for suffix of executables
configure:3969: gcc -o conftest    conftest.c  >&5
configure:3973: $? = 0
configure:3995: result: 
configure:4017: checking whether we are cross compiling
configure:4025: gcc -o conftest    conftest.c  >&5
configure:4029: $? = 0
configure:4036: ./conftest
configure:4040: $? = 0
configure:4028: result: no
configure:4033: checking for suffix of object files
configure:4055: gcc -c   conftest.c >&5
configure:4059: $? = 0
configure:4080: result: o
configure:4084: checking whether we are using the GNU C compiler
configure:4103: gcc -c   conftest.c >&5
configure:4103: $? = 0
configure:4112: result: yes
configure:4121: checking whether gcc accepts -g
configure:4141: gcc -c -g  conftest.c >&5
configure:4141: $? = 0
configure:4182: result: yes
configure:4199: checking for gcc option to accept ISO C89
configure:4262: gcc  -c -g -O2  conftest.c >&5
configure:4262: $? = 0
configure:4275: result: none needed
configure:4300: checking whether gcc understands -c and -o together
configure:4322: gcc -c conftest.c -o conftest2.o
configure:4325: $? = 0
configure:4322: gcc -c conftest.c -o conftest2.o
configure:4325: $? = 0
configure:4337: result: yes
configure:4357: checking whether make supports the include directive
configure:4372: make -f confmf.GNU && cat confinc.out
this is the am__doit target
configure:4375: $? = 0
configure:4394: result: yes (GNU style)
configure:4419: checking dependency style of gcc
configure:4530: result: gcc3
configure:4546: checking for gcc option to accept ISO C99
configure:4695: gcc  -c -g -O2  conftest.c >&5
configure:4695: $? = 0
configure:4708: result: none needed
configure:4724: checking for inline
configure:4740: gcc -c -g -O2  conftest.c >&5
configure:4740: $? = 0
configure:4748: result: inline
configure:4766: checking whether make sets $(MAKE)
configure:4788: result: yes
configure:4856: checking for g++
configure:4872: found /usr/bin/g++
configure:4883: result: g++
configure:4910: checking for C++ compiler version
configure:4919: g++ --version >&5
g++ (Ubuntu 9.3.0-17ubuntu1~20.04) 9.3.0
Copyright (C) 2019 Free Software Foundation, Inc.
This is free software; see the source for copying conditions.  There is NO
warranty; not even for MERCHANTABILITY or FITNESS FOR A PARTICULAR PURPOSE.

configure:4930: $? = 0
configure:4919: g++ -v >&5
Using built-in specs.
COLLECT_GCC=g++
COLLECT_LTO_WRAPPER=/usr/lib/gcc/x86_64-linux-gnu/9/lto-wrapper
OFFLOAD_TARGET_NAMES=nvptx-none:hsa
OFFLOAD_TARGET_DEFAULT=1
Target: x86_64-linux-gnu
Configured with: ../src/configure -v --with-pkgversion='Ubuntu 9.3.0-17ubuntu1~20.04' --with-bugurl=file:///usr/share/doc/gcc-9/README.Bugs --enable-languages=c,ada,c++,go,brig,d,fortran,objc,obj-c++,gm2 --prefix=/usr --with-gcc-major-version-only --program-suffix=-9 --program-prefix=x86_64-linux-gnu- --enable-shared --enable-linker-build-id --libexecdir=/usr/lib --without-included-gettext --enable-threads=posix --libdir=/usr/lib --enable-nls --enable-clocale=gnu --enable-libstdcxx-debug --enable-libstdcxx-time=yes --with-default-libstdcxx-abi=new --enable-gnu-unique-object --disable-vtable-verify --enable-plugin --enable-default-pie --with-system-zlib --with-target-system-zlib=auto --enable-objc-gc=auto --enable-multiarch --disable-werror --with-arch-32=i686 --with-abi=m64 --with-multilib-list=m32,m64,mx32 --enable-multilib --with-tune=generic --enable-offload-targets=nvptx-none=/build/gcc-9-HskZEa/gcc-9-9.3.0/debian/tmp-nvptx/usr,hsa --without-cuda-driver --enable-checking=release --build=x86_64-linux-gnu --host=x86_64-linux-gnu --target=x86_64-linux-gnu
Thread model: posix
gcc version 9.3.0 (Ubuntu 9.3.0-17ubuntu1~20.04) 
configure:4930: $? = 0
configure:4919: g++ -V >&5
g++: error: unrecognized command line option '-V'
g++: fatal error: no input files
compilation terminated.
configure:4930: $? = 1
configure:4919: g++ -qversion >&5
g++: error: unrecognized command line option '-qversion'; did you mean '--version'?
g++: fatal error: no input files
compilation terminated.
configure:4930: $? = 1
configure:4934: checking whether we are using the GNU C++ compiler
configure:4953: g++ -c   conftest.cpp >&5
configure:4953: $? = 0
configure:4962: result: yes
configure:4971: checking whether g++ accepts -g
configure:4991: g++ -c -g  conftest.cpp >&5
configure:4991: $? = 0
configure:5032: result: yes
configure:5057: checking dependency style of g++
configure:5168: result: gcc3
configure:5266: checking how to run the C preprocessor
configure:5297: gcc -E  conftest.c
configure:5297: $? = 0
configure:5311: gcc -E  conftest.c
conftest.c:9:10: fatal error: ac_nonexistent.h: No such file or directory
    9 | #include <ac_nonexistent.h>
      |          ^~~~~~~~~~~~~~~~~~
compilation terminated.
configure:5311: $? = 1
configure: failed program was:
| /* confdefs.h */
| #define PACKAGE_NAME "SST Elements Library"
| #define PACKAGE_TARNAME "sst-elements-library"
| #define PACKAGE_VERSION "-dev"
| #define PACKAGE_STRING "SST Elements Library -dev"
| #define PACKAGE_BUGREPORT "sst@sandia.gov"
| #define PACKAGE_URL ""
| /* end confdefs.h.  */
| #include <ac_nonexistent.h>
configure:5336: result: gcc -E
configure:5356: gcc -E  conftest.c
configure:5356: $? = 0
configure:5370: gcc -E  conftest.c
conftest.c:9:10: fatal error: ac_nonexistent.h: No such file or directory
    9 | #include <ac_nonexistent.h>
      |          ^~~~~~~~~~~~~~~~~~
compilation terminated.
configure:5370: $? = 1
configure: failed program was:
| /* confdefs.h */
| #define PACKAGE_NAME "SST Elements Library"
| #define PACKAGE_TARNAME "sst-elements-library"
| #define PACKAGE_VERSION "-dev"
| #define PACKAGE_STRING "SST Elements Library -dev"
| #define PACKAGE_BUGREPORT "sst@sandia.gov"
| #define PACKAGE_URL ""
| /* end confdefs.h.  */
| #include <ac_nonexistent.h>
configure:5402: checking build system type
configure:5416: result: x86_64-pc-linux-gnu
configure:5436: checking host system type
configure:5449: result: x86_64-pc-linux-gnu
configure:5547: checking whether time.h and sys/time.h may both be included
configure:5567: gcc -c -g -O2  conftest.c >&5
configure:5567: $? = 0
configure:5574: result: yes
configure:5636: checking how to print strings
configure:5663: result: printf
configure:5684: checking for a sed that does not truncate output
configure:5748: result: /usr/bin/sed
configure:5766: checking for grep that handles long lines and -e
configure:5824: result: /usr/bin/grep
configure:5829: checking for egrep
configure:5891: result: /usr/bin/grep -E
configure:5896: checking for fgrep
configure:5958: result: /usr/bin/grep -F
configure:5993: checking for ld used by gcc
configure:6060: result: /usr/bin/ld
configure:6067: checking if the linker (/usr/bin/ld) is GNU ld
configure:6082: result: yes
configure:6094: checking for BSD- or MS-compatible name lister (nm)
configure:6148: result: /usr/bin/nm -B
configure:6278: checking the name lister (/usr/bin/nm -B) interface
configure:6285: gcc -c -g -O2  conftest.c >&5
configure:6288: /usr/bin/nm -B "conftest.o"
configure:6291: output
0000000000000000 B some_variable
configure:6292: result: BSD nm
configure:6295: checking whether ln -s works
configure:6299: result: yes
configure:6307: checking the maximum length of command line arguments
configure:6438: result: 1572864
configure:6486: checking how to convert x86_64-pc-linux-gnu file names to x86_64-pc-linux-gnu format
configure:6526: result: func_convert_file_noop
configure:6533: checking how to convert x86_64-pc-linux-gnu file names to toolchain format
configure:6553: result: func_convert_file_noop
configure:6560: checking for /usr/bin/ld option to reload object files
configure:6567: result: -r
configure:6641: checking for objdump
configure:6657: found /usr/bin/objdump
configure:6668: result: objdump
configure:6700: checking how to recognize dependent libraries
configure:6900: result: pass_all
configure:6985: checking for dlltool
configure:7015: result: no
configure:7045: checking how to associate runtime and link libraries
configure:7072: result: printf %s\n
configure:7132: checking for ar
configure:7148: found /usr/bin/ar
configure:7159: result: ar
configure:7196: checking for archiver @FILE support
configure:7213: gcc -c -g -O2  conftest.c >&5
configure:7213: $? = 0
configure:7216: ar cr libconftest.a @conftest.lst >&5
configure:7219: $? = 0
configure:7224: ar cr libconftest.a @conftest.lst >&5
ar: conftest.o: No such file or directory
configure:7227: $? = 1
configure:7226: result: @
configure:7284: checking for strip
configure:7300: found /usr/bin/strip
configure:7311: result: strip
configure:7383: checking for ranlib
configure:7399: found /usr/bin/ranlib
configure:7410: result: ranlib
configure:7512: checking command to parse /usr/bin/nm -B output from gcc object
configure:7665: gcc -c -g -O2  conftest.c >&5
configure:7668: $? = 0
configure:7672: /usr/bin/nm -B conftest.o | sed -n -e 's/^.*[	 ]\([ABCDGIRSTW][ABCDGIRSTW]*\)[	 ][	 ]*\([_A-Za-z][_A-Za-z0-9]*\)$/\1 \2 \2/p' | sed '/ __gnu_lto/d' > conftest.nm
configure:7738: gcc -o conftest -g -O2   conftest.c conftstm.o >&5
configure:7741: $? = 0
configure:7779: result: ok
configure:7826: checking for sysroot
configure:7856: result: no
configure:7863: checking for a working dd
configure:7901: result: /usr/bin/dd
configure:7905: checking how to truncate binary pipes
configure:7920: result: /usr/bin/dd bs=4096 count=1
configure:8056: gcc -c -g -O2  conftest.c >&5
configure:8059: $? = 0
configure:8249: checking for mt
configure:8265: found /usr/bin/mt
configure:8276: result: mt
configure:8299: checking if mt is a manifest tool
configure:8305: mt '-?'
configure:8313: result: no
configure:8986: checking for ANSI C header files
configure:9006: gcc -c -g -O2  conftest.c >&5
configure:9006: $? = 0
configure:9079: gcc -o conftest -g -O2   conftest.c  >&5
configure:9079: $? = 0
configure:9079: ./conftest
configure:9079: $? = 0
configure:9090: result: yes
configure:9103: checking for sys/types.h
configure:9103: gcc -c -g -O2  conftest.c >&5
configure:9103: $? = 0
configure:9103: result: yes
configure:9103: checking for sys/stat.h
configure:9103: gcc -c -g -O2  conftest.c >&5
configure:9103: $? = 0
configure:9103: result: yes
configure:9103: checking for stdlib.h
configure:9103: gcc -c -g -O2  conftest.c >&5
configure:9103: $? = 0
configure:9103: result: yes
configure:9103: checking for string.h
configure:9103: gcc -c -g -O2  conftest.c >&5
configure:9103: $? = 0
configure:9103: result: yes
configure:9103: checking for memory.h
configure:9103: gcc -c -g -O2  conftest.c >&5
configure:9103: $? = 0
configure:9103: result: yes
configure:9103: checking for strings.h
configure:9103: gcc -c -g -O2  conftest.c >&5
configure:9103: $? = 0
configure:9103: result: yes
configure:9103: checking for inttypes.h
configure:9103: gcc -c -g -O2  conftest.c >&5
configure:9103: $? = 0
configure:9103: result: yes
configure:9103: checking for stdint.h
configure:9103: gcc -c -g -O2  conftest.c >&5
configure:9103: $? = 0
configure:9103: result: yes
configure:9103: checking for unistd.h
configure:9103: gcc -c -g -O2  conftest.c >&5
configure:9103: $? = 0
configure:9103: result: yes
configure:9117: checking for dlfcn.h
configure:9117: gcc -c -g -O2  conftest.c >&5
configure:9117: $? = 0
configure:9117: result: yes
configure:9381: checking for objdir
configure:9396: result: .libs
configure:9660: checking if gcc supports -fno-rtti -fno-exceptions
configure:9678: gcc -c -g -O2  -fno-rtti -fno-exceptions conftest.c >&5
cc1: warning: command line option '-fno-rtti' is valid for C++/D/ObjC++ but not for C
configure:9682: $? = 0
configure:9695: result: no
configure:10059: checking for gcc option to produce PIC
configure:10066: result: -fPIC -DPIC
configure:10074: checking if gcc PIC flag -fPIC -DPIC works
configure:10092: gcc -c -g -O2  -fPIC -DPIC -DPIC conftest.c >&5
configure:10096: $? = 0
configure:10109: result: yes
configure:10138: checking if gcc static flag -static works
configure:10166: result: yes
configure:10181: checking if gcc supports -c -o file.o
configure:10202: gcc -c -g -O2  -o out/conftest2.o conftest.c >&5
configure:10206: $? = 0
configure:10228: result: yes
configure:10236: checking if gcc supports -c -o file.o
configure:10283: result: yes
configure:10316: checking whether the gcc linker (/usr/bin/ld -m elf_x86_64) supports shared libraries
configure:11579: result: yes
configure:11616: checking whether -lc should be explicitly linked in
configure:11624: gcc -c -g -O2  conftest.c >&5
configure:11627: $? = 0
configure:11642: gcc -shared  -fPIC -DPIC conftest.o  -v -Wl,-soname -Wl,conftest -o conftest 2\>\&1 \| /usr/bin/grep  -lc  \>/dev/null 2\>\&1
configure:11645: $? = 0
configure:11659: result: no
configure:11819: checking dynamic linker characteristics
configure:12400: gcc -o conftest -g -O2   -Wl,-rpath -Wl,/foo conftest.c  >&5
configure:12400: $? = 0
configure:12649: result: GNU/Linux ld.so
configure:12771: checking how to hardcode library paths into programs
configure:12796: result: immediate
configure:12898: checking for shl_load
configure:12898: gcc -o conftest -g -O2   conftest.c  >&5
/usr/bin/ld: /tmp/ccpWThuv.o: in function `main':
/home/rohin/Desktop/essent_sst/contribution/shubham/sst-elements/conftest.c:56: undefined reference to `shl_load'
collect2: error: ld returned 1 exit status
configure:12898: $? = 1
configure: failed program was:
| /* confdefs.h */
| #define PACKAGE_NAME "SST Elements Library"
| #define PACKAGE_TARNAME "sst-elements-library"
| #define PACKAGE_VERSION "-dev"
| #define PACKAGE_STRING "SST Elements Library -dev"
| #define PACKAGE_BUGREPORT "sst@sandia.gov"
| #define PACKAGE_URL ""
| #define TIME_WITH_SYS_TIME 1
| #define STDC_HEADERS 1
| #define HAVE_SYS_TYPES_H 1
| #define HAVE_SYS_STAT_H 1
| #define HAVE_STDLIB_H 1
| #define HAVE_STRING_H 1
| #define HAVE_MEMORY_H 1
| #define HAVE_STRINGS_H 1
| #define HAVE_INTTYPES_H 1
| #define HAVE_STDINT_H 1
| #define HAVE_UNISTD_H 1
| #define HAVE_DLFCN_H 1
| #define LT_OBJDIR ".libs/"
| /* end confdefs.h.  */
| /* Define shl_load to an innocuous variant, in case <limits.h> declares shl_load.
|    For example, HP-UX 11i <limits.h> declares gettimeofday.  */
| #define shl_load innocuous_shl_load
| 
| /* System header to define __stub macros and hopefully few prototypes,
|     which can conflict with char shl_load (); below.
|     Prefer <limits.h> to <assert.h> if __STDC__ is defined, since
|     <limits.h> exists even on freestanding compilers.  */
| 
| #ifdef __STDC__
| # include <limits.h>
| #else
| # include <assert.h>
| #endif
| 
| #undef shl_load
| 
| /* Override any GCC internal prototype to avoid an error.
|    Use char because int might match the return type of a GCC
|    builtin and then its argument prototype would still apply.  */
| #ifdef __cplusplus
| extern "C"
| #endif
| char shl_load ();
| /* The GNU C library defines this for functions which it implements
|     to always fail with ENOSYS.  Some functions are actually named
|     something starting with __ and the normal name is an alias.  */
| #if defined __stub_shl_load || defined __stub___shl_load
| choke me
| #endif
| 
| int
| main ()
| {
| return shl_load ();
|   ;
|   return 0;
| }
configure:12898: result: no
configure:12902: checking for shl_load in -ldld
configure:12927: gcc -o conftest -g -O2   conftest.c -ldld   >&5
/usr/bin/ld: cannot find -ldld
collect2: error: ld returned 1 exit status
configure:12927: $? = 1
configure: failed program was:
| /* confdefs.h */
| #define PACKAGE_NAME "SST Elements Library"
| #define PACKAGE_TARNAME "sst-elements-library"
| #define PACKAGE_VERSION "-dev"
| #define PACKAGE_STRING "SST Elements Library -dev"
| #define PACKAGE_BUGREPORT "sst@sandia.gov"
| #define PACKAGE_URL ""
| #define TIME_WITH_SYS_TIME 1
| #define STDC_HEADERS 1
| #define HAVE_SYS_TYPES_H 1
| #define HAVE_SYS_STAT_H 1
| #define HAVE_STDLIB_H 1
| #define HAVE_STRING_H 1
| #define HAVE_MEMORY_H 1
| #define HAVE_STRINGS_H 1
| #define HAVE_INTTYPES_H 1
| #define HAVE_STDINT_H 1
| #define HAVE_UNISTD_H 1
| #define HAVE_DLFCN_H 1
| #define LT_OBJDIR ".libs/"
| /* end confdefs.h.  */
| 
| /* Override any GCC internal prototype to avoid an error.
|    Use char because int might match the return type of a GCC
|    builtin and then its argument prototype would still apply.  */
| #ifdef __cplusplus
| extern "C"
| #endif
| char shl_load ();
| int
| main ()
| {
| return shl_load ();
|   ;
|   return 0;
| }
configure:12936: result: no
configure:12941: checking for dlopen
configure:12941: gcc -o conftest -g -O2   conftest.c  >&5
/usr/bin/ld: /tmp/ccKiSJYA.o: in function `main':
/home/rohin/Desktop/essent_sst/contribution/shubham/sst-elements/conftest.c:56: undefined reference to `dlopen'
collect2: error: ld returned 1 exit status
configure:12941: $? = 1
configure: failed program was:
| /* confdefs.h */
| #define PACKAGE_NAME "SST Elements Library"
| #define PACKAGE_TARNAME "sst-elements-library"
| #define PACKAGE_VERSION "-dev"
| #define PACKAGE_STRING "SST Elements Library -dev"
| #define PACKAGE_BUGREPORT "sst@sandia.gov"
| #define PACKAGE_URL ""
| #define TIME_WITH_SYS_TIME 1
| #define STDC_HEADERS 1
| #define HAVE_SYS_TYPES_H 1
| #define HAVE_SYS_STAT_H 1
| #define HAVE_STDLIB_H 1
| #define HAVE_STRING_H 1
| #define HAVE_MEMORY_H 1
| #define HAVE_STRINGS_H 1
| #define HAVE_INTTYPES_H 1
| #define HAVE_STDINT_H 1
| #define HAVE_UNISTD_H 1
| #define HAVE_DLFCN_H 1
| #define LT_OBJDIR ".libs/"
| /* end confdefs.h.  */
| /* Define dlopen to an innocuous variant, in case <limits.h> declares dlopen.
|    For example, HP-UX 11i <limits.h> declares gettimeofday.  */
| #define dlopen innocuous_dlopen
| 
| /* System header to define __stub macros and hopefully few prototypes,
|     which can conflict with char dlopen (); below.
|     Prefer <limits.h> to <assert.h> if __STDC__ is defined, since
|     <limits.h> exists even on freestanding compilers.  */
| 
| #ifdef __STDC__
| # include <limits.h>
| #else
| # include <assert.h>
| #endif
| 
| #undef dlopen
| 
| /* Override any GCC internal prototype to avoid an error.
|    Use char because int might match the return type of a GCC
|    builtin and then its argument prototype would still apply.  */
| #ifdef __cplusplus
| extern "C"
| #endif
| char dlopen ();
| /* The GNU C library defines this for functions which it implements
|     to always fail with ENOSYS.  Some functions are actually named
|     something starting with __ and the normal name is an alias.  */
| #if defined __stub_dlopen || defined __stub___dlopen
| choke me
| #endif
| 
| int
| main ()
| {
| return dlopen ();
|   ;
|   return 0;
| }
configure:12941: result: no
configure:12945: checking for dlopen in -ldl
configure:12970: gcc -o conftest -g -O2   conftest.c -ldl   >&5
configure:12970: $? = 0
configure:12979: result: yes
configure:13098: checking whether a program can dlopen itself
configure:13178: gcc -o conftest -g -O2  -DHAVE_DLFCN_H  -Wl,--export-dynamic conftest.c -ldl  >&5
configure:13181: $? = 0
configure:13199: result: yes
configure:13204: checking whether a statically linked program can dlopen itself
configure:13284: gcc -o conftest -g -O2  -DHAVE_DLFCN_H  -Wl,--export-dynamic -static conftest.c -ldl  >&5
/usr/bin/ld: /tmp/cchCi616.o: in function `main':
/home/rohin/Desktop/essent_sst/contribution/shubham/sst-elements/configure:13263: warning: Using 'dlopen' in statically linked applications requires at runtime the shared libraries from the glibc version used for linking
configure:13287: $? = 0
conftest: undefined symbol: _fnord
configure:13305: result: no
configure:13344: checking whether stripping libraries is possible
configure:13349: result: yes
configure:13384: checking if libtool supports shared libraries
configure:13386: result: yes
configure:13389: checking whether to build shared libraries
configure:13414: result: yes
configure:13417: checking whether to build static libraries
configure:13421: result: no
configure:10220: checking how to run the C++ preprocessor
configure:10247: g++ -E  conftest.cpp
configure:10247: $? = 0
configure:10261: g++ -E  conftest.cpp
conftest.cpp:22:10: fatal error: ac_nonexistent.h: No such file or directory
   22 | #include <ac_nonexistent.h>
      |          ^~~~~~~~~~~~~~~~~~
compilation terminated.
configure:10261: $? = 1
configure: failed program was:
| /* confdefs.h */
| #define PACKAGE_NAME "SST Elements Library"
| #define PACKAGE_TARNAME "sst-elements-library"
| #define PACKAGE_VERSION "-dev"
| #define PACKAGE_STRING "SST Elements Library -dev"
| #define PACKAGE_BUGREPORT "sst@sandia.gov"
| #define PACKAGE_URL ""
| #define TIME_WITH_SYS_TIME 1
| #define STDC_HEADERS 1
| #define HAVE_SYS_TYPES_H 1
| #define HAVE_SYS_STAT_H 1
| #define HAVE_STDLIB_H 1
| #define HAVE_STRING_H 1
| #define HAVE_MEMORY_H 1
| #define HAVE_STRINGS_H 1
| #define HAVE_INTTYPES_H 1
| #define HAVE_STDINT_H 1
| #define HAVE_UNISTD_H 1
| #define HAVE_DLFCN_H 1
| #define LT_OBJDIR ".libs/"
| /* end confdefs.h.  */
| #include <ac_nonexistent.h>
configure:10286: result: g++ -E
configure:10306: g++ -E  conftest.cpp
configure:10306: $? = 0
configure:10320: g++ -E  conftest.cpp
conftest.cpp:22:10: fatal error: ac_nonexistent.h: No such file or directory
   22 | #include <ac_nonexistent.h>
      |          ^~~~~~~~~~~~~~~~~~
compilation terminated.
configure:10320: $? = 1
configure: failed program was:
| /* confdefs.h */
| #define PACKAGE_NAME "SST Elements Library"
| #define PACKAGE_TARNAME "sst-elements-library"
| #define PACKAGE_VERSION "-dev"
| #define PACKAGE_STRING "SST Elements Library -dev"
| #define PACKAGE_BUGREPORT "sst@sandia.gov"
| #define PACKAGE_URL ""
| #define TIME_WITH_SYS_TIME 1
| #define STDC_HEADERS 1
| #define HAVE_SYS_TYPES_H 1
| #define HAVE_SYS_STAT_H 1
| #define HAVE_STDLIB_H 1
| #define HAVE_STRING_H 1
| #define HAVE_MEMORY_H 1
| #define HAVE_STRINGS_H 1
| #define HAVE_INTTYPES_H 1
| #define HAVE_STDINT_H 1
| #define HAVE_UNISTD_H 1
| #define HAVE_DLFCN_H 1
| #define LT_OBJDIR ".libs/"
| /* end confdefs.h.  */
| #include <ac_nonexistent.h>
configure:10482: checking for ld used by g++
configure:10549: result: /usr/bin/ld -m elf_x86_64
configure:10556: checking if the linker (/usr/bin/ld -m elf_x86_64) is GNU ld
configure:10571: result: yes
configure:10626: checking whether the g++ linker (/usr/bin/ld -m elf_x86_64) supports shared libraries
configure:11699: result: yes
configure:11735: g++ -c -g -O2  conftest.cpp >&5
configure:11738: $? = 0
configure:12219: checking for g++ option to produce PIC
configure:12226: result: -fPIC -DPIC
configure:12234: checking if g++ PIC flag -fPIC -DPIC works
configure:12252: g++ -c -g -O2  -fPIC -DPIC -DPIC conftest.cpp >&5
configure:12256: $? = 0
configure:12269: result: yes
configure:12292: checking if g++ static flag -static works
configure:12320: result: yes
configure:12332: checking if g++ supports -c -o file.o
configure:12353: g++ -c -g -O2  -o out/conftest2.o conftest.cpp >&5
configure:12357: $? = 0
configure:12379: result: yes
configure:12384: checking if g++ supports -c -o file.o
configure:12431: result: yes
configure:12461: checking whether the g++ linker (/usr/bin/ld -m elf_x86_64) supports shared libraries
configure:12504: result: yes
configure:12645: checking dynamic linker characteristics
configure:13402: result: GNU/Linux ld.so
configure:13467: checking how to hardcode library paths into programs
configure:13492: result: immediate
configure:12384: checking what extension is used for runtime loadable modules
configure:12396: result: .so
configure:12420: checking what variable specifies run-time module search path
configure:12427: result: LD_LIBRARY_PATH
configure:12437: checking for the default library search path
configure:12444: result: /lib /usr/lib /usr/lib/x86_64-linux-gnu/libfakeroot /usr/local/lib/i386-linux-gnu /lib/i386-linux-gnu /usr/lib/i386-linux-gnu /usr/local/lib/i686-linux-gnu /lib/i686-linux-gnu /usr/lib/i686-linux-gnu /usr/local/lib /usr/local/lib/x86_64-linux-gnu /lib/x86_64-linux-gnu /usr/lib/x86_64-linux-gnu /lib32 /usr/lib32 
configure:12475: checking for library containing dlopen
configure:12506: gcc -o conftest -g -O2   conftest.c  >&5
/usr/bin/ld: /tmp/ccA8VBnW.o: in function `main':
/home/rohin/Desktop/essent_sst/contribution/shubham/sst-elements/conftest.c:36: undefined reference to `dlopen'
collect2: error: ld returned 1 exit status
configure:12506: $? = 1
configure: failed program was:
| /* confdefs.h */
| #define PACKAGE_NAME "SST Elements Library"
| #define PACKAGE_TARNAME "sst-elements-library"
| #define PACKAGE_VERSION "-dev"
| #define PACKAGE_STRING "SST Elements Library -dev"
| #define PACKAGE_BUGREPORT "sst@sandia.gov"
| #define PACKAGE_URL ""
| #define TIME_WITH_SYS_TIME 1
| #define STDC_HEADERS 1
| #define HAVE_SYS_TYPES_H 1
| #define HAVE_SYS_STAT_H 1
| #define HAVE_STDLIB_H 1
| #define HAVE_STRING_H 1
| #define HAVE_MEMORY_H 1
| #define HAVE_STRINGS_H 1
| #define HAVE_INTTYPES_H 1
| #define HAVE_STDINT_H 1
| #define HAVE_UNISTD_H 1
| #define HAVE_DLFCN_H 1
| #define LT_OBJDIR ".libs/"
| #define LT_MODULE_EXT ".so"
| #define LT_MODULE_PATH_VAR "LD_LIBRARY_PATH"
| #define LT_DLSEARCH_PATH "/lib:/usr/lib:/usr/lib/x86_64-linux-gnu/libfakeroot:/usr/local/lib/i386-linux-gnu:/lib/i386-linux-gnu:/usr/lib/i386-linux-gnu:/usr/local/lib/i686-linux-gnu:/lib/i686-linux-gnu:/usr/lib/i686-linux-gnu:/usr/local/lib:/usr/local/lib/x86_64-linux-gnu:/lib/x86_64-linux-gnu:/usr/lib/x86_64-linux-gnu:/lib32:/usr/lib32"
| /* end confdefs.h.  */
| 
| /* Override any GCC internal prototype to avoid an error.
|    Use char because int might match the return type of a GCC
|    builtin and then its argument prototype would still apply.  */
| #ifdef __cplusplus
| extern "C"
| #endif
| char dlopen ();
| int
| main ()
| {
| return dlopen ();
|   ;
|   return 0;
| }
configure:12506: gcc -o conftest -g -O2   conftest.c -ldl   >&5
configure:12506: $? = 0
configure:12523: result: -ldl
configure:12613: checking for dlerror
configure:12613: gcc -o conftest -g -O2   conftest.c -ldl  -ldl >&5
configure:12613: $? = 0
configure:12613: result: yes
configure:12627: checking for shl_load
configure:12627: result: no
configure:12634: checking for shl_load in -ldld
configure:12668: result: no
configure:12714: checking for dld_link in -ldld
configure:12739: gcc -o conftest -g -O2   conftest.c -ldld  -ldl  >&5
/usr/bin/ld: cannot find -ldld
collect2: error: ld returned 1 exit status
configure:12739: $? = 1
configure: failed program was:
| /* confdefs.h */
| #define PACKAGE_NAME "SST Elements Library"
| #define PACKAGE_TARNAME "sst-elements-library"
| #define PACKAGE_VERSION "-dev"
| #define PACKAGE_STRING "SST Elements Library -dev"
| #define PACKAGE_BUGREPORT "sst@sandia.gov"
| #define PACKAGE_URL ""
| #define TIME_WITH_SYS_TIME 1
| #define STDC_HEADERS 1
| #define HAVE_SYS_TYPES_H 1
| #define HAVE_SYS_STAT_H 1
| #define HAVE_STDLIB_H 1
| #define HAVE_STRING_H 1
| #define HAVE_MEMORY_H 1
| #define HAVE_STRINGS_H 1
| #define HAVE_INTTYPES_H 1
| #define HAVE_STDINT_H 1
| #define HAVE_UNISTD_H 1
| #define HAVE_DLFCN_H 1
| #define LT_OBJDIR ".libs/"
| #define LT_MODULE_EXT ".so"
| #define LT_MODULE_PATH_VAR "LD_LIBRARY_PATH"
| #define LT_DLSEARCH_PATH "/lib:/usr/lib:/usr/lib/x86_64-linux-gnu/libfakeroot:/usr/local/lib/i386-linux-gnu:/lib/i386-linux-gnu:/usr/lib/i386-linux-gnu:/usr/local/lib/i686-linux-gnu:/lib/i686-linux-gnu:/usr/lib/i686-linux-gnu:/usr/local/lib:/usr/local/lib/x86_64-linux-gnu:/lib/x86_64-linux-gnu:/usr/lib/x86_64-linux-gnu:/lib32:/usr/lib32"
| #define HAVE_LIBDL 1
| #define HAVE_DLERROR 1
| /* end confdefs.h.  */
| 
| /* Override any GCC internal prototype to avoid an error.
|    Use char because int might match the return type of a GCC
|    builtin and then its argument prototype would still apply.  */
| #ifdef __cplusplus
| extern "C"
| #endif
| char dld_link ();
| int
| main ()
| {
| return dld_link ();
|   ;
|   return 0;
| }
configure:12748: result: no
configure:12783: checking for _ prefix in compiled symbols
configure:12793: gcc -c -g -O2  conftest.c >&5
configure:12796: $? = 0
configure:12800: /usr/bin/nm -B conftest.o \| sed -n -e 's/^.*[	 ]\([ABCDGIRSTW][ABCDGIRSTW]*\)[	 ][	 ]*\([_A-Za-z][_A-Za-z0-9]*\)$/\1 \2 \2/p' | sed '/ __gnu_lto/d' \> conftest.nm
configure:12803: $? = 0
configure:12825: result: no
configure:12942: checking whether deplibs are loaded by dlopen
configure:13039: result: yes
configure:13050: checking for argz.h
configure:13050: gcc -c -g -O2  conftest.c >&5
configure:13050: $? = 0
configure:13050: result: yes
configure:13062: checking for error_t
configure:13062: gcc -c -g -O2  conftest.c >&5
configure:13062: $? = 0
configure:13062: gcc -c -g -O2  conftest.c >&5
conftest.c: In function 'main':
conftest.c:36:22: error: expected expression before ')' token
   36 | if (sizeof ((error_t)))
      |                      ^
configure:13062: $? = 1
configure: failed program was:
| /* confdefs.h */
| #define PACKAGE_NAME "SST Elements Library"
| #define PACKAGE_TARNAME "sst-elements-library"
| #define PACKAGE_VERSION "-dev"
| #define PACKAGE_STRING "SST Elements Library -dev"
| #define PACKAGE_BUGREPORT "sst@sandia.gov"
| #define PACKAGE_URL ""
| #define TIME_WITH_SYS_TIME 1
| #define STDC_HEADERS 1
| #define HAVE_SYS_TYPES_H 1
| #define HAVE_SYS_STAT_H 1
| #define HAVE_STDLIB_H 1
| #define HAVE_STRING_H 1
| #define HAVE_MEMORY_H 1
| #define HAVE_STRINGS_H 1
| #define HAVE_INTTYPES_H 1
| #define HAVE_STDINT_H 1
| #define HAVE_UNISTD_H 1
| #define HAVE_DLFCN_H 1
| #define LT_OBJDIR ".libs/"
| #define LT_MODULE_EXT ".so"
| #define LT_MODULE_PATH_VAR "LD_LIBRARY_PATH"
| #define LT_DLSEARCH_PATH "/lib:/usr/lib:/usr/lib/x86_64-linux-gnu/libfakeroot:/usr/local/lib/i386-linux-gnu:/lib/i386-linux-gnu:/usr/lib/i386-linux-gnu:/usr/local/lib/i686-linux-gnu:/lib/i686-linux-gnu:/usr/lib/i686-linux-gnu:/usr/local/lib:/usr/local/lib/x86_64-linux-gnu:/lib/x86_64-linux-gnu:/usr/lib/x86_64-linux-gnu:/lib32:/usr/lib32"
| #define HAVE_LIBDL 1
| #define HAVE_DLERROR 1
| #define HAVE_LIBDLLOADER 1
| #define HAVE_ARGZ_H 1
| /* end confdefs.h.  */
| #if defined(HAVE_ARGZ_H)
| #  include <argz.h>
| #endif
| 
| int
| main ()
| {
| if (sizeof ((error_t)))
| 	    return 0;
|   ;
|   return 0;
| }
configure:13062: result: yes
configure:13088: checking for argz_add
configure:13088: gcc -o conftest -g -O2   conftest.c  >&5
configure:13088: $? = 0
configure:13088: result: yes
configure:13088: checking for argz_append
configure:13088: gcc -o conftest -g -O2   conftest.c  >&5
configure:13088: $? = 0
configure:13088: result: yes
configure:13088: checking for argz_count
configure:13088: gcc -o conftest -g -O2   conftest.c  >&5
configure:13088: $? = 0
configure:13088: result: yes
configure:13088: checking for argz_create_sep
configure:13088: gcc -o conftest -g -O2   conftest.c  >&5
configure:13088: $? = 0
configure:13088: result: yes
configure:13088: checking for argz_insert
configure:13088: gcc -o conftest -g -O2   conftest.c  >&5
configure:13088: $? = 0
configure:13088: result: yes
configure:13088: checking for argz_next
configure:13088: gcc -o conftest -g -O2   conftest.c  >&5
configure:13088: $? = 0
configure:13088: result: yes
configure:13088: checking for argz_stringify
configure:13088: gcc -o conftest -g -O2   conftest.c  >&5
configure:13088: $? = 0
configure:13088: result: yes
configure:13104: checking if argz actually works
configure:13135: result: yes
configure:13152: checking whether libtool supports -dlopen/-dlpreopen
configure:13164: result: yes
configure:13193: checking for ltdl.h
configure:13193: gcc -c -g -O2  conftest.c >&5
configure:13193: $? = 0
configure:13193: result: yes
configure:13197: checking whether lt_dlinterface_register is declared
configure:13197: gcc -c -g -O2  conftest.c >&5
configure:13197: $? = 0
configure:13197: result: yes
configure:13201: checking for lt_dladvise_preload in -lltdl
configure:13226: gcc -o conftest -g -O2   conftest.c -lltdl   >&5
configure:13226: $? = 0
configure:13235: result: yes
configure:13330: checking where to find libltdl headers
configure:13332: result: 
configure:13334: checking where to find libltdl library
configure:13336: result: -lltdl
configure:13384: checking for unistd.h
configure:13384: result: yes
configure:13384: checking for dl.h
configure:13384: gcc -c -g -O2  conftest.c >&5
conftest.c:75:10: fatal error: dl.h: No such file or directory
   75 | #include <dl.h>
      |          ^~~~~~
compilation terminated.
configure:13384: $? = 1
configure: failed program was:
| /* confdefs.h */
| #define PACKAGE_NAME "SST Elements Library"
| #define PACKAGE_TARNAME "sst-elements-library"
| #define PACKAGE_VERSION "-dev"
| #define PACKAGE_STRING "SST Elements Library -dev"
| #define PACKAGE_BUGREPORT "sst@sandia.gov"
| #define PACKAGE_URL ""
| #define TIME_WITH_SYS_TIME 1
| #define STDC_HEADERS 1
| #define HAVE_SYS_TYPES_H 1
| #define HAVE_SYS_STAT_H 1
| #define HAVE_STDLIB_H 1
| #define HAVE_STRING_H 1
| #define HAVE_MEMORY_H 1
| #define HAVE_STRINGS_H 1
| #define HAVE_INTTYPES_H 1
| #define HAVE_STDINT_H 1
| #define HAVE_UNISTD_H 1
| #define HAVE_DLFCN_H 1
| #define LT_OBJDIR ".libs/"
| #define LT_MODULE_EXT ".so"
| #define LT_MODULE_PATH_VAR "LD_LIBRARY_PATH"
| #define LT_DLSEARCH_PATH "/lib:/usr/lib:/usr/lib/x86_64-linux-gnu/libfakeroot:/usr/local/lib/i386-linux-gnu:/lib/i386-linux-gnu:/usr/lib/i386-linux-gnu:/usr/local/lib/i686-linux-gnu:/lib/i686-linux-gnu:/usr/lib/i686-linux-gnu:/usr/local/lib:/usr/local/lib/x86_64-linux-gnu:/lib/x86_64-linux-gnu:/usr/lib/x86_64-linux-gnu:/lib32:/usr/lib32"
| #define HAVE_LIBDL 1
| #define HAVE_DLERROR 1
| #define HAVE_LIBDLLOADER 1
| #define HAVE_ARGZ_H 1
| #define HAVE_ERROR_T 1
| #define HAVE_ARGZ_ADD 1
| #define HAVE_ARGZ_APPEND 1
| #define HAVE_ARGZ_COUNT 1
| #define HAVE_ARGZ_CREATE_SEP 1
| #define HAVE_ARGZ_INSERT 1
| #define HAVE_ARGZ_NEXT 1
| #define HAVE_ARGZ_STRINGIFY 1
| #define HAVE_WORKING_ARGZ 1
| #define HAVE_PRELOADED_SYMBOLS 1
| #define HAVE_LTDL 1
| #define HAVE_UNISTD_H 1
| /* end confdefs.h.  */
| #include <stdio.h>
| #ifdef HAVE_SYS_TYPES_H
| # include <sys/types.h>
| #endif
| #ifdef HAVE_SYS_STAT_H
| # include <sys/stat.h>
| #endif
| #ifdef STDC_HEADERS
| # include <stdlib.h>
| # include <stddef.h>
| #else
| # ifdef HAVE_STDLIB_H
| #  include <stdlib.h>
| # endif
| #endif
| #ifdef HAVE_STRING_H
| # if !defined STDC_HEADERS && defined HAVE_MEMORY_H
| #  include <memory.h>
| # endif
| # include <string.h>
| #endif
| #ifdef HAVE_STRINGS_H
| # include <strings.h>
| #endif
| #ifdef HAVE_INTTYPES_H
| # include <inttypes.h>
| #endif
| #ifdef HAVE_STDINT_H
| # include <stdint.h>
| #endif
| #ifdef HAVE_UNISTD_H
| # include <unistd.h>
| #endif
| 
| #include <dl.h>
configure:13384: result: no
configure:13384: checking for sys/dl.h
configure:13384: gcc -c -g -O2  conftest.c >&5
conftest.c:75:10: fatal error: sys/dl.h: No such file or directory
   75 | #include <sys/dl.h>
      |          ^~~~~~~~~~
compilation terminated.
configure:13384: $? = 1
configure: failed program was:
| /* confdefs.h */
| #define PACKAGE_NAME "SST Elements Library"
| #define PACKAGE_TARNAME "sst-elements-library"
| #define PACKAGE_VERSION "-dev"
| #define PACKAGE_STRING "SST Elements Library -dev"
| #define PACKAGE_BUGREPORT "sst@sandia.gov"
| #define PACKAGE_URL ""
| #define TIME_WITH_SYS_TIME 1
| #define STDC_HEADERS 1
| #define HAVE_SYS_TYPES_H 1
| #define HAVE_SYS_STAT_H 1
| #define HAVE_STDLIB_H 1
| #define HAVE_STRING_H 1
| #define HAVE_MEMORY_H 1
| #define HAVE_STRINGS_H 1
| #define HAVE_INTTYPES_H 1
| #define HAVE_STDINT_H 1
| #define HAVE_UNISTD_H 1
| #define HAVE_DLFCN_H 1
| #define LT_OBJDIR ".libs/"
| #define LT_MODULE_EXT ".so"
| #define LT_MODULE_PATH_VAR "LD_LIBRARY_PATH"
| #define LT_DLSEARCH_PATH "/lib:/usr/lib:/usr/lib/x86_64-linux-gnu/libfakeroot:/usr/local/lib/i386-linux-gnu:/lib/i386-linux-gnu:/usr/lib/i386-linux-gnu:/usr/local/lib/i686-linux-gnu:/lib/i686-linux-gnu:/usr/lib/i686-linux-gnu:/usr/local/lib:/usr/local/lib/x86_64-linux-gnu:/lib/x86_64-linux-gnu:/usr/lib/x86_64-linux-gnu:/lib32:/usr/lib32"
| #define HAVE_LIBDL 1
| #define HAVE_DLERROR 1
| #define HAVE_LIBDLLOADER 1
| #define HAVE_ARGZ_H 1
| #define HAVE_ERROR_T 1
| #define HAVE_ARGZ_ADD 1
| #define HAVE_ARGZ_APPEND 1
| #define HAVE_ARGZ_COUNT 1
| #define HAVE_ARGZ_CREATE_SEP 1
| #define HAVE_ARGZ_INSERT 1
| #define HAVE_ARGZ_NEXT 1
| #define HAVE_ARGZ_STRINGIFY 1
| #define HAVE_WORKING_ARGZ 1
| #define HAVE_PRELOADED_SYMBOLS 1
| #define HAVE_LTDL 1
| #define HAVE_UNISTD_H 1
| /* end confdefs.h.  */
| #include <stdio.h>
| #ifdef HAVE_SYS_TYPES_H
| # include <sys/types.h>
| #endif
| #ifdef HAVE_SYS_STAT_H
| # include <sys/stat.h>
| #endif
| #ifdef STDC_HEADERS
| # include <stdlib.h>
| # include <stddef.h>
| #else
| # ifdef HAVE_STDLIB_H
| #  include <stdlib.h>
| # endif
| #endif
| #ifdef HAVE_STRING_H
| # if !defined STDC_HEADERS && defined HAVE_MEMORY_H
| #  include <memory.h>
| # endif
| # include <string.h>
| #endif
| #ifdef HAVE_STRINGS_H
| # include <strings.h>
| #endif
| #ifdef HAVE_INTTYPES_H
| # include <inttypes.h>
| #endif
| #ifdef HAVE_STDINT_H
| # include <stdint.h>
| #endif
| #ifdef HAVE_UNISTD_H
| # include <unistd.h>
| #endif
| 
| #include <sys/dl.h>
configure:13384: result: no
configure:13384: checking for dld.h
configure:13384: gcc -c -g -O2  conftest.c >&5
conftest.c:75:10: fatal error: dld.h: No such file or directory
   75 | #include <dld.h>
      |          ^~~~~~~
compilation terminated.
configure:13384: $? = 1
configure: failed program was:
| /* confdefs.h */
| #define PACKAGE_NAME "SST Elements Library"
| #define PACKAGE_TARNAME "sst-elements-library"
| #define PACKAGE_VERSION "-dev"
| #define PACKAGE_STRING "SST Elements Library -dev"
| #define PACKAGE_BUGREPORT "sst@sandia.gov"
| #define PACKAGE_URL ""
| #define TIME_WITH_SYS_TIME 1
| #define STDC_HEADERS 1
| #define HAVE_SYS_TYPES_H 1
| #define HAVE_SYS_STAT_H 1
| #define HAVE_STDLIB_H 1
| #define HAVE_STRING_H 1
| #define HAVE_MEMORY_H 1
| #define HAVE_STRINGS_H 1
| #define HAVE_INTTYPES_H 1
| #define HAVE_STDINT_H 1
| #define HAVE_UNISTD_H 1
| #define HAVE_DLFCN_H 1
| #define LT_OBJDIR ".libs/"
| #define LT_MODULE_EXT ".so"
| #define LT_MODULE_PATH_VAR "LD_LIBRARY_PATH"
| #define LT_DLSEARCH_PATH "/lib:/usr/lib:/usr/lib/x86_64-linux-gnu/libfakeroot:/usr/local/lib/i386-linux-gnu:/lib/i386-linux-gnu:/usr/lib/i386-linux-gnu:/usr/local/lib/i686-linux-gnu:/lib/i686-linux-gnu:/usr/lib/i686-linux-gnu:/usr/local/lib:/usr/local/lib/x86_64-linux-gnu:/lib/x86_64-linux-gnu:/usr/lib/x86_64-linux-gnu:/lib32:/usr/lib32"
| #define HAVE_LIBDL 1
| #define HAVE_DLERROR 1
| #define HAVE_LIBDLLOADER 1
| #define HAVE_ARGZ_H 1
| #define HAVE_ERROR_T 1
| #define HAVE_ARGZ_ADD 1
| #define HAVE_ARGZ_APPEND 1
| #define HAVE_ARGZ_COUNT 1
| #define HAVE_ARGZ_CREATE_SEP 1
| #define HAVE_ARGZ_INSERT 1
| #define HAVE_ARGZ_NEXT 1
| #define HAVE_ARGZ_STRINGIFY 1
| #define HAVE_WORKING_ARGZ 1
| #define HAVE_PRELOADED_SYMBOLS 1
| #define HAVE_LTDL 1
| #define HAVE_UNISTD_H 1
| /* end confdefs.h.  */
| #include <stdio.h>
| #ifdef HAVE_SYS_TYPES_H
| # include <sys/types.h>
| #endif
| #ifdef HAVE_SYS_STAT_H
| # include <sys/stat.h>
| #endif
| #ifdef STDC_HEADERS
| # include <stdlib.h>
| # include <stddef.h>
| #else
| # ifdef HAVE_STDLIB_H
| #  include <stdlib.h>
| # endif
| #endif
| #ifdef HAVE_STRING_H
| # if !defined STDC_HEADERS && defined HAVE_MEMORY_H
| #  include <memory.h>
| # endif
| # include <string.h>
| #endif
| #ifdef HAVE_STRINGS_H
| # include <strings.h>
| #endif
| #ifdef HAVE_INTTYPES_H
| # include <inttypes.h>
| #endif
| #ifdef HAVE_STDINT_H
| # include <stdint.h>
| #endif
| #ifdef HAVE_UNISTD_H
| # include <unistd.h>
| #endif
| 
| #include <dld.h>
configure:13384: result: no
configure:13384: checking for mach-o/dyld.h
configure:13384: gcc -c -g -O2  conftest.c >&5
conftest.c:75:10: fatal error: mach-o/dyld.h: No such file or directory
   75 | #include <mach-o/dyld.h>
      |          ^~~~~~~~~~~~~~~
compilation terminated.
configure:13384: $? = 1
configure: failed program was:
| /* confdefs.h */
| #define PACKAGE_NAME "SST Elements Library"
| #define PACKAGE_TARNAME "sst-elements-library"
| #define PACKAGE_VERSION "-dev"
| #define PACKAGE_STRING "SST Elements Library -dev"
| #define PACKAGE_BUGREPORT "sst@sandia.gov"
| #define PACKAGE_URL ""
| #define TIME_WITH_SYS_TIME 1
| #define STDC_HEADERS 1
| #define HAVE_SYS_TYPES_H 1
| #define HAVE_SYS_STAT_H 1
| #define HAVE_STDLIB_H 1
| #define HAVE_STRING_H 1
| #define HAVE_MEMORY_H 1
| #define HAVE_STRINGS_H 1
| #define HAVE_INTTYPES_H 1
| #define HAVE_STDINT_H 1
| #define HAVE_UNISTD_H 1
| #define HAVE_DLFCN_H 1
| #define LT_OBJDIR ".libs/"
| #define LT_MODULE_EXT ".so"
| #define LT_MODULE_PATH_VAR "LD_LIBRARY_PATH"
| #define LT_DLSEARCH_PATH "/lib:/usr/lib:/usr/lib/x86_64-linux-gnu/libfakeroot:/usr/local/lib/i386-linux-gnu:/lib/i386-linux-gnu:/usr/lib/i386-linux-gnu:/usr/local/lib/i686-linux-gnu:/lib/i686-linux-gnu:/usr/lib/i686-linux-gnu:/usr/local/lib:/usr/local/lib/x86_64-linux-gnu:/lib/x86_64-linux-gnu:/usr/lib/x86_64-linux-gnu:/lib32:/usr/lib32"
| #define HAVE_LIBDL 1
| #define HAVE_DLERROR 1
| #define HAVE_LIBDLLOADER 1
| #define HAVE_ARGZ_H 1
| #define HAVE_ERROR_T 1
| #define HAVE_ARGZ_ADD 1
| #define HAVE_ARGZ_APPEND 1
| #define HAVE_ARGZ_COUNT 1
| #define HAVE_ARGZ_CREATE_SEP 1
| #define HAVE_ARGZ_INSERT 1
| #define HAVE_ARGZ_NEXT 1
| #define HAVE_ARGZ_STRINGIFY 1
| #define HAVE_WORKING_ARGZ 1
| #define HAVE_PRELOADED_SYMBOLS 1
| #define HAVE_LTDL 1
| #define HAVE_UNISTD_H 1
| /* end confdefs.h.  */
| #include <stdio.h>
| #ifdef HAVE_SYS_TYPES_H
| # include <sys/types.h>
| #endif
| #ifdef HAVE_SYS_STAT_H
| # include <sys/stat.h>
| #endif
| #ifdef STDC_HEADERS
| # include <stdlib.h>
| # include <stddef.h>
| #else
| # ifdef HAVE_STDLIB_H
| #  include <stdlib.h>
| # endif
| #endif
| #ifdef HAVE_STRING_H
| # if !defined STDC_HEADERS && defined HAVE_MEMORY_H
| #  include <memory.h>
| # endif
| # include <string.h>
| #endif
| #ifdef HAVE_STRINGS_H
| # include <strings.h>
| #endif
| #ifdef HAVE_INTTYPES_H
| # include <inttypes.h>
| #endif
| #ifdef HAVE_STDINT_H
| # include <stdint.h>
| #endif
| #ifdef HAVE_UNISTD_H
| # include <unistd.h>
| #endif
| 
| #include <mach-o/dyld.h>
configure:13384: result: no
configure:13384: checking for dirent.h
configure:13384: gcc -c -g -O2  conftest.c >&5
configure:13384: $? = 0
configure:13384: result: yes
configure:13399: checking for closedir
configure:13399: gcc -o conftest -g -O2   conftest.c  >&5
configure:13399: $? = 0
configure:13399: result: yes
configure:13399: checking for opendir
configure:13399: gcc -o conftest -g -O2   conftest.c  >&5
configure:13399: $? = 0
configure:13399: result: yes
configure:13399: checking for readdir
configure:13399: gcc -o conftest -g -O2   conftest.c  >&5
configure:13399: $? = 0
configure:13399: result: yes
configure:13416: checking for strlcat
configure:13416: gcc -o conftest -g -O2   conftest.c  >&5
/usr/bin/ld: /tmp/ccqV0Bxz.o: in function `main':
/home/rohin/Desktop/essent_sst/contribution/shubham/sst-elements/conftest.c:79: undefined reference to `strlcat'
collect2: error: ld returned 1 exit status
configure:13416: $? = 1
configure: failed program was:
| /* confdefs.h */
| #define PACKAGE_NAME "SST Elements Library"
| #define PACKAGE_TARNAME "sst-elements-library"
| #define PACKAGE_VERSION "-dev"
| #define PACKAGE_STRING "SST Elements Library -dev"
| #define PACKAGE_BUGREPORT "sst@sandia.gov"
| #define PACKAGE_URL ""
| #define TIME_WITH_SYS_TIME 1
| #define STDC_HEADERS 1
| #define HAVE_SYS_TYPES_H 1
| #define HAVE_SYS_STAT_H 1
| #define HAVE_STDLIB_H 1
| #define HAVE_STRING_H 1
| #define HAVE_MEMORY_H 1
| #define HAVE_STRINGS_H 1
| #define HAVE_INTTYPES_H 1
| #define HAVE_STDINT_H 1
| #define HAVE_UNISTD_H 1
| #define HAVE_DLFCN_H 1
| #define LT_OBJDIR ".libs/"
| #define LT_MODULE_EXT ".so"
| #define LT_MODULE_PATH_VAR "LD_LIBRARY_PATH"
| #define LT_DLSEARCH_PATH "/lib:/usr/lib:/usr/lib/x86_64-linux-gnu/libfakeroot:/usr/local/lib/i386-linux-gnu:/lib/i386-linux-gnu:/usr/lib/i386-linux-gnu:/usr/local/lib/i686-linux-gnu:/lib/i686-linux-gnu:/usr/lib/i686-linux-gnu:/usr/local/lib:/usr/local/lib/x86_64-linux-gnu:/lib/x86_64-linux-gnu:/usr/lib/x86_64-linux-gnu:/lib32:/usr/lib32"
| #define HAVE_LIBDL 1
| #define HAVE_DLERROR 1
| #define HAVE_LIBDLLOADER 1
| #define HAVE_ARGZ_H 1
| #define HAVE_ERROR_T 1
| #define HAVE_ARGZ_ADD 1
| #define HAVE_ARGZ_APPEND 1
| #define HAVE_ARGZ_COUNT 1
| #define HAVE_ARGZ_CREATE_SEP 1
| #define HAVE_ARGZ_INSERT 1
| #define HAVE_ARGZ_NEXT 1
| #define HAVE_ARGZ_STRINGIFY 1
| #define HAVE_WORKING_ARGZ 1
| #define HAVE_PRELOADED_SYMBOLS 1
| #define HAVE_LTDL 1
| #define HAVE_UNISTD_H 1
| #define HAVE_DIRENT_H 1
| #define HAVE_CLOSEDIR 1
| #define HAVE_OPENDIR 1
| #define HAVE_READDIR 1
| /* end confdefs.h.  */
| /* Define strlcat to an innocuous variant, in case <limits.h> declares strlcat.
|    For example, HP-UX 11i <limits.h> declares gettimeofday.  */
| #define strlcat innocuous_strlcat
| 
| /* System header to define __stub macros and hopefully few prototypes,
|     which can conflict with char strlcat (); below.
|     Prefer <limits.h> to <assert.h> if __STDC__ is defined, since
|     <limits.h> exists even on freestanding compilers.  */
| 
| #ifdef __STDC__
| # include <limits.h>
| #else
| # include <assert.h>
| #endif
| 
| #undef strlcat
| 
| /* Override any GCC internal prototype to avoid an error.
|    Use char because int might match the return type of a GCC
|    builtin and then its argument prototype would still apply.  */
| #ifdef __cplusplus
| extern "C"
| #endif
| char strlcat ();
| /* The GNU C library defines this for functions which it implements
|     to always fail with ENOSYS.  Some functions are actually named
|     something starting with __ and the normal name is an alias.  */
| #if defined __stub_strlcat || defined __stub___strlcat
| choke me
| #endif
| 
| int
| main ()
| {
| return strlcat ();
|   ;
|   return 0;
| }
configure:13416: result: no
configure:13416: checking for strlcpy
configure:13416: gcc -o conftest -g -O2   conftest.c  >&5
/usr/bin/ld: /tmp/ccwsmPGZ.o: in function `main':
/home/rohin/Desktop/essent_sst/contribution/shubham/sst-elements/conftest.c:79: undefined reference to `strlcpy'
collect2: error: ld returned 1 exit status
configure:13416: $? = 1
configure: failed program was:
| /* confdefs.h */
| #define PACKAGE_NAME "SST Elements Library"
| #define PACKAGE_TARNAME "sst-elements-library"
| #define PACKAGE_VERSION "-dev"
| #define PACKAGE_STRING "SST Elements Library -dev"
| #define PACKAGE_BUGREPORT "sst@sandia.gov"
| #define PACKAGE_URL ""
| #define TIME_WITH_SYS_TIME 1
| #define STDC_HEADERS 1
| #define HAVE_SYS_TYPES_H 1
| #define HAVE_SYS_STAT_H 1
| #define HAVE_STDLIB_H 1
| #define HAVE_STRING_H 1
| #define HAVE_MEMORY_H 1
| #define HAVE_STRINGS_H 1
| #define HAVE_INTTYPES_H 1
| #define HAVE_STDINT_H 1
| #define HAVE_UNISTD_H 1
| #define HAVE_DLFCN_H 1
| #define LT_OBJDIR ".libs/"
| #define LT_MODULE_EXT ".so"
| #define LT_MODULE_PATH_VAR "LD_LIBRARY_PATH"
| #define LT_DLSEARCH_PATH "/lib:/usr/lib:/usr/lib/x86_64-linux-gnu/libfakeroot:/usr/local/lib/i386-linux-gnu:/lib/i386-linux-gnu:/usr/lib/i386-linux-gnu:/usr/local/lib/i686-linux-gnu:/lib/i686-linux-gnu:/usr/lib/i686-linux-gnu:/usr/local/lib:/usr/local/lib/x86_64-linux-gnu:/lib/x86_64-linux-gnu:/usr/lib/x86_64-linux-gnu:/lib32:/usr/lib32"
| #define HAVE_LIBDL 1
| #define HAVE_DLERROR 1
| #define HAVE_LIBDLLOADER 1
| #define HAVE_ARGZ_H 1
| #define HAVE_ERROR_T 1
| #define HAVE_ARGZ_ADD 1
| #define HAVE_ARGZ_APPEND 1
| #define HAVE_ARGZ_COUNT 1
| #define HAVE_ARGZ_CREATE_SEP 1
| #define HAVE_ARGZ_INSERT 1
| #define HAVE_ARGZ_NEXT 1
| #define HAVE_ARGZ_STRINGIFY 1
| #define HAVE_WORKING_ARGZ 1
| #define HAVE_PRELOADED_SYMBOLS 1
| #define HAVE_LTDL 1
| #define HAVE_UNISTD_H 1
| #define HAVE_DIRENT_H 1
| #define HAVE_CLOSEDIR 1
| #define HAVE_OPENDIR 1
| #define HAVE_READDIR 1
| /* end confdefs.h.  */
| /* Define strlcpy to an innocuous variant, in case <limits.h> declares strlcpy.
|    For example, HP-UX 11i <limits.h> declares gettimeofday.  */
| #define strlcpy innocuous_strlcpy
| 
| /* System header to define __stub macros and hopefully few prototypes,
|     which can conflict with char strlcpy (); below.
|     Prefer <limits.h> to <assert.h> if __STDC__ is defined, since
|     <limits.h> exists even on freestanding compilers.  */
| 
| #ifdef __STDC__
| # include <limits.h>
| #else
| # include <assert.h>
| #endif
| 
| #undef strlcpy
| 
| /* Override any GCC internal prototype to avoid an error.
|    Use char because int might match the return type of a GCC
|    builtin and then its argument prototype would still apply.  */
| #ifdef __cplusplus
| extern "C"
| #endif
| char strlcpy ();
| /* The GNU C library defines this for functions which it implements
|     to always fail with ENOSYS.  Some functions are actually named
|     something starting with __ and the normal name is an alias.  */
| #if defined __stub_strlcpy || defined __stub___strlcpy
| choke me
| #endif
| 
| int
| main ()
| {
| return strlcpy ();
|   ;
|   return 0;
| }
configure:13416: result: no
configure:13459: checking whether time.h and sys/time.h may both be included
configure:13486: result: yes
configure:13588: --with-sst-core check = good 1
configure:13595: --with-sst-core check = good 2
configure:13601: checking for sst-config
configure:13619: found /home/rohin/sst/local/sst-core/bin/sst-config
configure:13631: result: /home/rohin/sst/local/sst-core/bin/sst-config
configure:13640: checking for sst-config tool available
configure:13643: result: found /home/rohin/sst/local/sst-core/bin/sst-config
configure:13651: checking for sst-register
configure:13669: found /home/rohin/sst/local/sst-core/bin/sst-register
configure:13681: result: /home/rohin/sst/local/sst-core/bin/sst-register
configure:13690: checking for sst-register tool available
configure:13693: result: found /home/rohin/sst/local/sst-core/bin/sst-register
configure:13744: checking for Mac OSX
configure:13770: result: no
configure:13821: checking NVDIMM.h usability
configure:13821: g++ -c -g -O2  -std=c++1y -D__STDC_FORMAT_MACROS   -I/usr/include/python3.8 -I/usr/include/python3.8  -I/home/rohin/sst/local/sst-core/include/sst/core -I/home/rohin/sst/local/sst-core/include conftest.cpp >&5
conftest.cpp:81:10: fatal error: NVDIMM.h: No such file or directory
   81 | #include <NVDIMM.h>
      |          ^~~~~~~~~~
compilation terminated.
configure:13821: $? = 1
configure: failed program was:
| /* confdefs.h */
| #define PACKAGE_NAME "SST Elements Library"
| #define PACKAGE_TARNAME "sst-elements-library"
| #define PACKAGE_VERSION "-dev"
| #define PACKAGE_STRING "SST Elements Library -dev"
| #define PACKAGE_BUGREPORT "sst@sandia.gov"
| #define PACKAGE_URL ""
| #define TIME_WITH_SYS_TIME 1
| #define STDC_HEADERS 1
| #define HAVE_SYS_TYPES_H 1
| #define HAVE_SYS_STAT_H 1
| #define HAVE_STDLIB_H 1
| #define HAVE_STRING_H 1
| #define HAVE_MEMORY_H 1
| #define HAVE_STRINGS_H 1
| #define HAVE_INTTYPES_H 1
| #define HAVE_STDINT_H 1
| #define HAVE_UNISTD_H 1
| #define HAVE_DLFCN_H 1
| #define LT_OBJDIR ".libs/"
| #define LT_MODULE_EXT ".so"
| #define LT_MODULE_PATH_VAR "LD_LIBRARY_PATH"
| #define LT_DLSEARCH_PATH "/lib:/usr/lib:/usr/lib/x86_64-linux-gnu/libfakeroot:/usr/local/lib/i386-linux-gnu:/lib/i386-linux-gnu:/usr/lib/i386-linux-gnu:/usr/local/lib/i686-linux-gnu:/lib/i686-linux-gnu:/usr/lib/i686-linux-gnu:/usr/local/lib:/usr/local/lib/x86_64-linux-gnu:/lib/x86_64-linux-gnu:/usr/lib/x86_64-linux-gnu:/lib32:/usr/lib32"
| #define HAVE_LIBDL 1
| #define HAVE_DLERROR 1
| #define HAVE_LIBDLLOADER 1
| #define HAVE_ARGZ_H 1
| #define HAVE_ERROR_T 1
| #define HAVE_ARGZ_ADD 1
| #define HAVE_ARGZ_APPEND 1
| #define HAVE_ARGZ_COUNT 1
| #define HAVE_ARGZ_CREATE_SEP 1
| #define HAVE_ARGZ_INSERT 1
| #define HAVE_ARGZ_NEXT 1
| #define HAVE_ARGZ_STRINGIFY 1
| #define HAVE_WORKING_ARGZ 1
| #define HAVE_PRELOADED_SYMBOLS 1
| #define HAVE_LTDL 1
| #define HAVE_UNISTD_H 1
| #define HAVE_DIRENT_H 1
| #define HAVE_CLOSEDIR 1
| #define HAVE_OPENDIR 1
| #define HAVE_READDIR 1
| #define LT_LIBEXT "a"
| #define LT_LIBPREFIX "lib"
| #define TIME_WITH_SYS_TIME 1
| /* end confdefs.h.  */
| #include <stdio.h>
| #ifdef HAVE_SYS_TYPES_H
| # include <sys/types.h>
| #endif
| #ifdef HAVE_SYS_STAT_H
| # include <sys/stat.h>
| #endif
| #ifdef STDC_HEADERS
| # include <stdlib.h>
| # include <stddef.h>
| #else
| # ifdef HAVE_STDLIB_H
| #  include <stdlib.h>
| # endif
| #endif
| #ifdef HAVE_STRING_H
| # if !defined STDC_HEADERS && defined HAVE_MEMORY_H
| #  include <memory.h>
| # endif
| # include <string.h>
| #endif
| #ifdef HAVE_STRINGS_H
| # include <strings.h>
| #endif
| #ifdef HAVE_INTTYPES_H
| # include <inttypes.h>
| #endif
| #ifdef HAVE_STDINT_H
| # include <stdint.h>
| #endif
| #ifdef HAVE_UNISTD_H
| # include <unistd.h>
| #endif
| #include <NVDIMM.h>
configure:13821: result: no
configure:13821: checking NVDIMM.h presence
configure:13821: g++ -E   -I/usr/include/python3.8 -I/usr/include/python3.8  -I/home/rohin/sst/local/sst-core/include/sst/core -I/home/rohin/sst/local/sst-core/include conftest.cpp
conftest.cpp:48:10: fatal error: NVDIMM.h: No such file or directory
   48 | #include <NVDIMM.h>
      |          ^~~~~~~~~~
compilation terminated.
configure:13821: $? = 1
configure: failed program was:
| /* confdefs.h */
| #define PACKAGE_NAME "SST Elements Library"
| #define PACKAGE_TARNAME "sst-elements-library"
| #define PACKAGE_VERSION "-dev"
| #define PACKAGE_STRING "SST Elements Library -dev"
| #define PACKAGE_BUGREPORT "sst@sandia.gov"
| #define PACKAGE_URL ""
| #define TIME_WITH_SYS_TIME 1
| #define STDC_HEADERS 1
| #define HAVE_SYS_TYPES_H 1
| #define HAVE_SYS_STAT_H 1
| #define HAVE_STDLIB_H 1
| #define HAVE_STRING_H 1
| #define HAVE_MEMORY_H 1
| #define HAVE_STRINGS_H 1
| #define HAVE_INTTYPES_H 1
| #define HAVE_STDINT_H 1
| #define HAVE_UNISTD_H 1
| #define HAVE_DLFCN_H 1
| #define LT_OBJDIR ".libs/"
| #define LT_MODULE_EXT ".so"
| #define LT_MODULE_PATH_VAR "LD_LIBRARY_PATH"
| #define LT_DLSEARCH_PATH "/lib:/usr/lib:/usr/lib/x86_64-linux-gnu/libfakeroot:/usr/local/lib/i386-linux-gnu:/lib/i386-linux-gnu:/usr/lib/i386-linux-gnu:/usr/local/lib/i686-linux-gnu:/lib/i686-linux-gnu:/usr/lib/i686-linux-gnu:/usr/local/lib:/usr/local/lib/x86_64-linux-gnu:/lib/x86_64-linux-gnu:/usr/lib/x86_64-linux-gnu:/lib32:/usr/lib32"
| #define HAVE_LIBDL 1
| #define HAVE_DLERROR 1
| #define HAVE_LIBDLLOADER 1
| #define HAVE_ARGZ_H 1
| #define HAVE_ERROR_T 1
| #define HAVE_ARGZ_ADD 1
| #define HAVE_ARGZ_APPEND 1
| #define HAVE_ARGZ_COUNT 1
| #define HAVE_ARGZ_CREATE_SEP 1
| #define HAVE_ARGZ_INSERT 1
| #define HAVE_ARGZ_NEXT 1
| #define HAVE_ARGZ_STRINGIFY 1
| #define HAVE_WORKING_ARGZ 1
| #define HAVE_PRELOADED_SYMBOLS 1
| #define HAVE_LTDL 1
| #define HAVE_UNISTD_H 1
| #define HAVE_DIRENT_H 1
| #define HAVE_CLOSEDIR 1
| #define HAVE_OPENDIR 1
| #define HAVE_READDIR 1
| #define LT_LIBEXT "a"
| #define LT_LIBPREFIX "lib"
| #define TIME_WITH_SYS_TIME 1
| /* end confdefs.h.  */
| #include <NVDIMM.h>
configure:13821: result: no
configure:13821: checking for NVDIMM.h
configure:13821: result: no
configure:13833: checking for main in -lnvdsim
configure:13852: g++ -o conftest -g -O2  -std=c++1y -D__STDC_FORMAT_MACROS   -I/usr/include/python3.8 -I/usr/include/python3.8  -I/home/rohin/sst/local/sst-core/include/sst/core -I/home/rohin/sst/local/sst-core/include    -L/usr/lib/python3.8/config-3.8-x86_64-linux-gnu -L/usr/lib -lpython3.8 -lcrypt -lpthread -ldl  -lutil -lm -lm  conftest.cpp -lnvdsim     >&5
/usr/bin/ld: cannot find -lnvdsim
collect2: error: ld returned 1 exit status
configure:13852: $? = 1
configure: failed program was:
| /* confdefs.h */
| #define PACKAGE_NAME "SST Elements Library"
| #define PACKAGE_TARNAME "sst-elements-library"
| #define PACKAGE_VERSION "-dev"
| #define PACKAGE_STRING "SST Elements Library -dev"
| #define PACKAGE_BUGREPORT "sst@sandia.gov"
| #define PACKAGE_URL ""
| #define TIME_WITH_SYS_TIME 1
| #define STDC_HEADERS 1
| #define HAVE_SYS_TYPES_H 1
| #define HAVE_SYS_STAT_H 1
| #define HAVE_STDLIB_H 1
| #define HAVE_STRING_H 1
| #define HAVE_MEMORY_H 1
| #define HAVE_STRINGS_H 1
| #define HAVE_INTTYPES_H 1
| #define HAVE_STDINT_H 1
| #define HAVE_UNISTD_H 1
| #define HAVE_DLFCN_H 1
| #define LT_OBJDIR ".libs/"
| #define LT_MODULE_EXT ".so"
| #define LT_MODULE_PATH_VAR "LD_LIBRARY_PATH"
| #define LT_DLSEARCH_PATH "/lib:/usr/lib:/usr/lib/x86_64-linux-gnu/libfakeroot:/usr/local/lib/i386-linux-gnu:/lib/i386-linux-gnu:/usr/lib/i386-linux-gnu:/usr/local/lib/i686-linux-gnu:/lib/i686-linux-gnu:/usr/lib/i686-linux-gnu:/usr/local/lib:/usr/local/lib/x86_64-linux-gnu:/lib/x86_64-linux-gnu:/usr/lib/x86_64-linux-gnu:/lib32:/usr/lib32"
| #define HAVE_LIBDL 1
| #define HAVE_DLERROR 1
| #define HAVE_LIBDLLOADER 1
| #define HAVE_ARGZ_H 1
| #define HAVE_ERROR_T 1
| #define HAVE_ARGZ_ADD 1
| #define HAVE_ARGZ_APPEND 1
| #define HAVE_ARGZ_COUNT 1
| #define HAVE_ARGZ_CREATE_SEP 1
| #define HAVE_ARGZ_INSERT 1
| #define HAVE_ARGZ_NEXT 1
| #define HAVE_ARGZ_STRINGIFY 1
| #define HAVE_WORKING_ARGZ 1
| #define HAVE_PRELOADED_SYMBOLS 1
| #define HAVE_LTDL 1
| #define HAVE_UNISTD_H 1
| #define HAVE_DIRENT_H 1
| #define HAVE_CLOSEDIR 1
| #define HAVE_OPENDIR 1
| #define HAVE_READDIR 1
| #define LT_LIBEXT "a"
| #define LT_LIBPREFIX "lib"
| #define TIME_WITH_SYS_TIME 1
| /* end confdefs.h.  */
| 
| 
| int
| main ()
| {
| return main ();
|   ;
|   return 0;
| }
configure:13861: result: no
configure:13950: checking for pin.sh
configure:13984: result: no
configure:13991: checking for pin
configure:14009: found /home/rohin/Desktop/essent_sst/contribution/shubham/pin_tool/pin
configure:14022: result: /home/rohin/Desktop/essent_sst/contribution/shubham/pin_tool/pin
configure:14084: checking PIN Tool
configure:14086: result: yes
configure:14125: g++ -c -g -O2  -std=c++1y -D__STDC_FORMAT_MACROS   -I/usr/include/python3.8 -I/usr/include/python3.8  -I/home/rohin/sst/local/sst-core/include/sst/core -I/home/rohin/sst/local/sst-core/include conftest.cpp >&5
configure:14125: $? = 0
configure:14158: checking for for PR_SET_PTRACER
configure:14160: result: yes
configure:14177: checking for library containing shm_open
configure:14208: gcc -o conftest -g -O2    -I/usr/include/python3.8 -I/usr/include/python3.8  -I/home/rohin/sst/local/sst-core/include/sst/core -I/home/rohin/sst/local/sst-core/include    -L/usr/lib/python3.8/config-3.8-x86_64-linux-gnu -L/usr/lib -lpython3.8 -lcrypt -lpthread -ldl  -lutil -lm -lm  conftest.c    >&5
/usr/bin/ld: /tmp/cc5hnzZn.o: in function `main':
/home/rohin/Desktop/essent_sst/contribution/shubham/sst-elements/conftest.c:62: undefined reference to `shm_open'
collect2: error: ld returned 1 exit status
configure:14208: $? = 1
configure: failed program was:
| /* confdefs.h */
| #define PACKAGE_NAME "SST Elements Library"
| #define PACKAGE_TARNAME "sst-elements-library"
| #define PACKAGE_VERSION "-dev"
| #define PACKAGE_STRING "SST Elements Library -dev"
| #define PACKAGE_BUGREPORT "sst@sandia.gov"
| #define PACKAGE_URL ""
| #define TIME_WITH_SYS_TIME 1
| #define STDC_HEADERS 1
| #define HAVE_SYS_TYPES_H 1
| #define HAVE_SYS_STAT_H 1
| #define HAVE_STDLIB_H 1
| #define HAVE_STRING_H 1
| #define HAVE_MEMORY_H 1
| #define HAVE_STRINGS_H 1
| #define HAVE_INTTYPES_H 1
| #define HAVE_STDINT_H 1
| #define HAVE_UNISTD_H 1
| #define HAVE_DLFCN_H 1
| #define LT_OBJDIR ".libs/"
| #define LT_MODULE_EXT ".so"
| #define LT_MODULE_PATH_VAR "LD_LIBRARY_PATH"
| #define LT_DLSEARCH_PATH "/lib:/usr/lib:/usr/lib/x86_64-linux-gnu/libfakeroot:/usr/local/lib/i386-linux-gnu:/lib/i386-linux-gnu:/usr/lib/i386-linux-gnu:/usr/local/lib/i686-linux-gnu:/lib/i686-linux-gnu:/usr/lib/i686-linux-gnu:/usr/local/lib:/usr/local/lib/x86_64-linux-gnu:/lib/x86_64-linux-gnu:/usr/lib/x86_64-linux-gnu:/lib32:/usr/lib32"
| #define HAVE_LIBDL 1
| #define HAVE_DLERROR 1
| #define HAVE_LIBDLLOADER 1
| #define HAVE_ARGZ_H 1
| #define HAVE_ERROR_T 1
| #define HAVE_ARGZ_ADD 1
| #define HAVE_ARGZ_APPEND 1
| #define HAVE_ARGZ_COUNT 1
| #define HAVE_ARGZ_CREATE_SEP 1
| #define HAVE_ARGZ_INSERT 1
| #define HAVE_ARGZ_NEXT 1
| #define HAVE_ARGZ_STRINGIFY 1
| #define HAVE_WORKING_ARGZ 1
| #define HAVE_PRELOADED_SYMBOLS 1
| #define HAVE_LTDL 1
| #define HAVE_UNISTD_H 1
| #define HAVE_DIRENT_H 1
| #define HAVE_CLOSEDIR 1
| #define HAVE_OPENDIR 1
| #define HAVE_READDIR 1
| #define LT_LIBEXT "a"
| #define LT_LIBPREFIX "lib"
| #define TIME_WITH_SYS_TIME 1
| #define NVDIMMSIM_LIBDIR ""
| #define PINTOOL_EXECUTABLE "/home/rohin/Desktop/essent_sst/contribution/shubham/pin_tool/pin"
| #define HAVE_PINCRT 1
| /* end confdefs.h.  */
| 
| /* Override any GCC internal prototype to avoid an error.
|    Use char because int might match the return type of a GCC
|    builtin and then its argument prototype would still apply.  */
| #ifdef __cplusplus
| extern "C"
| #endif
| char shm_open ();
| int
| main ()
| {
| return shm_open ();
|   ;
|   return 0;
| }
configure:14208: gcc -o conftest -g -O2    -I/usr/include/python3.8 -I/usr/include/python3.8  -I/home/rohin/sst/local/sst-core/include/sst/core -I/home/rohin/sst/local/sst-core/include    -L/usr/lib/python3.8/config-3.8-x86_64-linux-gnu -L/usr/lib -lpython3.8 -lcrypt -lpthread -ldl  -lutil -lm -lm  conftest.c -lrt     >&5
configure:14208: $? = 0
configure:14225: result: -lrt
configure:14298: checking CUDA version is acceptable for SST
configure:14324: g++ -c -g -O2  -std=c++1y -D__STDC_FORMAT_MACROS   -I/usr/include/python3.8 -I/usr/include/python3.8  -I/home/rohin/sst/local/sst-core/include/sst/core -I/home/rohin/sst/local/sst-core/include conftest.cpp >&5
conftest.cpp:52:10: fatal error: cuda.h: No such file or directory
   52 | #include "cuda.h"
      |          ^~~~~~~~
compilation terminated.
configure:14324: $? = 1
configure: failed program was:
| /* confdefs.h */
| #define PACKAGE_NAME "SST Elements Library"
| #define PACKAGE_TARNAME "sst-elements-library"
| #define PACKAGE_VERSION "-dev"
| #define PACKAGE_STRING "SST Elements Library -dev"
| #define PACKAGE_BUGREPORT "sst@sandia.gov"
| #define PACKAGE_URL ""
| #define TIME_WITH_SYS_TIME 1
| #define STDC_HEADERS 1
| #define HAVE_SYS_TYPES_H 1
| #define HAVE_SYS_STAT_H 1
| #define HAVE_STDLIB_H 1
| #define HAVE_STRING_H 1
| #define HAVE_MEMORY_H 1
| #define HAVE_STRINGS_H 1
| #define HAVE_INTTYPES_H 1
| #define HAVE_STDINT_H 1
| #define HAVE_UNISTD_H 1
| #define HAVE_DLFCN_H 1
| #define LT_OBJDIR ".libs/"
| #define LT_MODULE_EXT ".so"
| #define LT_MODULE_PATH_VAR "LD_LIBRARY_PATH"
| #define LT_DLSEARCH_PATH "/lib:/usr/lib:/usr/lib/x86_64-linux-gnu/libfakeroot:/usr/local/lib/i386-linux-gnu:/lib/i386-linux-gnu:/usr/lib/i386-linux-gnu:/usr/local/lib/i686-linux-gnu:/lib/i686-linux-gnu:/usr/lib/i686-linux-gnu:/usr/local/lib:/usr/local/lib/x86_64-linux-gnu:/lib/x86_64-linux-gnu:/usr/lib/x86_64-linux-gnu:/lib32:/usr/lib32"
| #define HAVE_LIBDL 1
| #define HAVE_DLERROR 1
| #define HAVE_LIBDLLOADER 1
| #define HAVE_ARGZ_H 1
| #define HAVE_ERROR_T 1
| #define HAVE_ARGZ_ADD 1
| #define HAVE_ARGZ_APPEND 1
| #define HAVE_ARGZ_COUNT 1
| #define HAVE_ARGZ_CREATE_SEP 1
| #define HAVE_ARGZ_INSERT 1
| #define HAVE_ARGZ_NEXT 1
| #define HAVE_ARGZ_STRINGIFY 1
| #define HAVE_WORKING_ARGZ 1
| #define HAVE_PRELOADED_SYMBOLS 1
| #define HAVE_LTDL 1
| #define HAVE_UNISTD_H 1
| #define HAVE_DIRENT_H 1
| #define HAVE_CLOSEDIR 1
| #define HAVE_OPENDIR 1
| #define HAVE_READDIR 1
| #define LT_LIBEXT "a"
| #define LT_LIBPREFIX "lib"
| #define TIME_WITH_SYS_TIME 1
| #define NVDIMMSIM_LIBDIR ""
| #define PINTOOL_EXECUTABLE "/home/rohin/Desktop/essent_sst/contribution/shubham/pin_tool/pin"
| #define HAVE_PINCRT 1
| #define HAVE_SHM 1
| /* end confdefs.h.  */
| #include "cuda.h"
| int
| main ()
| {
| 
|                      #if CUDA_VERSION >= 8000
|                      // Version is fine
|                      #else
|                      #  error CUDA version is too old
|                      #endif
| 
|   ;
|   return 0;
| }
| 
configure:14329: result: no
configure:14422: checking zlib.h usability
configure:14422: g++ -c -g -O2  -std=c++1y -D__STDC_FORMAT_MACROS   -I/usr/include/python3.8 -I/usr/include/python3.8  -I/home/rohin/sst/local/sst-core/include/sst/core -I/home/rohin/sst/local/sst-core/include conftest.cpp >&5
configure:14422: $? = 0
configure:14422: result: yes
configure:14422: checking zlib.h presence
configure:14422: g++ -E   -I/usr/include/python3.8 -I/usr/include/python3.8  -I/home/rohin/sst/local/sst-core/include/sst/core -I/home/rohin/sst/local/sst-core/include conftest.cpp
configure:14422: $? = 0
configure:14422: result: yes
configure:14422: checking for zlib.h
configure:14422: result: yes
configure:14437: checking for gzopen in -lz
configure:14462: gcc -o conftest -g -O2    -I/usr/include/python3.8 -I/usr/include/python3.8  -I/home/rohin/sst/local/sst-core/include/sst/core -I/home/rohin/sst/local/sst-core/include    -L/usr/lib/python3.8/config-3.8-x86_64-linux-gnu -L/usr/lib -lpython3.8 -lcrypt -lpthread -ldl  -lutil -lm -lm  conftest.c -lz     >&5
configure:14462: $? = 0
configure:14471: result: yes
configure:14500: checking for libz compression library
configure:14502: result: yes
configure:14582: checking for otf2-config
configure:14615: result: no
configure:14647: checking for OTF-2 library
configure:14649: result: no
configure:14757: checking Gem5Wrapper.h usability
configure:14757: g++ -c -g -O2  -std=c++1y -D__STDC_FORMAT_MACROS   -I/usr/include/python3.8 -I/usr/include/python3.8  -I/home/rohin/sst/local/sst-core/include/sst/core -I/home/rohin/sst/local/sst-core/include conftest.cpp >&5
conftest.cpp:86:10: fatal error: Gem5Wrapper.h: No such file or directory
   86 | #include <Gem5Wrapper.h>
      |          ^~~~~~~~~~~~~~~
compilation terminated.
configure:14757: $? = 1
configure: failed program was:
| /* confdefs.h */
| #define PACKAGE_NAME "SST Elements Library"
| #define PACKAGE_TARNAME "sst-elements-library"
| #define PACKAGE_VERSION "-dev"
| #define PACKAGE_STRING "SST Elements Library -dev"
| #define PACKAGE_BUGREPORT "sst@sandia.gov"
| #define PACKAGE_URL ""
| #define TIME_WITH_SYS_TIME 1
| #define STDC_HEADERS 1
| #define HAVE_SYS_TYPES_H 1
| #define HAVE_SYS_STAT_H 1
| #define HAVE_STDLIB_H 1
| #define HAVE_STRING_H 1
| #define HAVE_MEMORY_H 1
| #define HAVE_STRINGS_H 1
| #define HAVE_INTTYPES_H 1
| #define HAVE_STDINT_H 1
| #define HAVE_UNISTD_H 1
| #define HAVE_DLFCN_H 1
| #define LT_OBJDIR ".libs/"
| #define LT_MODULE_EXT ".so"
| #define LT_MODULE_PATH_VAR "LD_LIBRARY_PATH"
| #define LT_DLSEARCH_PATH "/lib:/usr/lib:/usr/lib/x86_64-linux-gnu/libfakeroot:/usr/local/lib/i386-linux-gnu:/lib/i386-linux-gnu:/usr/lib/i386-linux-gnu:/usr/local/lib/i686-linux-gnu:/lib/i686-linux-gnu:/usr/lib/i686-linux-gnu:/usr/local/lib:/usr/local/lib/x86_64-linux-gnu:/lib/x86_64-linux-gnu:/usr/lib/x86_64-linux-gnu:/lib32:/usr/lib32"
| #define HAVE_LIBDL 1
| #define HAVE_DLERROR 1
| #define HAVE_LIBDLLOADER 1
| #define HAVE_ARGZ_H 1
| #define HAVE_ERROR_T 1
| #define HAVE_ARGZ_ADD 1
| #define HAVE_ARGZ_APPEND 1
| #define HAVE_ARGZ_COUNT 1
| #define HAVE_ARGZ_CREATE_SEP 1
| #define HAVE_ARGZ_INSERT 1
| #define HAVE_ARGZ_NEXT 1
| #define HAVE_ARGZ_STRINGIFY 1
| #define HAVE_WORKING_ARGZ 1
| #define HAVE_PRELOADED_SYMBOLS 1
| #define HAVE_LTDL 1
| #define HAVE_UNISTD_H 1
| #define HAVE_DIRENT_H 1
| #define HAVE_CLOSEDIR 1
| #define HAVE_OPENDIR 1
| #define HAVE_READDIR 1
| #define LT_LIBEXT "a"
| #define LT_LIBPREFIX "lib"
| #define TIME_WITH_SYS_TIME 1
| #define NVDIMMSIM_LIBDIR ""
| #define PINTOOL_EXECUTABLE "/home/rohin/Desktop/essent_sst/contribution/shubham/pin_tool/pin"
| #define HAVE_PINCRT 1
| #define HAVE_SHM 1
| #define HAVE_LIBZ 1
| /* end confdefs.h.  */
| #include <stdio.h>
| #ifdef HAVE_SYS_TYPES_H
| # include <sys/types.h>
| #endif
| #ifdef HAVE_SYS_STAT_H
| # include <sys/stat.h>
| #endif
| #ifdef STDC_HEADERS
| # include <stdlib.h>
| # include <stddef.h>
| #else
| # ifdef HAVE_STDLIB_H
| #  include <stdlib.h>
| # endif
| #endif
| #ifdef HAVE_STRING_H
| # if !defined STDC_HEADERS && defined HAVE_MEMORY_H
| #  include <memory.h>
| # endif
| # include <string.h>
| #endif
| #ifdef HAVE_STRINGS_H
| # include <strings.h>
| #endif
| #ifdef HAVE_INTTYPES_H
| # include <inttypes.h>
| #endif
| #ifdef HAVE_STDINT_H
| # include <stdint.h>
| #endif
| #ifdef HAVE_UNISTD_H
| # include <unistd.h>
| #endif
| #include <Gem5Wrapper.h>
configure:14757: result: no
configure:14757: checking Gem5Wrapper.h presence
configure:14757: g++ -E   -I/usr/include/python3.8 -I/usr/include/python3.8  -I/home/rohin/sst/local/sst-core/include/sst/core -I/home/rohin/sst/local/sst-core/include conftest.cpp
conftest.cpp:53:10: fatal error: Gem5Wrapper.h: No such file or directory
   53 | #include <Gem5Wrapper.h>
      |          ^~~~~~~~~~~~~~~
compilation terminated.
configure:14757: $? = 1
configure: failed program was:
| /* confdefs.h */
| #define PACKAGE_NAME "SST Elements Library"
| #define PACKAGE_TARNAME "sst-elements-library"
| #define PACKAGE_VERSION "-dev"
| #define PACKAGE_STRING "SST Elements Library -dev"
| #define PACKAGE_BUGREPORT "sst@sandia.gov"
| #define PACKAGE_URL ""
| #define TIME_WITH_SYS_TIME 1
| #define STDC_HEADERS 1
| #define HAVE_SYS_TYPES_H 1
| #define HAVE_SYS_STAT_H 1
| #define HAVE_STDLIB_H 1
| #define HAVE_STRING_H 1
| #define HAVE_MEMORY_H 1
| #define HAVE_STRINGS_H 1
| #define HAVE_INTTYPES_H 1
| #define HAVE_STDINT_H 1
| #define HAVE_UNISTD_H 1
| #define HAVE_DLFCN_H 1
| #define LT_OBJDIR ".libs/"
| #define LT_MODULE_EXT ".so"
| #define LT_MODULE_PATH_VAR "LD_LIBRARY_PATH"
| #define LT_DLSEARCH_PATH "/lib:/usr/lib:/usr/lib/x86_64-linux-gnu/libfakeroot:/usr/local/lib/i386-linux-gnu:/lib/i386-linux-gnu:/usr/lib/i386-linux-gnu:/usr/local/lib/i686-linux-gnu:/lib/i686-linux-gnu:/usr/lib/i686-linux-gnu:/usr/local/lib:/usr/local/lib/x86_64-linux-gnu:/lib/x86_64-linux-gnu:/usr/lib/x86_64-linux-gnu:/lib32:/usr/lib32"
| #define HAVE_LIBDL 1
| #define HAVE_DLERROR 1
| #define HAVE_LIBDLLOADER 1
| #define HAVE_ARGZ_H 1
| #define HAVE_ERROR_T 1
| #define HAVE_ARGZ_ADD 1
| #define HAVE_ARGZ_APPEND 1
| #define HAVE_ARGZ_COUNT 1
| #define HAVE_ARGZ_CREATE_SEP 1
| #define HAVE_ARGZ_INSERT 1
| #define HAVE_ARGZ_NEXT 1
| #define HAVE_ARGZ_STRINGIFY 1
| #define HAVE_WORKING_ARGZ 1
| #define HAVE_PRELOADED_SYMBOLS 1
| #define HAVE_LTDL 1
| #define HAVE_UNISTD_H 1
| #define HAVE_DIRENT_H 1
| #define HAVE_CLOSEDIR 1
| #define HAVE_OPENDIR 1
| #define HAVE_READDIR 1
| #define LT_LIBEXT "a"
| #define LT_LIBPREFIX "lib"
| #define TIME_WITH_SYS_TIME 1
| #define NVDIMMSIM_LIBDIR ""
| #define PINTOOL_EXECUTABLE "/home/rohin/Desktop/essent_sst/contribution/shubham/pin_tool/pin"
| #define HAVE_PINCRT 1
| #define HAVE_SHM 1
| #define HAVE_LIBZ 1
| /* end confdefs.h.  */
| #include <Gem5Wrapper.h>
configure:14757: result: no
configure:14757: checking for Gem5Wrapper.h
configure:14757: result: no
configure:14769: checking for libramulator_is_present in -lramulator
configure:14794: g++ -o conftest -g -O2  -std=c++1y -D__STDC_FORMAT_MACROS   -I/usr/include/python3.8 -I/usr/include/python3.8  -I/home/rohin/sst/local/sst-core/include/sst/core -I/home/rohin/sst/local/sst-core/include    -L/usr/lib/python3.8/config-3.8-x86_64-linux-gnu -L/usr/lib -lpython3.8 -lcrypt -lpthread -ldl  -lutil -lm -lm  conftest.cpp -lramulator     >&5
/usr/bin/ld: cannot find -lramulator
collect2: error: ld returned 1 exit status
configure:14794: $? = 1
configure: failed program was:
| /* confdefs.h */
| #define PACKAGE_NAME "SST Elements Library"
| #define PACKAGE_TARNAME "sst-elements-library"
| #define PACKAGE_VERSION "-dev"
| #define PACKAGE_STRING "SST Elements Library -dev"
| #define PACKAGE_BUGREPORT "sst@sandia.gov"
| #define PACKAGE_URL ""
| #define TIME_WITH_SYS_TIME 1
| #define STDC_HEADERS 1
| #define HAVE_SYS_TYPES_H 1
| #define HAVE_SYS_STAT_H 1
| #define HAVE_STDLIB_H 1
| #define HAVE_STRING_H 1
| #define HAVE_MEMORY_H 1
| #define HAVE_STRINGS_H 1
| #define HAVE_INTTYPES_H 1
| #define HAVE_STDINT_H 1
| #define HAVE_UNISTD_H 1
| #define HAVE_DLFCN_H 1
| #define LT_OBJDIR ".libs/"
| #define LT_MODULE_EXT ".so"
| #define LT_MODULE_PATH_VAR "LD_LIBRARY_PATH"
| #define LT_DLSEARCH_PATH "/lib:/usr/lib:/usr/lib/x86_64-linux-gnu/libfakeroot:/usr/local/lib/i386-linux-gnu:/lib/i386-linux-gnu:/usr/lib/i386-linux-gnu:/usr/local/lib/i686-linux-gnu:/lib/i686-linux-gnu:/usr/lib/i686-linux-gnu:/usr/local/lib:/usr/local/lib/x86_64-linux-gnu:/lib/x86_64-linux-gnu:/usr/lib/x86_64-linux-gnu:/lib32:/usr/lib32"
| #define HAVE_LIBDL 1
| #define HAVE_DLERROR 1
| #define HAVE_LIBDLLOADER 1
| #define HAVE_ARGZ_H 1
| #define HAVE_ERROR_T 1
| #define HAVE_ARGZ_ADD 1
| #define HAVE_ARGZ_APPEND 1
| #define HAVE_ARGZ_COUNT 1
| #define HAVE_ARGZ_CREATE_SEP 1
| #define HAVE_ARGZ_INSERT 1
| #define HAVE_ARGZ_NEXT 1
| #define HAVE_ARGZ_STRINGIFY 1
| #define HAVE_WORKING_ARGZ 1
| #define HAVE_PRELOADED_SYMBOLS 1
| #define HAVE_LTDL 1
| #define HAVE_UNISTD_H 1
| #define HAVE_DIRENT_H 1
| #define HAVE_CLOSEDIR 1
| #define HAVE_OPENDIR 1
| #define HAVE_READDIR 1
| #define LT_LIBEXT "a"
| #define LT_LIBPREFIX "lib"
| #define TIME_WITH_SYS_TIME 1
| #define NVDIMMSIM_LIBDIR ""
| #define PINTOOL_EXECUTABLE "/home/rohin/Desktop/essent_sst/contribution/shubham/pin_tool/pin"
| #define HAVE_PINCRT 1
| #define HAVE_SHM 1
| #define HAVE_LIBZ 1
| /* end confdefs.h.  */
| 
| /* Override any GCC internal prototype to avoid an error.
|    Use char because int might match the return type of a GCC
|    builtin and then its argument prototype would still apply.  */
| #ifdef __cplusplus
| extern "C"
| #endif
| char libramulator_is_present ();
| int
| main ()
| {
| return libramulator_is_present ();
|   ;
|   return 0;
| }
configure:14803: result: no
configure:14888: checking DRAMSim.h usability
configure:14888: g++ -c -g -O2  -std=c++1y -D__STDC_FORMAT_MACROS   -I/usr/include/python3.8 -I/usr/include/python3.8  -I/home/rohin/sst/local/sst-core/include/sst/core -I/home/rohin/sst/local/sst-core/include conftest.cpp >&5
conftest.cpp:87:10: fatal error: DRAMSim.h: No such file or directory
   87 | #include <DRAMSim.h>
      |          ^~~~~~~~~~~
compilation terminated.
configure:14888: $? = 1
configure: failed program was:
| /* confdefs.h */
| #define PACKAGE_NAME "SST Elements Library"
| #define PACKAGE_TARNAME "sst-elements-library"
| #define PACKAGE_VERSION "-dev"
| #define PACKAGE_STRING "SST Elements Library -dev"
| #define PACKAGE_BUGREPORT "sst@sandia.gov"
| #define PACKAGE_URL ""
| #define TIME_WITH_SYS_TIME 1
| #define STDC_HEADERS 1
| #define HAVE_SYS_TYPES_H 1
| #define HAVE_SYS_STAT_H 1
| #define HAVE_STDLIB_H 1
| #define HAVE_STRING_H 1
| #define HAVE_MEMORY_H 1
| #define HAVE_STRINGS_H 1
| #define HAVE_INTTYPES_H 1
| #define HAVE_STDINT_H 1
| #define HAVE_UNISTD_H 1
| #define HAVE_DLFCN_H 1
| #define LT_OBJDIR ".libs/"
| #define LT_MODULE_EXT ".so"
| #define LT_MODULE_PATH_VAR "LD_LIBRARY_PATH"
| #define LT_DLSEARCH_PATH "/lib:/usr/lib:/usr/lib/x86_64-linux-gnu/libfakeroot:/usr/local/lib/i386-linux-gnu:/lib/i386-linux-gnu:/usr/lib/i386-linux-gnu:/usr/local/lib/i686-linux-gnu:/lib/i686-linux-gnu:/usr/lib/i686-linux-gnu:/usr/local/lib:/usr/local/lib/x86_64-linux-gnu:/lib/x86_64-linux-gnu:/usr/lib/x86_64-linux-gnu:/lib32:/usr/lib32"
| #define HAVE_LIBDL 1
| #define HAVE_DLERROR 1
| #define HAVE_LIBDLLOADER 1
| #define HAVE_ARGZ_H 1
| #define HAVE_ERROR_T 1
| #define HAVE_ARGZ_ADD 1
| #define HAVE_ARGZ_APPEND 1
| #define HAVE_ARGZ_COUNT 1
| #define HAVE_ARGZ_CREATE_SEP 1
| #define HAVE_ARGZ_INSERT 1
| #define HAVE_ARGZ_NEXT 1
| #define HAVE_ARGZ_STRINGIFY 1
| #define HAVE_WORKING_ARGZ 1
| #define HAVE_PRELOADED_SYMBOLS 1
| #define HAVE_LTDL 1
| #define HAVE_UNISTD_H 1
| #define HAVE_DIRENT_H 1
| #define HAVE_CLOSEDIR 1
| #define HAVE_OPENDIR 1
| #define HAVE_READDIR 1
| #define LT_LIBEXT "a"
| #define LT_LIBPREFIX "lib"
| #define TIME_WITH_SYS_TIME 1
| #define NVDIMMSIM_LIBDIR ""
| #define PINTOOL_EXECUTABLE "/home/rohin/Desktop/essent_sst/contribution/shubham/pin_tool/pin"
| #define HAVE_PINCRT 1
| #define HAVE_SHM 1
| #define HAVE_LIBZ 1
| #define RAMULATOR_LIBDIR ""
| /* end confdefs.h.  */
| #include <stdio.h>
| #ifdef HAVE_SYS_TYPES_H
| # include <sys/types.h>
| #endif
| #ifdef HAVE_SYS_STAT_H
| # include <sys/stat.h>
| #endif
| #ifdef STDC_HEADERS
| # include <stdlib.h>
| # include <stddef.h>
| #else
| # ifdef HAVE_STDLIB_H
| #  include <stdlib.h>
| # endif
| #endif
| #ifdef HAVE_STRING_H
| # if !defined STDC_HEADERS && defined HAVE_MEMORY_H
| #  include <memory.h>
| # endif
| # include <string.h>
| #endif
| #ifdef HAVE_STRINGS_H
| # include <strings.h>
| #endif
| #ifdef HAVE_INTTYPES_H
| # include <inttypes.h>
| #endif
| #ifdef HAVE_STDINT_H
| # include <stdint.h>
| #endif
| #ifdef HAVE_UNISTD_H
| # include <unistd.h>
| #endif
| #include <DRAMSim.h>
configure:14888: result: no
configure:14888: checking DRAMSim.h presence
configure:14888: g++ -E   -I/usr/include/python3.8 -I/usr/include/python3.8  -I/home/rohin/sst/local/sst-core/include/sst/core -I/home/rohin/sst/local/sst-core/include conftest.cpp
conftest.cpp:54:10: fatal error: DRAMSim.h: No such file or directory
   54 | #include <DRAMSim.h>
      |          ^~~~~~~~~~~
compilation terminated.
configure:14888: $? = 1
configure: failed program was:
| /* confdefs.h */
| #define PACKAGE_NAME "SST Elements Library"
| #define PACKAGE_TARNAME "sst-elements-library"
| #define PACKAGE_VERSION "-dev"
| #define PACKAGE_STRING "SST Elements Library -dev"
| #define PACKAGE_BUGREPORT "sst@sandia.gov"
| #define PACKAGE_URL ""
| #define TIME_WITH_SYS_TIME 1
| #define STDC_HEADERS 1
| #define HAVE_SYS_TYPES_H 1
| #define HAVE_SYS_STAT_H 1
| #define HAVE_STDLIB_H 1
| #define HAVE_STRING_H 1
| #define HAVE_MEMORY_H 1
| #define HAVE_STRINGS_H 1
| #define HAVE_INTTYPES_H 1
| #define HAVE_STDINT_H 1
| #define HAVE_UNISTD_H 1
| #define HAVE_DLFCN_H 1
| #define LT_OBJDIR ".libs/"
| #define LT_MODULE_EXT ".so"
| #define LT_MODULE_PATH_VAR "LD_LIBRARY_PATH"
| #define LT_DLSEARCH_PATH "/lib:/usr/lib:/usr/lib/x86_64-linux-gnu/libfakeroot:/usr/local/lib/i386-linux-gnu:/lib/i386-linux-gnu:/usr/lib/i386-linux-gnu:/usr/local/lib/i686-linux-gnu:/lib/i686-linux-gnu:/usr/lib/i686-linux-gnu:/usr/local/lib:/usr/local/lib/x86_64-linux-gnu:/lib/x86_64-linux-gnu:/usr/lib/x86_64-linux-gnu:/lib32:/usr/lib32"
| #define HAVE_LIBDL 1
| #define HAVE_DLERROR 1
| #define HAVE_LIBDLLOADER 1
| #define HAVE_ARGZ_H 1
| #define HAVE_ERROR_T 1
| #define HAVE_ARGZ_ADD 1
| #define HAVE_ARGZ_APPEND 1
| #define HAVE_ARGZ_COUNT 1
| #define HAVE_ARGZ_CREATE_SEP 1
| #define HAVE_ARGZ_INSERT 1
| #define HAVE_ARGZ_NEXT 1
| #define HAVE_ARGZ_STRINGIFY 1
| #define HAVE_WORKING_ARGZ 1
| #define HAVE_PRELOADED_SYMBOLS 1
| #define HAVE_LTDL 1
| #define HAVE_UNISTD_H 1
| #define HAVE_DIRENT_H 1
| #define HAVE_CLOSEDIR 1
| #define HAVE_OPENDIR 1
| #define HAVE_READDIR 1
| #define LT_LIBEXT "a"
| #define LT_LIBPREFIX "lib"
| #define TIME_WITH_SYS_TIME 1
| #define NVDIMMSIM_LIBDIR ""
| #define PINTOOL_EXECUTABLE "/home/rohin/Desktop/essent_sst/contribution/shubham/pin_tool/pin"
| #define HAVE_PINCRT 1
| #define HAVE_SHM 1
| #define HAVE_LIBZ 1
| #define RAMULATOR_LIBDIR ""
| /* end confdefs.h.  */
| #include <DRAMSim.h>
configure:14888: result: no
configure:14888: checking for DRAMSim.h
configure:14888: result: no
configure:14900: checking for libdramsim_is_present in -ldramsim
configure:14925: g++ -o conftest -g -O2  -std=c++1y -D__STDC_FORMAT_MACROS   -I/usr/include/python3.8 -I/usr/include/python3.8  -I/home/rohin/sst/local/sst-core/include/sst/core -I/home/rohin/sst/local/sst-core/include    -L/usr/lib/python3.8/config-3.8-x86_64-linux-gnu -L/usr/lib -lpython3.8 -lcrypt -lpthread -ldl  -lutil -lm -lm  conftest.cpp -ldramsim     >&5
/usr/bin/ld: cannot find -ldramsim
collect2: error: ld returned 1 exit status
configure:14925: $? = 1
configure: failed program was:
| /* confdefs.h */
| #define PACKAGE_NAME "SST Elements Library"
| #define PACKAGE_TARNAME "sst-elements-library"
| #define PACKAGE_VERSION "-dev"
| #define PACKAGE_STRING "SST Elements Library -dev"
| #define PACKAGE_BUGREPORT "sst@sandia.gov"
| #define PACKAGE_URL ""
| #define TIME_WITH_SYS_TIME 1
| #define STDC_HEADERS 1
| #define HAVE_SYS_TYPES_H 1
| #define HAVE_SYS_STAT_H 1
| #define HAVE_STDLIB_H 1
| #define HAVE_STRING_H 1
| #define HAVE_MEMORY_H 1
| #define HAVE_STRINGS_H 1
| #define HAVE_INTTYPES_H 1
| #define HAVE_STDINT_H 1
| #define HAVE_UNISTD_H 1
| #define HAVE_DLFCN_H 1
| #define LT_OBJDIR ".libs/"
| #define LT_MODULE_EXT ".so"
| #define LT_MODULE_PATH_VAR "LD_LIBRARY_PATH"
| #define LT_DLSEARCH_PATH "/lib:/usr/lib:/usr/lib/x86_64-linux-gnu/libfakeroot:/usr/local/lib/i386-linux-gnu:/lib/i386-linux-gnu:/usr/lib/i386-linux-gnu:/usr/local/lib/i686-linux-gnu:/lib/i686-linux-gnu:/usr/lib/i686-linux-gnu:/usr/local/lib:/usr/local/lib/x86_64-linux-gnu:/lib/x86_64-linux-gnu:/usr/lib/x86_64-linux-gnu:/lib32:/usr/lib32"
| #define HAVE_LIBDL 1
| #define HAVE_DLERROR 1
| #define HAVE_LIBDLLOADER 1
| #define HAVE_ARGZ_H 1
| #define HAVE_ERROR_T 1
| #define HAVE_ARGZ_ADD 1
| #define HAVE_ARGZ_APPEND 1
| #define HAVE_ARGZ_COUNT 1
| #define HAVE_ARGZ_CREATE_SEP 1
| #define HAVE_ARGZ_INSERT 1
| #define HAVE_ARGZ_NEXT 1
| #define HAVE_ARGZ_STRINGIFY 1
| #define HAVE_WORKING_ARGZ 1
| #define HAVE_PRELOADED_SYMBOLS 1
| #define HAVE_LTDL 1
| #define HAVE_UNISTD_H 1
| #define HAVE_DIRENT_H 1
| #define HAVE_CLOSEDIR 1
| #define HAVE_OPENDIR 1
| #define HAVE_READDIR 1
| #define LT_LIBEXT "a"
| #define LT_LIBPREFIX "lib"
| #define TIME_WITH_SYS_TIME 1
| #define NVDIMMSIM_LIBDIR ""
| #define PINTOOL_EXECUTABLE "/home/rohin/Desktop/essent_sst/contribution/shubham/pin_tool/pin"
| #define HAVE_PINCRT 1
| #define HAVE_SHM 1
| #define HAVE_LIBZ 1
| #define RAMULATOR_LIBDIR ""
| /* end confdefs.h.  */
| 
| /* Override any GCC internal prototype to avoid an error.
|    Use char because int might match the return type of a GCC
|    builtin and then its argument prototype would still apply.  */
| #ifdef __cplusplus
| extern "C"
| #endif
| char libdramsim_is_present ();
| int
| main ()
| {
| return libdramsim_is_present ();
|   ;
|   return 0;
| }
configure:14934: result: no
configure:15019: checking HBMDRAMSim.h usability
configure:15019: g++ -c -g -O2  -std=c++1y -D__STDC_FORMAT_MACROS   -I/usr/include/python3.8 -I/usr/include/python3.8  -I/home/rohin/sst/local/sst-core/include/sst/core -I/home/rohin/sst/local/sst-core/include conftest.cpp >&5
conftest.cpp:88:10: fatal error: HBMDRAMSim.h: No such file or directory
   88 | #include <HBMDRAMSim.h>
      |          ^~~~~~~~~~~~~~
compilation terminated.
configure:15019: $? = 1
configure: failed program was:
| /* confdefs.h */
| #define PACKAGE_NAME "SST Elements Library"
| #define PACKAGE_TARNAME "sst-elements-library"
| #define PACKAGE_VERSION "-dev"
| #define PACKAGE_STRING "SST Elements Library -dev"
| #define PACKAGE_BUGREPORT "sst@sandia.gov"
| #define PACKAGE_URL ""
| #define TIME_WITH_SYS_TIME 1
| #define STDC_HEADERS 1
| #define HAVE_SYS_TYPES_H 1
| #define HAVE_SYS_STAT_H 1
| #define HAVE_STDLIB_H 1
| #define HAVE_STRING_H 1
| #define HAVE_MEMORY_H 1
| #define HAVE_STRINGS_H 1
| #define HAVE_INTTYPES_H 1
| #define HAVE_STDINT_H 1
| #define HAVE_UNISTD_H 1
| #define HAVE_DLFCN_H 1
| #define LT_OBJDIR ".libs/"
| #define LT_MODULE_EXT ".so"
| #define LT_MODULE_PATH_VAR "LD_LIBRARY_PATH"
| #define LT_DLSEARCH_PATH "/lib:/usr/lib:/usr/lib/x86_64-linux-gnu/libfakeroot:/usr/local/lib/i386-linux-gnu:/lib/i386-linux-gnu:/usr/lib/i386-linux-gnu:/usr/local/lib/i686-linux-gnu:/lib/i686-linux-gnu:/usr/lib/i686-linux-gnu:/usr/local/lib:/usr/local/lib/x86_64-linux-gnu:/lib/x86_64-linux-gnu:/usr/lib/x86_64-linux-gnu:/lib32:/usr/lib32"
| #define HAVE_LIBDL 1
| #define HAVE_DLERROR 1
| #define HAVE_LIBDLLOADER 1
| #define HAVE_ARGZ_H 1
| #define HAVE_ERROR_T 1
| #define HAVE_ARGZ_ADD 1
| #define HAVE_ARGZ_APPEND 1
| #define HAVE_ARGZ_COUNT 1
| #define HAVE_ARGZ_CREATE_SEP 1
| #define HAVE_ARGZ_INSERT 1
| #define HAVE_ARGZ_NEXT 1
| #define HAVE_ARGZ_STRINGIFY 1
| #define HAVE_WORKING_ARGZ 1
| #define HAVE_PRELOADED_SYMBOLS 1
| #define HAVE_LTDL 1
| #define HAVE_UNISTD_H 1
| #define HAVE_DIRENT_H 1
| #define HAVE_CLOSEDIR 1
| #define HAVE_OPENDIR 1
| #define HAVE_READDIR 1
| #define LT_LIBEXT "a"
| #define LT_LIBPREFIX "lib"
| #define TIME_WITH_SYS_TIME 1
| #define NVDIMMSIM_LIBDIR ""
| #define PINTOOL_EXECUTABLE "/home/rohin/Desktop/essent_sst/contribution/shubham/pin_tool/pin"
| #define HAVE_PINCRT 1
| #define HAVE_SHM 1
| #define HAVE_LIBZ 1
| #define RAMULATOR_LIBDIR ""
| #define DRAMSIM_LIBDIR ""
| /* end confdefs.h.  */
| #include <stdio.h>
| #ifdef HAVE_SYS_TYPES_H
| # include <sys/types.h>
| #endif
| #ifdef HAVE_SYS_STAT_H
| # include <sys/stat.h>
| #endif
| #ifdef STDC_HEADERS
| # include <stdlib.h>
| # include <stddef.h>
| #else
| # ifdef HAVE_STDLIB_H
| #  include <stdlib.h>
| # endif
| #endif
| #ifdef HAVE_STRING_H
| # if !defined STDC_HEADERS && defined HAVE_MEMORY_H
| #  include <memory.h>
| # endif
| # include <string.h>
| #endif
| #ifdef HAVE_STRINGS_H
| # include <strings.h>
| #endif
| #ifdef HAVE_INTTYPES_H
| # include <inttypes.h>
| #endif
| #ifdef HAVE_STDINT_H
| # include <stdint.h>
| #endif
| #ifdef HAVE_UNISTD_H
| # include <unistd.h>
| #endif
| #include <HBMDRAMSim.h>
configure:15019: result: no
configure:15019: checking HBMDRAMSim.h presence
configure:15019: g++ -E   -I/usr/include/python3.8 -I/usr/include/python3.8  -I/home/rohin/sst/local/sst-core/include/sst/core -I/home/rohin/sst/local/sst-core/include conftest.cpp
conftest.cpp:55:10: fatal error: HBMDRAMSim.h: No such file or directory
   55 | #include <HBMDRAMSim.h>
      |          ^~~~~~~~~~~~~~
compilation terminated.
configure:15019: $? = 1
configure: failed program was:
| /* confdefs.h */
| #define PACKAGE_NAME "SST Elements Library"
| #define PACKAGE_TARNAME "sst-elements-library"
| #define PACKAGE_VERSION "-dev"
| #define PACKAGE_STRING "SST Elements Library -dev"
| #define PACKAGE_BUGREPORT "sst@sandia.gov"
| #define PACKAGE_URL ""
| #define TIME_WITH_SYS_TIME 1
| #define STDC_HEADERS 1
| #define HAVE_SYS_TYPES_H 1
| #define HAVE_SYS_STAT_H 1
| #define HAVE_STDLIB_H 1
| #define HAVE_STRING_H 1
| #define HAVE_MEMORY_H 1
| #define HAVE_STRINGS_H 1
| #define HAVE_INTTYPES_H 1
| #define HAVE_STDINT_H 1
| #define HAVE_UNISTD_H 1
| #define HAVE_DLFCN_H 1
| #define LT_OBJDIR ".libs/"
| #define LT_MODULE_EXT ".so"
| #define LT_MODULE_PATH_VAR "LD_LIBRARY_PATH"
| #define LT_DLSEARCH_PATH "/lib:/usr/lib:/usr/lib/x86_64-linux-gnu/libfakeroot:/usr/local/lib/i386-linux-gnu:/lib/i386-linux-gnu:/usr/lib/i386-linux-gnu:/usr/local/lib/i686-linux-gnu:/lib/i686-linux-gnu:/usr/lib/i686-linux-gnu:/usr/local/lib:/usr/local/lib/x86_64-linux-gnu:/lib/x86_64-linux-gnu:/usr/lib/x86_64-linux-gnu:/lib32:/usr/lib32"
| #define HAVE_LIBDL 1
| #define HAVE_DLERROR 1
| #define HAVE_LIBDLLOADER 1
| #define HAVE_ARGZ_H 1
| #define HAVE_ERROR_T 1
| #define HAVE_ARGZ_ADD 1
| #define HAVE_ARGZ_APPEND 1
| #define HAVE_ARGZ_COUNT 1
| #define HAVE_ARGZ_CREATE_SEP 1
| #define HAVE_ARGZ_INSERT 1
| #define HAVE_ARGZ_NEXT 1
| #define HAVE_ARGZ_STRINGIFY 1
| #define HAVE_WORKING_ARGZ 1
| #define HAVE_PRELOADED_SYMBOLS 1
| #define HAVE_LTDL 1
| #define HAVE_UNISTD_H 1
| #define HAVE_DIRENT_H 1
| #define HAVE_CLOSEDIR 1
| #define HAVE_OPENDIR 1
| #define HAVE_READDIR 1
| #define LT_LIBEXT "a"
| #define LT_LIBPREFIX "lib"
| #define TIME_WITH_SYS_TIME 1
| #define NVDIMMSIM_LIBDIR ""
| #define PINTOOL_EXECUTABLE "/home/rohin/Desktop/essent_sst/contribution/shubham/pin_tool/pin"
| #define HAVE_PINCRT 1
| #define HAVE_SHM 1
| #define HAVE_LIBZ 1
| #define RAMULATOR_LIBDIR ""
| #define DRAMSIM_LIBDIR ""
| /* end confdefs.h.  */
| #include <HBMDRAMSim.h>
configure:15019: result: no
configure:15019: checking for HBMDRAMSim.h
configure:15019: result: no
configure:15031: checking for libhbmdramsim_is_present in -lhbmdramsim
configure:15056: g++ -o conftest -g -O2  -std=c++1y -D__STDC_FORMAT_MACROS   -I/usr/include/python3.8 -I/usr/include/python3.8  -I/home/rohin/sst/local/sst-core/include/sst/core -I/home/rohin/sst/local/sst-core/include    -L/usr/lib/python3.8/config-3.8-x86_64-linux-gnu -L/usr/lib -lpython3.8 -lcrypt -lpthread -ldl  -lutil -lm -lm  conftest.cpp -lhbmdramsim     >&5
/usr/bin/ld: cannot find -lhbmdramsim
collect2: error: ld returned 1 exit status
configure:15056: $? = 1
configure: failed program was:
| /* confdefs.h */
| #define PACKAGE_NAME "SST Elements Library"
| #define PACKAGE_TARNAME "sst-elements-library"
| #define PACKAGE_VERSION "-dev"
| #define PACKAGE_STRING "SST Elements Library -dev"
| #define PACKAGE_BUGREPORT "sst@sandia.gov"
| #define PACKAGE_URL ""
| #define TIME_WITH_SYS_TIME 1
| #define STDC_HEADERS 1
| #define HAVE_SYS_TYPES_H 1
| #define HAVE_SYS_STAT_H 1
| #define HAVE_STDLIB_H 1
| #define HAVE_STRING_H 1
| #define HAVE_MEMORY_H 1
| #define HAVE_STRINGS_H 1
| #define HAVE_INTTYPES_H 1
| #define HAVE_STDINT_H 1
| #define HAVE_UNISTD_H 1
| #define HAVE_DLFCN_H 1
| #define LT_OBJDIR ".libs/"
| #define LT_MODULE_EXT ".so"
| #define LT_MODULE_PATH_VAR "LD_LIBRARY_PATH"
| #define LT_DLSEARCH_PATH "/lib:/usr/lib:/usr/lib/x86_64-linux-gnu/libfakeroot:/usr/local/lib/i386-linux-gnu:/lib/i386-linux-gnu:/usr/lib/i386-linux-gnu:/usr/local/lib/i686-linux-gnu:/lib/i686-linux-gnu:/usr/lib/i686-linux-gnu:/usr/local/lib:/usr/local/lib/x86_64-linux-gnu:/lib/x86_64-linux-gnu:/usr/lib/x86_64-linux-gnu:/lib32:/usr/lib32"
| #define HAVE_LIBDL 1
| #define HAVE_DLERROR 1
| #define HAVE_LIBDLLOADER 1
| #define HAVE_ARGZ_H 1
| #define HAVE_ERROR_T 1
| #define HAVE_ARGZ_ADD 1
| #define HAVE_ARGZ_APPEND 1
| #define HAVE_ARGZ_COUNT 1
| #define HAVE_ARGZ_CREATE_SEP 1
| #define HAVE_ARGZ_INSERT 1
| #define HAVE_ARGZ_NEXT 1
| #define HAVE_ARGZ_STRINGIFY 1
| #define HAVE_WORKING_ARGZ 1
| #define HAVE_PRELOADED_SYMBOLS 1
| #define HAVE_LTDL 1
| #define HAVE_UNISTD_H 1
| #define HAVE_DIRENT_H 1
| #define HAVE_CLOSEDIR 1
| #define HAVE_OPENDIR 1
| #define HAVE_READDIR 1
| #define LT_LIBEXT "a"
| #define LT_LIBPREFIX "lib"
| #define TIME_WITH_SYS_TIME 1
| #define NVDIMMSIM_LIBDIR ""
| #define PINTOOL_EXECUTABLE "/home/rohin/Desktop/essent_sst/contribution/shubham/pin_tool/pin"
| #define HAVE_PINCRT 1
| #define HAVE_SHM 1
| #define HAVE_LIBZ 1
| #define RAMULATOR_LIBDIR ""
| #define DRAMSIM_LIBDIR ""
| /* end confdefs.h.  */
| 
| /* Override any GCC internal prototype to avoid an error.
|    Use char because int might match the return type of a GCC
|    builtin and then its argument prototype would still apply.  */
| #ifdef __cplusplus
| extern "C"
| #endif
| char libhbmdramsim_is_present ();
| int
| main ()
| {
| return libhbmdramsim_is_present ();
|   ;
|   return 0;
| }
configure:15065: result: no
configure:15150: checking HybridSim.h usability
configure:15150: g++ -c -g -O2  -std=c++1y -D__STDC_FORMAT_MACROS   -I/usr/include/python3.8 -I/usr/include/python3.8  -I/home/rohin/sst/local/sst-core/include/sst/core -I/home/rohin/sst/local/sst-core/include conftest.cpp >&5
conftest.cpp:89:10: fatal error: HybridSim.h: No such file or directory
   89 | #include <HybridSim.h>
      |          ^~~~~~~~~~~~~
compilation terminated.
configure:15150: $? = 1
configure: failed program was:
| /* confdefs.h */
| #define PACKAGE_NAME "SST Elements Library"
| #define PACKAGE_TARNAME "sst-elements-library"
| #define PACKAGE_VERSION "-dev"
| #define PACKAGE_STRING "SST Elements Library -dev"
| #define PACKAGE_BUGREPORT "sst@sandia.gov"
| #define PACKAGE_URL ""
| #define TIME_WITH_SYS_TIME 1
| #define STDC_HEADERS 1
| #define HAVE_SYS_TYPES_H 1
| #define HAVE_SYS_STAT_H 1
| #define HAVE_STDLIB_H 1
| #define HAVE_STRING_H 1
| #define HAVE_MEMORY_H 1
| #define HAVE_STRINGS_H 1
| #define HAVE_INTTYPES_H 1
| #define HAVE_STDINT_H 1
| #define HAVE_UNISTD_H 1
| #define HAVE_DLFCN_H 1
| #define LT_OBJDIR ".libs/"
| #define LT_MODULE_EXT ".so"
| #define LT_MODULE_PATH_VAR "LD_LIBRARY_PATH"
| #define LT_DLSEARCH_PATH "/lib:/usr/lib:/usr/lib/x86_64-linux-gnu/libfakeroot:/usr/local/lib/i386-linux-gnu:/lib/i386-linux-gnu:/usr/lib/i386-linux-gnu:/usr/local/lib/i686-linux-gnu:/lib/i686-linux-gnu:/usr/lib/i686-linux-gnu:/usr/local/lib:/usr/local/lib/x86_64-linux-gnu:/lib/x86_64-linux-gnu:/usr/lib/x86_64-linux-gnu:/lib32:/usr/lib32"
| #define HAVE_LIBDL 1
| #define HAVE_DLERROR 1
| #define HAVE_LIBDLLOADER 1
| #define HAVE_ARGZ_H 1
| #define HAVE_ERROR_T 1
| #define HAVE_ARGZ_ADD 1
| #define HAVE_ARGZ_APPEND 1
| #define HAVE_ARGZ_COUNT 1
| #define HAVE_ARGZ_CREATE_SEP 1
| #define HAVE_ARGZ_INSERT 1
| #define HAVE_ARGZ_NEXT 1
| #define HAVE_ARGZ_STRINGIFY 1
| #define HAVE_WORKING_ARGZ 1
| #define HAVE_PRELOADED_SYMBOLS 1
| #define HAVE_LTDL 1
| #define HAVE_UNISTD_H 1
| #define HAVE_DIRENT_H 1
| #define HAVE_CLOSEDIR 1
| #define HAVE_OPENDIR 1
| #define HAVE_READDIR 1
| #define LT_LIBEXT "a"
| #define LT_LIBPREFIX "lib"
| #define TIME_WITH_SYS_TIME 1
| #define NVDIMMSIM_LIBDIR ""
| #define PINTOOL_EXECUTABLE "/home/rohin/Desktop/essent_sst/contribution/shubham/pin_tool/pin"
| #define HAVE_PINCRT 1
| #define HAVE_SHM 1
| #define HAVE_LIBZ 1
| #define RAMULATOR_LIBDIR ""
| #define DRAMSIM_LIBDIR ""
| #define HBMDRAMSIM_LIBDIR ""
| /* end confdefs.h.  */
| #include <stdio.h>
| #ifdef HAVE_SYS_TYPES_H
| # include <sys/types.h>
| #endif
| #ifdef HAVE_SYS_STAT_H
| # include <sys/stat.h>
| #endif
| #ifdef STDC_HEADERS
| # include <stdlib.h>
| # include <stddef.h>
| #else
| # ifdef HAVE_STDLIB_H
| #  include <stdlib.h>
| # endif
| #endif
| #ifdef HAVE_STRING_H
| # if !defined STDC_HEADERS && defined HAVE_MEMORY_H
| #  include <memory.h>
| # endif
| # include <string.h>
| #endif
| #ifdef HAVE_STRINGS_H
| # include <strings.h>
| #endif
| #ifdef HAVE_INTTYPES_H
| # include <inttypes.h>
| #endif
| #ifdef HAVE_STDINT_H
| # include <stdint.h>
| #endif
| #ifdef HAVE_UNISTD_H
| # include <unistd.h>
| #endif
| #include <HybridSim.h>
configure:15150: result: no
configure:15150: checking HybridSim.h presence
configure:15150: g++ -E   -I/usr/include/python3.8 -I/usr/include/python3.8  -I/home/rohin/sst/local/sst-core/include/sst/core -I/home/rohin/sst/local/sst-core/include conftest.cpp
conftest.cpp:56:10: fatal error: HybridSim.h: No such file or directory
   56 | #include <HybridSim.h>
      |          ^~~~~~~~~~~~~
compilation terminated.
configure:15150: $? = 1
configure: failed program was:
| /* confdefs.h */
| #define PACKAGE_NAME "SST Elements Library"
| #define PACKAGE_TARNAME "sst-elements-library"
| #define PACKAGE_VERSION "-dev"
| #define PACKAGE_STRING "SST Elements Library -dev"
| #define PACKAGE_BUGREPORT "sst@sandia.gov"
| #define PACKAGE_URL ""
| #define TIME_WITH_SYS_TIME 1
| #define STDC_HEADERS 1
| #define HAVE_SYS_TYPES_H 1
| #define HAVE_SYS_STAT_H 1
| #define HAVE_STDLIB_H 1
| #define HAVE_STRING_H 1
| #define HAVE_MEMORY_H 1
| #define HAVE_STRINGS_H 1
| #define HAVE_INTTYPES_H 1
| #define HAVE_STDINT_H 1
| #define HAVE_UNISTD_H 1
| #define HAVE_DLFCN_H 1
| #define LT_OBJDIR ".libs/"
| #define LT_MODULE_EXT ".so"
| #define LT_MODULE_PATH_VAR "LD_LIBRARY_PATH"
| #define LT_DLSEARCH_PATH "/lib:/usr/lib:/usr/lib/x86_64-linux-gnu/libfakeroot:/usr/local/lib/i386-linux-gnu:/lib/i386-linux-gnu:/usr/lib/i386-linux-gnu:/usr/local/lib/i686-linux-gnu:/lib/i686-linux-gnu:/usr/lib/i686-linux-gnu:/usr/local/lib:/usr/local/lib/x86_64-linux-gnu:/lib/x86_64-linux-gnu:/usr/lib/x86_64-linux-gnu:/lib32:/usr/lib32"
| #define HAVE_LIBDL 1
| #define HAVE_DLERROR 1
| #define HAVE_LIBDLLOADER 1
| #define HAVE_ARGZ_H 1
| #define HAVE_ERROR_T 1
| #define HAVE_ARGZ_ADD 1
| #define HAVE_ARGZ_APPEND 1
| #define HAVE_ARGZ_COUNT 1
| #define HAVE_ARGZ_CREATE_SEP 1
| #define HAVE_ARGZ_INSERT 1
| #define HAVE_ARGZ_NEXT 1
| #define HAVE_ARGZ_STRINGIFY 1
| #define HAVE_WORKING_ARGZ 1
| #define HAVE_PRELOADED_SYMBOLS 1
| #define HAVE_LTDL 1
| #define HAVE_UNISTD_H 1
| #define HAVE_DIRENT_H 1
| #define HAVE_CLOSEDIR 1
| #define HAVE_OPENDIR 1
| #define HAVE_READDIR 1
| #define LT_LIBEXT "a"
| #define LT_LIBPREFIX "lib"
| #define TIME_WITH_SYS_TIME 1
| #define NVDIMMSIM_LIBDIR ""
| #define PINTOOL_EXECUTABLE "/home/rohin/Desktop/essent_sst/contribution/shubham/pin_tool/pin"
| #define HAVE_PINCRT 1
| #define HAVE_SHM 1
| #define HAVE_LIBZ 1
| #define RAMULATOR_LIBDIR ""
| #define DRAMSIM_LIBDIR ""
| #define HBMDRAMSIM_LIBDIR ""
| /* end confdefs.h.  */
| #include <HybridSim.h>
configure:15150: result: no
configure:15150: checking for HybridSim.h
configure:15150: result: no
configure:15162: checking for libhybridsim_is_present in -lhybridsim
configure:15187: g++ -o conftest -g -O2  -std=c++1y -D__STDC_FORMAT_MACROS   -I/usr/include/python3.8 -I/usr/include/python3.8  -I/home/rohin/sst/local/sst-core/include/sst/core -I/home/rohin/sst/local/sst-core/include    -L/usr/lib/python3.8/config-3.8-x86_64-linux-gnu -L/usr/lib -lpython3.8 -lcrypt -lpthread -ldl  -lutil -lm -lm  conftest.cpp -lhybridsim     >&5
/usr/bin/ld: cannot find -lhybridsim
collect2: error: ld returned 1 exit status
configure:15187: $? = 1
configure: failed program was:
| /* confdefs.h */
| #define PACKAGE_NAME "SST Elements Library"
| #define PACKAGE_TARNAME "sst-elements-library"
| #define PACKAGE_VERSION "-dev"
| #define PACKAGE_STRING "SST Elements Library -dev"
| #define PACKAGE_BUGREPORT "sst@sandia.gov"
| #define PACKAGE_URL ""
| #define TIME_WITH_SYS_TIME 1
| #define STDC_HEADERS 1
| #define HAVE_SYS_TYPES_H 1
| #define HAVE_SYS_STAT_H 1
| #define HAVE_STDLIB_H 1
| #define HAVE_STRING_H 1
| #define HAVE_MEMORY_H 1
| #define HAVE_STRINGS_H 1
| #define HAVE_INTTYPES_H 1
| #define HAVE_STDINT_H 1
| #define HAVE_UNISTD_H 1
| #define HAVE_DLFCN_H 1
| #define LT_OBJDIR ".libs/"
| #define LT_MODULE_EXT ".so"
| #define LT_MODULE_PATH_VAR "LD_LIBRARY_PATH"
| #define LT_DLSEARCH_PATH "/lib:/usr/lib:/usr/lib/x86_64-linux-gnu/libfakeroot:/usr/local/lib/i386-linux-gnu:/lib/i386-linux-gnu:/usr/lib/i386-linux-gnu:/usr/local/lib/i686-linux-gnu:/lib/i686-linux-gnu:/usr/lib/i686-linux-gnu:/usr/local/lib:/usr/local/lib/x86_64-linux-gnu:/lib/x86_64-linux-gnu:/usr/lib/x86_64-linux-gnu:/lib32:/usr/lib32"
| #define HAVE_LIBDL 1
| #define HAVE_DLERROR 1
| #define HAVE_LIBDLLOADER 1
| #define HAVE_ARGZ_H 1
| #define HAVE_ERROR_T 1
| #define HAVE_ARGZ_ADD 1
| #define HAVE_ARGZ_APPEND 1
| #define HAVE_ARGZ_COUNT 1
| #define HAVE_ARGZ_CREATE_SEP 1
| #define HAVE_ARGZ_INSERT 1
| #define HAVE_ARGZ_NEXT 1
| #define HAVE_ARGZ_STRINGIFY 1
| #define HAVE_WORKING_ARGZ 1
| #define HAVE_PRELOADED_SYMBOLS 1
| #define HAVE_LTDL 1
| #define HAVE_UNISTD_H 1
| #define HAVE_DIRENT_H 1
| #define HAVE_CLOSEDIR 1
| #define HAVE_OPENDIR 1
| #define HAVE_READDIR 1
| #define LT_LIBEXT "a"
| #define LT_LIBPREFIX "lib"
| #define TIME_WITH_SYS_TIME 1
| #define NVDIMMSIM_LIBDIR ""
| #define PINTOOL_EXECUTABLE "/home/rohin/Desktop/essent_sst/contribution/shubham/pin_tool/pin"
| #define HAVE_PINCRT 1
| #define HAVE_SHM 1
| #define HAVE_LIBZ 1
| #define RAMULATOR_LIBDIR ""
| #define DRAMSIM_LIBDIR ""
| #define HBMDRAMSIM_LIBDIR ""
| /* end confdefs.h.  */
| 
| /* Override any GCC internal prototype to avoid an error.
|    Use char because int might match the return type of a GCC
|    builtin and then its argument prototype would still apply.  */
| #ifdef __cplusplus
| extern "C"
| #endif
| char libhybridsim_is_present ();
| int
| main ()
| {
| return libhybridsim_is_present ();
|   ;
|   return 0;
| }
configure:15196: result: no
configure:15300: checking hmc_sim.h usability
configure:15300: g++ -c -g -O2  -std=c++1y -D__STDC_FORMAT_MACROS   -I/usr/include/python3.8 -I/usr/include/python3.8  -I/home/rohin/sst/local/sst-core/include/sst/core -I/home/rohin/sst/local/sst-core/include conftest.cpp >&5
conftest.cpp:90:10: fatal error: hmc_sim.h: No such file or directory
   90 | #include <hmc_sim.h>
      |          ^~~~~~~~~~~
compilation terminated.
configure:15300: $? = 1
configure: failed program was:
| /* confdefs.h */
| #define PACKAGE_NAME "SST Elements Library"
| #define PACKAGE_TARNAME "sst-elements-library"
| #define PACKAGE_VERSION "-dev"
| #define PACKAGE_STRING "SST Elements Library -dev"
| #define PACKAGE_BUGREPORT "sst@sandia.gov"
| #define PACKAGE_URL ""
| #define TIME_WITH_SYS_TIME 1
| #define STDC_HEADERS 1
| #define HAVE_SYS_TYPES_H 1
| #define HAVE_SYS_STAT_H 1
| #define HAVE_STDLIB_H 1
| #define HAVE_STRING_H 1
| #define HAVE_MEMORY_H 1
| #define HAVE_STRINGS_H 1
| #define HAVE_INTTYPES_H 1
| #define HAVE_STDINT_H 1
| #define HAVE_UNISTD_H 1
| #define HAVE_DLFCN_H 1
| #define LT_OBJDIR ".libs/"
| #define LT_MODULE_EXT ".so"
| #define LT_MODULE_PATH_VAR "LD_LIBRARY_PATH"
| #define LT_DLSEARCH_PATH "/lib:/usr/lib:/usr/lib/x86_64-linux-gnu/libfakeroot:/usr/local/lib/i386-linux-gnu:/lib/i386-linux-gnu:/usr/lib/i386-linux-gnu:/usr/local/lib/i686-linux-gnu:/lib/i686-linux-gnu:/usr/lib/i686-linux-gnu:/usr/local/lib:/usr/local/lib/x86_64-linux-gnu:/lib/x86_64-linux-gnu:/usr/lib/x86_64-linux-gnu:/lib32:/usr/lib32"
| #define HAVE_LIBDL 1
| #define HAVE_DLERROR 1
| #define HAVE_LIBDLLOADER 1
| #define HAVE_ARGZ_H 1
| #define HAVE_ERROR_T 1
| #define HAVE_ARGZ_ADD 1
| #define HAVE_ARGZ_APPEND 1
| #define HAVE_ARGZ_COUNT 1
| #define HAVE_ARGZ_CREATE_SEP 1
| #define HAVE_ARGZ_INSERT 1
| #define HAVE_ARGZ_NEXT 1
| #define HAVE_ARGZ_STRINGIFY 1
| #define HAVE_WORKING_ARGZ 1
| #define HAVE_PRELOADED_SYMBOLS 1
| #define HAVE_LTDL 1
| #define HAVE_UNISTD_H 1
| #define HAVE_DIRENT_H 1
| #define HAVE_CLOSEDIR 1
| #define HAVE_OPENDIR 1
| #define HAVE_READDIR 1
| #define LT_LIBEXT "a"
| #define LT_LIBPREFIX "lib"
| #define TIME_WITH_SYS_TIME 1
| #define NVDIMMSIM_LIBDIR ""
| #define PINTOOL_EXECUTABLE "/home/rohin/Desktop/essent_sst/contribution/shubham/pin_tool/pin"
| #define HAVE_PINCRT 1
| #define HAVE_SHM 1
| #define HAVE_LIBZ 1
| #define RAMULATOR_LIBDIR ""
| #define DRAMSIM_LIBDIR ""
| #define HBMDRAMSIM_LIBDIR ""
| #define HYBRIDSIM_LIBDIR ""
| /* end confdefs.h.  */
| #include <stdio.h>
| #ifdef HAVE_SYS_TYPES_H
| # include <sys/types.h>
| #endif
| #ifdef HAVE_SYS_STAT_H
| # include <sys/stat.h>
| #endif
| #ifdef STDC_HEADERS
| # include <stdlib.h>
| # include <stddef.h>
| #else
| # ifdef HAVE_STDLIB_H
| #  include <stdlib.h>
| # endif
| #endif
| #ifdef HAVE_STRING_H
| # if !defined STDC_HEADERS && defined HAVE_MEMORY_H
| #  include <memory.h>
| # endif
| # include <string.h>
| #endif
| #ifdef HAVE_STRINGS_H
| # include <strings.h>
| #endif
| #ifdef HAVE_INTTYPES_H
| # include <inttypes.h>
| #endif
| #ifdef HAVE_STDINT_H
| # include <stdint.h>
| #endif
| #ifdef HAVE_UNISTD_H
| # include <unistd.h>
| #endif
| #include <hmc_sim.h>
configure:15300: result: no
configure:15300: checking hmc_sim.h presence
configure:15300: g++ -E   -I/usr/include/python3.8 -I/usr/include/python3.8  -I/home/rohin/sst/local/sst-core/include/sst/core -I/home/rohin/sst/local/sst-core/include conftest.cpp
conftest.cpp:57:10: fatal error: hmc_sim.h: No such file or directory
   57 | #include <hmc_sim.h>
      |          ^~~~~~~~~~~
compilation terminated.
configure:15300: $? = 1
configure: failed program was:
| /* confdefs.h */
| #define PACKAGE_NAME "SST Elements Library"
| #define PACKAGE_TARNAME "sst-elements-library"
| #define PACKAGE_VERSION "-dev"
| #define PACKAGE_STRING "SST Elements Library -dev"
| #define PACKAGE_BUGREPORT "sst@sandia.gov"
| #define PACKAGE_URL ""
| #define TIME_WITH_SYS_TIME 1
| #define STDC_HEADERS 1
| #define HAVE_SYS_TYPES_H 1
| #define HAVE_SYS_STAT_H 1
| #define HAVE_STDLIB_H 1
| #define HAVE_STRING_H 1
| #define HAVE_MEMORY_H 1
| #define HAVE_STRINGS_H 1
| #define HAVE_INTTYPES_H 1
| #define HAVE_STDINT_H 1
| #define HAVE_UNISTD_H 1
| #define HAVE_DLFCN_H 1
| #define LT_OBJDIR ".libs/"
| #define LT_MODULE_EXT ".so"
| #define LT_MODULE_PATH_VAR "LD_LIBRARY_PATH"
| #define LT_DLSEARCH_PATH "/lib:/usr/lib:/usr/lib/x86_64-linux-gnu/libfakeroot:/usr/local/lib/i386-linux-gnu:/lib/i386-linux-gnu:/usr/lib/i386-linux-gnu:/usr/local/lib/i686-linux-gnu:/lib/i686-linux-gnu:/usr/lib/i686-linux-gnu:/usr/local/lib:/usr/local/lib/x86_64-linux-gnu:/lib/x86_64-linux-gnu:/usr/lib/x86_64-linux-gnu:/lib32:/usr/lib32"
| #define HAVE_LIBDL 1
| #define HAVE_DLERROR 1
| #define HAVE_LIBDLLOADER 1
| #define HAVE_ARGZ_H 1
| #define HAVE_ERROR_T 1
| #define HAVE_ARGZ_ADD 1
| #define HAVE_ARGZ_APPEND 1
| #define HAVE_ARGZ_COUNT 1
| #define HAVE_ARGZ_CREATE_SEP 1
| #define HAVE_ARGZ_INSERT 1
| #define HAVE_ARGZ_NEXT 1
| #define HAVE_ARGZ_STRINGIFY 1
| #define HAVE_WORKING_ARGZ 1
| #define HAVE_PRELOADED_SYMBOLS 1
| #define HAVE_LTDL 1
| #define HAVE_UNISTD_H 1
| #define HAVE_DIRENT_H 1
| #define HAVE_CLOSEDIR 1
| #define HAVE_OPENDIR 1
| #define HAVE_READDIR 1
| #define LT_LIBEXT "a"
| #define LT_LIBPREFIX "lib"
| #define TIME_WITH_SYS_TIME 1
| #define NVDIMMSIM_LIBDIR ""
| #define PINTOOL_EXECUTABLE "/home/rohin/Desktop/essent_sst/contribution/shubham/pin_tool/pin"
| #define HAVE_PINCRT 1
| #define HAVE_SHM 1
| #define HAVE_LIBZ 1
| #define RAMULATOR_LIBDIR ""
| #define DRAMSIM_LIBDIR ""
| #define HBMDRAMSIM_LIBDIR ""
| #define HYBRIDSIM_LIBDIR ""
| /* end confdefs.h.  */
| #include <hmc_sim.h>
configure:15300: result: no
configure:15300: checking for hmc_sim.h
configure:15300: result: no
configure:15315: checking for hmcsim_clock in -lhmcsim
configure:15340: gcc -o conftest -g -O2    -I/usr/include/python3.8 -I/usr/include/python3.8  -I/home/rohin/sst/local/sst-core/include/sst/core -I/home/rohin/sst/local/sst-core/include    -L/usr/lib/python3.8/config-3.8-x86_64-linux-gnu -L/usr/lib -lpython3.8 -lcrypt -lpthread -ldl  -lutil -lm -lm  conftest.c -lhmcsim     >&5
/usr/bin/ld: cannot find -lhmcsim
collect2: error: ld returned 1 exit status
configure:15340: $? = 1
configure: failed program was:
| /* confdefs.h */
| #define PACKAGE_NAME "SST Elements Library"
| #define PACKAGE_TARNAME "sst-elements-library"
| #define PACKAGE_VERSION "-dev"
| #define PACKAGE_STRING "SST Elements Library -dev"
| #define PACKAGE_BUGREPORT "sst@sandia.gov"
| #define PACKAGE_URL ""
| #define TIME_WITH_SYS_TIME 1
| #define STDC_HEADERS 1
| #define HAVE_SYS_TYPES_H 1
| #define HAVE_SYS_STAT_H 1
| #define HAVE_STDLIB_H 1
| #define HAVE_STRING_H 1
| #define HAVE_MEMORY_H 1
| #define HAVE_STRINGS_H 1
| #define HAVE_INTTYPES_H 1
| #define HAVE_STDINT_H 1
| #define HAVE_UNISTD_H 1
| #define HAVE_DLFCN_H 1
| #define LT_OBJDIR ".libs/"
| #define LT_MODULE_EXT ".so"
| #define LT_MODULE_PATH_VAR "LD_LIBRARY_PATH"
| #define LT_DLSEARCH_PATH "/lib:/usr/lib:/usr/lib/x86_64-linux-gnu/libfakeroot:/usr/local/lib/i386-linux-gnu:/lib/i386-linux-gnu:/usr/lib/i386-linux-gnu:/usr/local/lib/i686-linux-gnu:/lib/i686-linux-gnu:/usr/lib/i686-linux-gnu:/usr/local/lib:/usr/local/lib/x86_64-linux-gnu:/lib/x86_64-linux-gnu:/usr/lib/x86_64-linux-gnu:/lib32:/usr/lib32"
| #define HAVE_LIBDL 1
| #define HAVE_DLERROR 1
| #define HAVE_LIBDLLOADER 1
| #define HAVE_ARGZ_H 1
| #define HAVE_ERROR_T 1
| #define HAVE_ARGZ_ADD 1
| #define HAVE_ARGZ_APPEND 1
| #define HAVE_ARGZ_COUNT 1
| #define HAVE_ARGZ_CREATE_SEP 1
| #define HAVE_ARGZ_INSERT 1
| #define HAVE_ARGZ_NEXT 1
| #define HAVE_ARGZ_STRINGIFY 1
| #define HAVE_WORKING_ARGZ 1
| #define HAVE_PRELOADED_SYMBOLS 1
| #define HAVE_LTDL 1
| #define HAVE_UNISTD_H 1
| #define HAVE_DIRENT_H 1
| #define HAVE_CLOSEDIR 1
| #define HAVE_OPENDIR 1
| #define HAVE_READDIR 1
| #define LT_LIBEXT "a"
| #define LT_LIBPREFIX "lib"
| #define TIME_WITH_SYS_TIME 1
| #define NVDIMMSIM_LIBDIR ""
| #define PINTOOL_EXECUTABLE "/home/rohin/Desktop/essent_sst/contribution/shubham/pin_tool/pin"
| #define HAVE_PINCRT 1
| #define HAVE_SHM 1
| #define HAVE_LIBZ 1
| #define RAMULATOR_LIBDIR ""
| #define DRAMSIM_LIBDIR ""
| #define HBMDRAMSIM_LIBDIR ""
| #define HYBRIDSIM_LIBDIR ""
| /* end confdefs.h.  */
| 
| /* Override any GCC internal prototype to avoid an error.
|    Use char because int might match the return type of a GCC
|    builtin and then its argument prototype would still apply.  */
| #ifdef __cplusplus
| extern "C"
| #endif
| char hmcsim_clock ();
| int
| main ()
| {
| return hmcsim_clock ();
|   ;
|   return 0;
| }
configure:15349: result: no
configure:15384: checking for GOBLIN HMC Simulator library
configure:15386: result: no
configure:15438: checking for NVDIMM.h
configure:15438: result: no
configure:15450: checking for main in -lnvdsim
configure:15478: result: no
configure:15569: checking FlashDIMM.h usability
configure:15569: g++ -c -g -O2  -std=c++1y -D__STDC_FORMAT_MACROS   -I/usr/include/python3.8 -I/usr/include/python3.8  -I/home/rohin/sst/local/sst-core/include/sst/core -I/home/rohin/sst/local/sst-core/include conftest.cpp >&5
conftest.cpp:92:10: fatal error: FlashDIMM.h: No such file or directory
   92 | #include <FlashDIMM.h>
      |          ^~~~~~~~~~~~~
compilation terminated.
configure:15569: $? = 1
configure: failed program was:
| /* confdefs.h */
| #define PACKAGE_NAME "SST Elements Library"
| #define PACKAGE_TARNAME "sst-elements-library"
| #define PACKAGE_VERSION "-dev"
| #define PACKAGE_STRING "SST Elements Library -dev"
| #define PACKAGE_BUGREPORT "sst@sandia.gov"
| #define PACKAGE_URL ""
| #define TIME_WITH_SYS_TIME 1
| #define STDC_HEADERS 1
| #define HAVE_SYS_TYPES_H 1
| #define HAVE_SYS_STAT_H 1
| #define HAVE_STDLIB_H 1
| #define HAVE_STRING_H 1
| #define HAVE_MEMORY_H 1
| #define HAVE_STRINGS_H 1
| #define HAVE_INTTYPES_H 1
| #define HAVE_STDINT_H 1
| #define HAVE_UNISTD_H 1
| #define HAVE_DLFCN_H 1
| #define LT_OBJDIR ".libs/"
| #define LT_MODULE_EXT ".so"
| #define LT_MODULE_PATH_VAR "LD_LIBRARY_PATH"
| #define LT_DLSEARCH_PATH "/lib:/usr/lib:/usr/lib/x86_64-linux-gnu/libfakeroot:/usr/local/lib/i386-linux-gnu:/lib/i386-linux-gnu:/usr/lib/i386-linux-gnu:/usr/local/lib/i686-linux-gnu:/lib/i686-linux-gnu:/usr/lib/i686-linux-gnu:/usr/local/lib:/usr/local/lib/x86_64-linux-gnu:/lib/x86_64-linux-gnu:/usr/lib/x86_64-linux-gnu:/lib32:/usr/lib32"
| #define HAVE_LIBDL 1
| #define HAVE_DLERROR 1
| #define HAVE_LIBDLLOADER 1
| #define HAVE_ARGZ_H 1
| #define HAVE_ERROR_T 1
| #define HAVE_ARGZ_ADD 1
| #define HAVE_ARGZ_APPEND 1
| #define HAVE_ARGZ_COUNT 1
| #define HAVE_ARGZ_CREATE_SEP 1
| #define HAVE_ARGZ_INSERT 1
| #define HAVE_ARGZ_NEXT 1
| #define HAVE_ARGZ_STRINGIFY 1
| #define HAVE_WORKING_ARGZ 1
| #define HAVE_PRELOADED_SYMBOLS 1
| #define HAVE_LTDL 1
| #define HAVE_UNISTD_H 1
| #define HAVE_DIRENT_H 1
| #define HAVE_CLOSEDIR 1
| #define HAVE_OPENDIR 1
| #define HAVE_READDIR 1
| #define LT_LIBEXT "a"
| #define LT_LIBPREFIX "lib"
| #define TIME_WITH_SYS_TIME 1
| #define NVDIMMSIM_LIBDIR ""
| #define PINTOOL_EXECUTABLE "/home/rohin/Desktop/essent_sst/contribution/shubham/pin_tool/pin"
| #define HAVE_PINCRT 1
| #define HAVE_SHM 1
| #define HAVE_LIBZ 1
| #define RAMULATOR_LIBDIR ""
| #define DRAMSIM_LIBDIR ""
| #define HBMDRAMSIM_LIBDIR ""
| #define HYBRIDSIM_LIBDIR ""
| #define GOBLIN_HMCSIM_LIBDIR ""
| #define NVDIMMSIM_LIBDIR ""
| /* end confdefs.h.  */
| #include <stdio.h>
| #ifdef HAVE_SYS_TYPES_H
| # include <sys/types.h>
| #endif
| #ifdef HAVE_SYS_STAT_H
| # include <sys/stat.h>
| #endif
| #ifdef STDC_HEADERS
| # include <stdlib.h>
| # include <stddef.h>
| #else
| # ifdef HAVE_STDLIB_H
| #  include <stdlib.h>
| # endif
| #endif
| #ifdef HAVE_STRING_H
| # if !defined STDC_HEADERS && defined HAVE_MEMORY_H
| #  include <memory.h>
| # endif
| # include <string.h>
| #endif
| #ifdef HAVE_STRINGS_H
| # include <strings.h>
| #endif
| #ifdef HAVE_INTTYPES_H
| # include <inttypes.h>
| #endif
| #ifdef HAVE_STDINT_H
| # include <stdint.h>
| #endif
| #ifdef HAVE_UNISTD_H
| # include <unistd.h>
| #endif
| #include <FlashDIMM.h>
configure:15569: result: no
configure:15569: checking FlashDIMM.h presence
configure:15569: g++ -E   -I/usr/include/python3.8 -I/usr/include/python3.8  -I/home/rohin/sst/local/sst-core/include/sst/core -I/home/rohin/sst/local/sst-core/include conftest.cpp
conftest.cpp:59:10: fatal error: FlashDIMM.h: No such file or directory
   59 | #include <FlashDIMM.h>
      |          ^~~~~~~~~~~~~
compilation terminated.
configure:15569: $? = 1
configure: failed program was:
| /* confdefs.h */
| #define PACKAGE_NAME "SST Elements Library"
| #define PACKAGE_TARNAME "sst-elements-library"
| #define PACKAGE_VERSION "-dev"
| #define PACKAGE_STRING "SST Elements Library -dev"
| #define PACKAGE_BUGREPORT "sst@sandia.gov"
| #define PACKAGE_URL ""
| #define TIME_WITH_SYS_TIME 1
| #define STDC_HEADERS 1
| #define HAVE_SYS_TYPES_H 1
| #define HAVE_SYS_STAT_H 1
| #define HAVE_STDLIB_H 1
| #define HAVE_STRING_H 1
| #define HAVE_MEMORY_H 1
| #define HAVE_STRINGS_H 1
| #define HAVE_INTTYPES_H 1
| #define HAVE_STDINT_H 1
| #define HAVE_UNISTD_H 1
| #define HAVE_DLFCN_H 1
| #define LT_OBJDIR ".libs/"
| #define LT_MODULE_EXT ".so"
| #define LT_MODULE_PATH_VAR "LD_LIBRARY_PATH"
| #define LT_DLSEARCH_PATH "/lib:/usr/lib:/usr/lib/x86_64-linux-gnu/libfakeroot:/usr/local/lib/i386-linux-gnu:/lib/i386-linux-gnu:/usr/lib/i386-linux-gnu:/usr/local/lib/i686-linux-gnu:/lib/i686-linux-gnu:/usr/lib/i686-linux-gnu:/usr/local/lib:/usr/local/lib/x86_64-linux-gnu:/lib/x86_64-linux-gnu:/usr/lib/x86_64-linux-gnu:/lib32:/usr/lib32"
| #define HAVE_LIBDL 1
| #define HAVE_DLERROR 1
| #define HAVE_LIBDLLOADER 1
| #define HAVE_ARGZ_H 1
| #define HAVE_ERROR_T 1
| #define HAVE_ARGZ_ADD 1
| #define HAVE_ARGZ_APPEND 1
| #define HAVE_ARGZ_COUNT 1
| #define HAVE_ARGZ_CREATE_SEP 1
| #define HAVE_ARGZ_INSERT 1
| #define HAVE_ARGZ_NEXT 1
| #define HAVE_ARGZ_STRINGIFY 1
| #define HAVE_WORKING_ARGZ 1
| #define HAVE_PRELOADED_SYMBOLS 1
| #define HAVE_LTDL 1
| #define HAVE_UNISTD_H 1
| #define HAVE_DIRENT_H 1
| #define HAVE_CLOSEDIR 1
| #define HAVE_OPENDIR 1
| #define HAVE_READDIR 1
| #define LT_LIBEXT "a"
| #define LT_LIBPREFIX "lib"
| #define TIME_WITH_SYS_TIME 1
| #define NVDIMMSIM_LIBDIR ""
| #define PINTOOL_EXECUTABLE "/home/rohin/Desktop/essent_sst/contribution/shubham/pin_tool/pin"
| #define HAVE_PINCRT 1
| #define HAVE_SHM 1
| #define HAVE_LIBZ 1
| #define RAMULATOR_LIBDIR ""
| #define DRAMSIM_LIBDIR ""
| #define HBMDRAMSIM_LIBDIR ""
| #define HYBRIDSIM_LIBDIR ""
| #define GOBLIN_HMCSIM_LIBDIR ""
| #define NVDIMMSIM_LIBDIR ""
| /* end confdefs.h.  */
| #include <FlashDIMM.h>
configure:15569: result: no
configure:15569: checking for FlashDIMM.h
configure:15569: result: no
configure:15581: checking for main in -lfdsim
configure:15600: g++ -o conftest -g -O2  -std=c++1y -D__STDC_FORMAT_MACROS   -I/usr/include/python3.8 -I/usr/include/python3.8  -I/home/rohin/sst/local/sst-core/include/sst/core -I/home/rohin/sst/local/sst-core/include    -L/usr/lib/python3.8/config-3.8-x86_64-linux-gnu -L/usr/lib -lpython3.8 -lcrypt -lpthread -ldl  -lutil -lm -lm  conftest.cpp -lfdsim     >&5
/usr/bin/ld: cannot find -lfdsim
collect2: error: ld returned 1 exit status
configure:15600: $? = 1
configure: failed program was:
| /* confdefs.h */
| #define PACKAGE_NAME "SST Elements Library"
| #define PACKAGE_TARNAME "sst-elements-library"
| #define PACKAGE_VERSION "-dev"
| #define PACKAGE_STRING "SST Elements Library -dev"
| #define PACKAGE_BUGREPORT "sst@sandia.gov"
| #define PACKAGE_URL ""
| #define TIME_WITH_SYS_TIME 1
| #define STDC_HEADERS 1
| #define HAVE_SYS_TYPES_H 1
| #define HAVE_SYS_STAT_H 1
| #define HAVE_STDLIB_H 1
| #define HAVE_STRING_H 1
| #define HAVE_MEMORY_H 1
| #define HAVE_STRINGS_H 1
| #define HAVE_INTTYPES_H 1
| #define HAVE_STDINT_H 1
| #define HAVE_UNISTD_H 1
| #define HAVE_DLFCN_H 1
| #define LT_OBJDIR ".libs/"
| #define LT_MODULE_EXT ".so"
| #define LT_MODULE_PATH_VAR "LD_LIBRARY_PATH"
| #define LT_DLSEARCH_PATH "/lib:/usr/lib:/usr/lib/x86_64-linux-gnu/libfakeroot:/usr/local/lib/i386-linux-gnu:/lib/i386-linux-gnu:/usr/lib/i386-linux-gnu:/usr/local/lib/i686-linux-gnu:/lib/i686-linux-gnu:/usr/lib/i686-linux-gnu:/usr/local/lib:/usr/local/lib/x86_64-linux-gnu:/lib/x86_64-linux-gnu:/usr/lib/x86_64-linux-gnu:/lib32:/usr/lib32"
| #define HAVE_LIBDL 1
| #define HAVE_DLERROR 1
| #define HAVE_LIBDLLOADER 1
| #define HAVE_ARGZ_H 1
| #define HAVE_ERROR_T 1
| #define HAVE_ARGZ_ADD 1
| #define HAVE_ARGZ_APPEND 1
| #define HAVE_ARGZ_COUNT 1
| #define HAVE_ARGZ_CREATE_SEP 1
| #define HAVE_ARGZ_INSERT 1
| #define HAVE_ARGZ_NEXT 1
| #define HAVE_ARGZ_STRINGIFY 1
| #define HAVE_WORKING_ARGZ 1
| #define HAVE_PRELOADED_SYMBOLS 1
| #define HAVE_LTDL 1
| #define HAVE_UNISTD_H 1
| #define HAVE_DIRENT_H 1
| #define HAVE_CLOSEDIR 1
| #define HAVE_OPENDIR 1
| #define HAVE_READDIR 1
| #define LT_LIBEXT "a"
| #define LT_LIBPREFIX "lib"
| #define TIME_WITH_SYS_TIME 1
| #define NVDIMMSIM_LIBDIR ""
| #define PINTOOL_EXECUTABLE "/home/rohin/Desktop/essent_sst/contribution/shubham/pin_tool/pin"
| #define HAVE_PINCRT 1
| #define HAVE_SHM 1
| #define HAVE_LIBZ 1
| #define RAMULATOR_LIBDIR ""
| #define DRAMSIM_LIBDIR ""
| #define HBMDRAMSIM_LIBDIR ""
| #define HYBRIDSIM_LIBDIR ""
| #define GOBLIN_HMCSIM_LIBDIR ""
| #define NVDIMMSIM_LIBDIR ""
| /* end confdefs.h.  */
| 
| 
| int
| main ()
| {
| return main ();
|   ;
|   return 0;
| }
configure:15609: result: no
configure:15697: checking for zlib.h
configure:15697: result: yes
configure:15712: checking for gzopen in -lz
configure:15746: result: yes
configure:15775: checking for libz compression library
configure:15777: result: yes
configure:15864: checking sim.h usability
configure:15864: g++ -c -g -O2  -std=c++1y -D__STDC_FORMAT_MACROS   -I/usr/include/python3.8 -I/usr/include/python3.8  -I/home/rohin/sst/local/sst-core/include/sst/core -I/home/rohin/sst/local/sst-core/include conftest.cpp >&5
conftest.cpp:94:10: fatal error: sim.h: No such file or directory
   94 | #include <sim.h>
      |          ^~~~~~~
compilation terminated.
configure:15864: $? = 1
configure: failed program was:
| /* confdefs.h */
| #define PACKAGE_NAME "SST Elements Library"
| #define PACKAGE_TARNAME "sst-elements-library"
| #define PACKAGE_VERSION "-dev"
| #define PACKAGE_STRING "SST Elements Library -dev"
| #define PACKAGE_BUGREPORT "sst@sandia.gov"
| #define PACKAGE_URL ""
| #define TIME_WITH_SYS_TIME 1
| #define STDC_HEADERS 1
| #define HAVE_SYS_TYPES_H 1
| #define HAVE_SYS_STAT_H 1
| #define HAVE_STDLIB_H 1
| #define HAVE_STRING_H 1
| #define HAVE_MEMORY_H 1
| #define HAVE_STRINGS_H 1
| #define HAVE_INTTYPES_H 1
| #define HAVE_STDINT_H 1
| #define HAVE_UNISTD_H 1
| #define HAVE_DLFCN_H 1
| #define LT_OBJDIR ".libs/"
| #define LT_MODULE_EXT ".so"
| #define LT_MODULE_PATH_VAR "LD_LIBRARY_PATH"
| #define LT_DLSEARCH_PATH "/lib:/usr/lib:/usr/lib/x86_64-linux-gnu/libfakeroot:/usr/local/lib/i386-linux-gnu:/lib/i386-linux-gnu:/usr/lib/i386-linux-gnu:/usr/local/lib/i686-linux-gnu:/lib/i686-linux-gnu:/usr/lib/i686-linux-gnu:/usr/local/lib:/usr/local/lib/x86_64-linux-gnu:/lib/x86_64-linux-gnu:/usr/lib/x86_64-linux-gnu:/lib32:/usr/lib32"
| #define HAVE_LIBDL 1
| #define HAVE_DLERROR 1
| #define HAVE_LIBDLLOADER 1
| #define HAVE_ARGZ_H 1
| #define HAVE_ERROR_T 1
| #define HAVE_ARGZ_ADD 1
| #define HAVE_ARGZ_APPEND 1
| #define HAVE_ARGZ_COUNT 1
| #define HAVE_ARGZ_CREATE_SEP 1
| #define HAVE_ARGZ_INSERT 1
| #define HAVE_ARGZ_NEXT 1
| #define HAVE_ARGZ_STRINGIFY 1
| #define HAVE_WORKING_ARGZ 1
| #define HAVE_PRELOADED_SYMBOLS 1
| #define HAVE_LTDL 1
| #define HAVE_UNISTD_H 1
| #define HAVE_DIRENT_H 1
| #define HAVE_CLOSEDIR 1
| #define HAVE_OPENDIR 1
| #define HAVE_READDIR 1
| #define LT_LIBEXT "a"
| #define LT_LIBPREFIX "lib"
| #define TIME_WITH_SYS_TIME 1
| #define NVDIMMSIM_LIBDIR ""
| #define PINTOOL_EXECUTABLE "/home/rohin/Desktop/essent_sst/contribution/shubham/pin_tool/pin"
| #define HAVE_PINCRT 1
| #define HAVE_SHM 1
| #define HAVE_LIBZ 1
| #define RAMULATOR_LIBDIR ""
| #define DRAMSIM_LIBDIR ""
| #define HBMDRAMSIM_LIBDIR ""
| #define HYBRIDSIM_LIBDIR ""
| #define GOBLIN_HMCSIM_LIBDIR ""
| #define NVDIMMSIM_LIBDIR ""
| #define FDSIM_LIBDIR ""
| #define HAVE_LIBZ 1
| /* end confdefs.h.  */
| #include <stdio.h>
| #ifdef HAVE_SYS_TYPES_H
| # include <sys/types.h>
| #endif
| #ifdef HAVE_SYS_STAT_H
| # include <sys/stat.h>
| #endif
| #ifdef STDC_HEADERS
| # include <stdlib.h>
| # include <stddef.h>
| #else
| # ifdef HAVE_STDLIB_H
| #  include <stdlib.h>
| # endif
| #endif
| #ifdef HAVE_STRING_H
| # if !defined STDC_HEADERS && defined HAVE_MEMORY_H
| #  include <memory.h>
| # endif
| # include <string.h>
| #endif
| #ifdef HAVE_STRINGS_H
| # include <strings.h>
| #endif
| #ifdef HAVE_INTTYPES_H
| # include <inttypes.h>
| #endif
| #ifdef HAVE_STDINT_H
| # include <stdint.h>
| #endif
| #ifdef HAVE_UNISTD_H
| # include <unistd.h>
| #endif
| #include <sim.h>
configure:15864: result: no
configure:15864: checking sim.h presence
configure:15864: g++ -E   -I/usr/include/python3.8 -I/usr/include/python3.8  -I/home/rohin/sst/local/sst-core/include/sst/core -I/home/rohin/sst/local/sst-core/include conftest.cpp
conftest.cpp:61:10: fatal error: sim.h: No such file or directory
   61 | #include <sim.h>
      |          ^~~~~~~
compilation terminated.
configure:15864: $? = 1
configure: failed program was:
| /* confdefs.h */
| #define PACKAGE_NAME "SST Elements Library"
| #define PACKAGE_TARNAME "sst-elements-library"
| #define PACKAGE_VERSION "-dev"
| #define PACKAGE_STRING "SST Elements Library -dev"
| #define PACKAGE_BUGREPORT "sst@sandia.gov"
| #define PACKAGE_URL ""
| #define TIME_WITH_SYS_TIME 1
| #define STDC_HEADERS 1
| #define HAVE_SYS_TYPES_H 1
| #define HAVE_SYS_STAT_H 1
| #define HAVE_STDLIB_H 1
| #define HAVE_STRING_H 1
| #define HAVE_MEMORY_H 1
| #define HAVE_STRINGS_H 1
| #define HAVE_INTTYPES_H 1
| #define HAVE_STDINT_H 1
| #define HAVE_UNISTD_H 1
| #define HAVE_DLFCN_H 1
| #define LT_OBJDIR ".libs/"
| #define LT_MODULE_EXT ".so"
| #define LT_MODULE_PATH_VAR "LD_LIBRARY_PATH"
| #define LT_DLSEARCH_PATH "/lib:/usr/lib:/usr/lib/x86_64-linux-gnu/libfakeroot:/usr/local/lib/i386-linux-gnu:/lib/i386-linux-gnu:/usr/lib/i386-linux-gnu:/usr/local/lib/i686-linux-gnu:/lib/i686-linux-gnu:/usr/lib/i686-linux-gnu:/usr/local/lib:/usr/local/lib/x86_64-linux-gnu:/lib/x86_64-linux-gnu:/usr/lib/x86_64-linux-gnu:/lib32:/usr/lib32"
| #define HAVE_LIBDL 1
| #define HAVE_DLERROR 1
| #define HAVE_LIBDLLOADER 1
| #define HAVE_ARGZ_H 1
| #define HAVE_ERROR_T 1
| #define HAVE_ARGZ_ADD 1
| #define HAVE_ARGZ_APPEND 1
| #define HAVE_ARGZ_COUNT 1
| #define HAVE_ARGZ_CREATE_SEP 1
| #define HAVE_ARGZ_INSERT 1
| #define HAVE_ARGZ_NEXT 1
| #define HAVE_ARGZ_STRINGIFY 1
| #define HAVE_WORKING_ARGZ 1
| #define HAVE_PRELOADED_SYMBOLS 1
| #define HAVE_LTDL 1
| #define HAVE_UNISTD_H 1
| #define HAVE_DIRENT_H 1
| #define HAVE_CLOSEDIR 1
| #define HAVE_OPENDIR 1
| #define HAVE_READDIR 1
| #define LT_LIBEXT "a"
| #define LT_LIBPREFIX "lib"
| #define TIME_WITH_SYS_TIME 1
| #define NVDIMMSIM_LIBDIR ""
| #define PINTOOL_EXECUTABLE "/home/rohin/Desktop/essent_sst/contribution/shubham/pin_tool/pin"
| #define HAVE_PINCRT 1
| #define HAVE_SHM 1
| #define HAVE_LIBZ 1
| #define RAMULATOR_LIBDIR ""
| #define DRAMSIM_LIBDIR ""
| #define HBMDRAMSIM_LIBDIR ""
| #define HYBRIDSIM_LIBDIR ""
| #define GOBLIN_HMCSIM_LIBDIR ""
| #define NVDIMMSIM_LIBDIR ""
| #define FDSIM_LIBDIR ""
| #define HAVE_LIBZ 1
| /* end confdefs.h.  */
| #include <sim.h>
configure:15864: result: no
configure:15864: checking for sim.h
configure:15864: result: no
configure:15879: checking for _ZN5sim_t3runEv in -lriscv
configure:15904: gcc -o conftest -g -O2    -I/usr/include/python3.8 -I/usr/include/python3.8  -I/home/rohin/sst/local/sst-core/include/sst/core -I/home/rohin/sst/local/sst-core/include    -L/usr/lib/python3.8/config-3.8-x86_64-linux-gnu -L/usr/lib -lpython3.8 -lcrypt -lpthread -ldl  -lutil -lm -lm  conftest.c -lriscv -lfesvr -lsoftfloat    >&5
/usr/bin/ld: cannot find -lriscv
/usr/bin/ld: cannot find -lfesvr
/usr/bin/ld: cannot find -lsoftfloat
collect2: error: ld returned 1 exit status
configure:15904: $? = 1
configure: failed program was:
| /* confdefs.h */
| #define PACKAGE_NAME "SST Elements Library"
| #define PACKAGE_TARNAME "sst-elements-library"
| #define PACKAGE_VERSION "-dev"
| #define PACKAGE_STRING "SST Elements Library -dev"
| #define PACKAGE_BUGREPORT "sst@sandia.gov"
| #define PACKAGE_URL ""
| #define TIME_WITH_SYS_TIME 1
| #define STDC_HEADERS 1
| #define HAVE_SYS_TYPES_H 1
| #define HAVE_SYS_STAT_H 1
| #define HAVE_STDLIB_H 1
| #define HAVE_STRING_H 1
| #define HAVE_MEMORY_H 1
| #define HAVE_STRINGS_H 1
| #define HAVE_INTTYPES_H 1
| #define HAVE_STDINT_H 1
| #define HAVE_UNISTD_H 1
| #define HAVE_DLFCN_H 1
| #define LT_OBJDIR ".libs/"
| #define LT_MODULE_EXT ".so"
| #define LT_MODULE_PATH_VAR "LD_LIBRARY_PATH"
| #define LT_DLSEARCH_PATH "/lib:/usr/lib:/usr/lib/x86_64-linux-gnu/libfakeroot:/usr/local/lib/i386-linux-gnu:/lib/i386-linux-gnu:/usr/lib/i386-linux-gnu:/usr/local/lib/i686-linux-gnu:/lib/i686-linux-gnu:/usr/lib/i686-linux-gnu:/usr/local/lib:/usr/local/lib/x86_64-linux-gnu:/lib/x86_64-linux-gnu:/usr/lib/x86_64-linux-gnu:/lib32:/usr/lib32"
| #define HAVE_LIBDL 1
| #define HAVE_DLERROR 1
| #define HAVE_LIBDLLOADER 1
| #define HAVE_ARGZ_H 1
| #define HAVE_ERROR_T 1
| #define HAVE_ARGZ_ADD 1
| #define HAVE_ARGZ_APPEND 1
| #define HAVE_ARGZ_COUNT 1
| #define HAVE_ARGZ_CREATE_SEP 1
| #define HAVE_ARGZ_INSERT 1
| #define HAVE_ARGZ_NEXT 1
| #define HAVE_ARGZ_STRINGIFY 1
| #define HAVE_WORKING_ARGZ 1
| #define HAVE_PRELOADED_SYMBOLS 1
| #define HAVE_LTDL 1
| #define HAVE_UNISTD_H 1
| #define HAVE_DIRENT_H 1
| #define HAVE_CLOSEDIR 1
| #define HAVE_OPENDIR 1
| #define HAVE_READDIR 1
| #define LT_LIBEXT "a"
| #define LT_LIBPREFIX "lib"
| #define TIME_WITH_SYS_TIME 1
| #define NVDIMMSIM_LIBDIR ""
| #define PINTOOL_EXECUTABLE "/home/rohin/Desktop/essent_sst/contribution/shubham/pin_tool/pin"
| #define HAVE_PINCRT 1
| #define HAVE_SHM 1
| #define HAVE_LIBZ 1
| #define RAMULATOR_LIBDIR ""
| #define DRAMSIM_LIBDIR ""
| #define HBMDRAMSIM_LIBDIR ""
| #define HYBRIDSIM_LIBDIR ""
| #define GOBLIN_HMCSIM_LIBDIR ""
| #define NVDIMMSIM_LIBDIR ""
| #define FDSIM_LIBDIR ""
| #define HAVE_LIBZ 1
| /* end confdefs.h.  */
| 
| /* Override any GCC internal prototype to avoid an error.
|    Use char because int might match the return type of a GCC
|    builtin and then its argument prototype would still apply.  */
| #ifdef __cplusplus
| extern "C"
| #endif
| char _ZN5sim_t3runEv ();
| int
| main ()
| {
| return _ZN5sim_t3runEv ();
|   ;
|   return 0;
| }
configure:15913: result: no
configure:15948: checking for RISC-V Spike simulator library
configure:15950: result: no
configure:16030: checking for zlib.h
configure:16030: result: yes
configure:16045: checking for gzopen in -lz
configure:16079: result: yes
configure:16108: checking for libz compression library
configure:16110: result: yes
configure:16156: checking for pin.sh
configure:16190: result: no
configure:16197: checking for pin
configure:16228: result: /home/rohin/Desktop/essent_sst/contribution/shubham/pin_tool/pin
configure:16290: checking PIN Tool
configure:16292: result: yes
configure:16318: checking for library containing shm_open
configure:16366: result: -lrt
configure:16468: checking metis.h usability
configure:16468: gcc -c -g -O2    -I/usr/include/python3.8 -I/usr/include/python3.8  -I/home/rohin/sst/local/sst-core/include/sst/core -I/home/rohin/sst/local/sst-core/include conftest.c >&5
conftest.c:99:10: fatal error: metis.h: No such file or directory
   99 | #include <metis.h>
      |          ^~~~~~~~~
compilation terminated.
configure:16468: $? = 1
configure: failed program was:
| /* confdefs.h */
| #define PACKAGE_NAME "SST Elements Library"
| #define PACKAGE_TARNAME "sst-elements-library"
| #define PACKAGE_VERSION "-dev"
| #define PACKAGE_STRING "SST Elements Library -dev"
| #define PACKAGE_BUGREPORT "sst@sandia.gov"
| #define PACKAGE_URL ""
| #define TIME_WITH_SYS_TIME 1
| #define STDC_HEADERS 1
| #define HAVE_SYS_TYPES_H 1
| #define HAVE_SYS_STAT_H 1
| #define HAVE_STDLIB_H 1
| #define HAVE_STRING_H 1
| #define HAVE_MEMORY_H 1
| #define HAVE_STRINGS_H 1
| #define HAVE_INTTYPES_H 1
| #define HAVE_STDINT_H 1
| #define HAVE_UNISTD_H 1
| #define HAVE_DLFCN_H 1
| #define LT_OBJDIR ".libs/"
| #define LT_MODULE_EXT ".so"
| #define LT_MODULE_PATH_VAR "LD_LIBRARY_PATH"
| #define LT_DLSEARCH_PATH "/lib:/usr/lib:/usr/lib/x86_64-linux-gnu/libfakeroot:/usr/local/lib/i386-linux-gnu:/lib/i386-linux-gnu:/usr/lib/i386-linux-gnu:/usr/local/lib/i686-linux-gnu:/lib/i686-linux-gnu:/usr/lib/i686-linux-gnu:/usr/local/lib:/usr/local/lib/x86_64-linux-gnu:/lib/x86_64-linux-gnu:/usr/lib/x86_64-linux-gnu:/lib32:/usr/lib32"
| #define HAVE_LIBDL 1
| #define HAVE_DLERROR 1
| #define HAVE_LIBDLLOADER 1
| #define HAVE_ARGZ_H 1
| #define HAVE_ERROR_T 1
| #define HAVE_ARGZ_ADD 1
| #define HAVE_ARGZ_APPEND 1
| #define HAVE_ARGZ_COUNT 1
| #define HAVE_ARGZ_CREATE_SEP 1
| #define HAVE_ARGZ_INSERT 1
| #define HAVE_ARGZ_NEXT 1
| #define HAVE_ARGZ_STRINGIFY 1
| #define HAVE_WORKING_ARGZ 1
| #define HAVE_PRELOADED_SYMBOLS 1
| #define HAVE_LTDL 1
| #define HAVE_UNISTD_H 1
| #define HAVE_DIRENT_H 1
| #define HAVE_CLOSEDIR 1
| #define HAVE_OPENDIR 1
| #define HAVE_READDIR 1
| #define LT_LIBEXT "a"
| #define LT_LIBPREFIX "lib"
| #define TIME_WITH_SYS_TIME 1
| #define NVDIMMSIM_LIBDIR ""
| #define PINTOOL_EXECUTABLE "/home/rohin/Desktop/essent_sst/contribution/shubham/pin_tool/pin"
| #define HAVE_PINCRT 1
| #define HAVE_SHM 1
| #define HAVE_LIBZ 1
| #define RAMULATOR_LIBDIR ""
| #define DRAMSIM_LIBDIR ""
| #define HBMDRAMSIM_LIBDIR ""
| #define HYBRIDSIM_LIBDIR ""
| #define GOBLIN_HMCSIM_LIBDIR ""
| #define NVDIMMSIM_LIBDIR ""
| #define FDSIM_LIBDIR ""
| #define HAVE_LIBZ 1
| #define STAKE_LIBDIR ""
| #define HAVE_LIBZ 1
| #define PINTOOL_EXECUTABLE "/home/rohin/Desktop/essent_sst/contribution/shubham/pin_tool/pin"
| #define HAVE_PINCRT 1
| #define HAVE_SHM 1
| /* end confdefs.h.  */
| #include <stdio.h>
| #ifdef HAVE_SYS_TYPES_H
| # include <sys/types.h>
| #endif
| #ifdef HAVE_SYS_STAT_H
| # include <sys/stat.h>
| #endif
| #ifdef STDC_HEADERS
| # include <stdlib.h>
| # include <stddef.h>
| #else
| # ifdef HAVE_STDLIB_H
| #  include <stdlib.h>
| # endif
| #endif
| #ifdef HAVE_STRING_H
| # if !defined STDC_HEADERS && defined HAVE_MEMORY_H
| #  include <memory.h>
| # endif
| # include <string.h>
| #endif
| #ifdef HAVE_STRINGS_H
| # include <strings.h>
| #endif
| #ifdef HAVE_INTTYPES_H
| # include <inttypes.h>
| #endif
| #ifdef HAVE_STDINT_H
| # include <stdint.h>
| #endif
| #ifdef HAVE_UNISTD_H
| # include <unistd.h>
| #endif
| #include <metis.h>
configure:16468: result: no
configure:16468: checking metis.h presence
configure:16468: gcc -E   -I/usr/include/python3.8 -I/usr/include/python3.8  -I/home/rohin/sst/local/sst-core/include/sst/core -I/home/rohin/sst/local/sst-core/include conftest.c
conftest.c:66:10: fatal error: metis.h: No such file or directory
   66 | #include <metis.h>
      |          ^~~~~~~~~
compilation terminated.
configure:16468: $? = 1
configure: failed program was:
| /* confdefs.h */
| #define PACKAGE_NAME "SST Elements Library"
| #define PACKAGE_TARNAME "sst-elements-library"
| #define PACKAGE_VERSION "-dev"
| #define PACKAGE_STRING "SST Elements Library -dev"
| #define PACKAGE_BUGREPORT "sst@sandia.gov"
| #define PACKAGE_URL ""
| #define TIME_WITH_SYS_TIME 1
| #define STDC_HEADERS 1
| #define HAVE_SYS_TYPES_H 1
| #define HAVE_SYS_STAT_H 1
| #define HAVE_STDLIB_H 1
| #define HAVE_STRING_H 1
| #define HAVE_MEMORY_H 1
| #define HAVE_STRINGS_H 1
| #define HAVE_INTTYPES_H 1
| #define HAVE_STDINT_H 1
| #define HAVE_UNISTD_H 1
| #define HAVE_DLFCN_H 1
| #define LT_OBJDIR ".libs/"
| #define LT_MODULE_EXT ".so"
| #define LT_MODULE_PATH_VAR "LD_LIBRARY_PATH"
| #define LT_DLSEARCH_PATH "/lib:/usr/lib:/usr/lib/x86_64-linux-gnu/libfakeroot:/usr/local/lib/i386-linux-gnu:/lib/i386-linux-gnu:/usr/lib/i386-linux-gnu:/usr/local/lib/i686-linux-gnu:/lib/i686-linux-gnu:/usr/lib/i686-linux-gnu:/usr/local/lib:/usr/local/lib/x86_64-linux-gnu:/lib/x86_64-linux-gnu:/usr/lib/x86_64-linux-gnu:/lib32:/usr/lib32"
| #define HAVE_LIBDL 1
| #define HAVE_DLERROR 1
| #define HAVE_LIBDLLOADER 1
| #define HAVE_ARGZ_H 1
| #define HAVE_ERROR_T 1
| #define HAVE_ARGZ_ADD 1
| #define HAVE_ARGZ_APPEND 1
| #define HAVE_ARGZ_COUNT 1
| #define HAVE_ARGZ_CREATE_SEP 1
| #define HAVE_ARGZ_INSERT 1
| #define HAVE_ARGZ_NEXT 1
| #define HAVE_ARGZ_STRINGIFY 1
| #define HAVE_WORKING_ARGZ 1
| #define HAVE_PRELOADED_SYMBOLS 1
| #define HAVE_LTDL 1
| #define HAVE_UNISTD_H 1
| #define HAVE_DIRENT_H 1
| #define HAVE_CLOSEDIR 1
| #define HAVE_OPENDIR 1
| #define HAVE_READDIR 1
| #define LT_LIBEXT "a"
| #define LT_LIBPREFIX "lib"
| #define TIME_WITH_SYS_TIME 1
| #define NVDIMMSIM_LIBDIR ""
| #define PINTOOL_EXECUTABLE "/home/rohin/Desktop/essent_sst/contribution/shubham/pin_tool/pin"
| #define HAVE_PINCRT 1
| #define HAVE_SHM 1
| #define HAVE_LIBZ 1
| #define RAMULATOR_LIBDIR ""
| #define DRAMSIM_LIBDIR ""
| #define HBMDRAMSIM_LIBDIR ""
| #define HYBRIDSIM_LIBDIR ""
| #define GOBLIN_HMCSIM_LIBDIR ""
| #define NVDIMMSIM_LIBDIR ""
| #define FDSIM_LIBDIR ""
| #define HAVE_LIBZ 1
| #define STAKE_LIBDIR ""
| #define HAVE_LIBZ 1
| #define PINTOOL_EXECUTABLE "/home/rohin/Desktop/essent_sst/contribution/shubham/pin_tool/pin"
| #define HAVE_PINCRT 1
| #define HAVE_SHM 1
| /* end confdefs.h.  */
| #include <metis.h>
configure:16468: result: no
configure:16468: checking for metis.h
configure:16468: result: no
configure:16480: checking for METIS_NodeNDP in -lmetis
configure:16505: gcc -o conftest -g -O2    -I/usr/include/python3.8 -I/usr/include/python3.8  -I/home/rohin/sst/local/sst-core/include/sst/core -I/home/rohin/sst/local/sst-core/include    -L/usr/lib/python3.8/config-3.8-x86_64-linux-gnu -L/usr/lib -lpython3.8 -lcrypt -lpthread -ldl  -lutil -lm -lm  conftest.c -lmetis -lmetis -lm    >&5
/usr/bin/ld: cannot find -lmetis
/usr/bin/ld: cannot find -lmetis
collect2: error: ld returned 1 exit status
configure:16505: $? = 1
configure: failed program was:
| /* confdefs.h */
| #define PACKAGE_NAME "SST Elements Library"
| #define PACKAGE_TARNAME "sst-elements-library"
| #define PACKAGE_VERSION "-dev"
| #define PACKAGE_STRING "SST Elements Library -dev"
| #define PACKAGE_BUGREPORT "sst@sandia.gov"
| #define PACKAGE_URL ""
| #define TIME_WITH_SYS_TIME 1
| #define STDC_HEADERS 1
| #define HAVE_SYS_TYPES_H 1
| #define HAVE_SYS_STAT_H 1
| #define HAVE_STDLIB_H 1
| #define HAVE_STRING_H 1
| #define HAVE_MEMORY_H 1
| #define HAVE_STRINGS_H 1
| #define HAVE_INTTYPES_H 1
| #define HAVE_STDINT_H 1
| #define HAVE_UNISTD_H 1
| #define HAVE_DLFCN_H 1
| #define LT_OBJDIR ".libs/"
| #define LT_MODULE_EXT ".so"
| #define LT_MODULE_PATH_VAR "LD_LIBRARY_PATH"
| #define LT_DLSEARCH_PATH "/lib:/usr/lib:/usr/lib/x86_64-linux-gnu/libfakeroot:/usr/local/lib/i386-linux-gnu:/lib/i386-linux-gnu:/usr/lib/i386-linux-gnu:/usr/local/lib/i686-linux-gnu:/lib/i686-linux-gnu:/usr/lib/i686-linux-gnu:/usr/local/lib:/usr/local/lib/x86_64-linux-gnu:/lib/x86_64-linux-gnu:/usr/lib/x86_64-linux-gnu:/lib32:/usr/lib32"
| #define HAVE_LIBDL 1
| #define HAVE_DLERROR 1
| #define HAVE_LIBDLLOADER 1
| #define HAVE_ARGZ_H 1
| #define HAVE_ERROR_T 1
| #define HAVE_ARGZ_ADD 1
| #define HAVE_ARGZ_APPEND 1
| #define HAVE_ARGZ_COUNT 1
| #define HAVE_ARGZ_CREATE_SEP 1
| #define HAVE_ARGZ_INSERT 1
| #define HAVE_ARGZ_NEXT 1
| #define HAVE_ARGZ_STRINGIFY 1
| #define HAVE_WORKING_ARGZ 1
| #define HAVE_PRELOADED_SYMBOLS 1
| #define HAVE_LTDL 1
| #define HAVE_UNISTD_H 1
| #define HAVE_DIRENT_H 1
| #define HAVE_CLOSEDIR 1
| #define HAVE_OPENDIR 1
| #define HAVE_READDIR 1
| #define LT_LIBEXT "a"
| #define LT_LIBPREFIX "lib"
| #define TIME_WITH_SYS_TIME 1
| #define NVDIMMSIM_LIBDIR ""
| #define PINTOOL_EXECUTABLE "/home/rohin/Desktop/essent_sst/contribution/shubham/pin_tool/pin"
| #define HAVE_PINCRT 1
| #define HAVE_SHM 1
| #define HAVE_LIBZ 1
| #define RAMULATOR_LIBDIR ""
| #define DRAMSIM_LIBDIR ""
| #define HBMDRAMSIM_LIBDIR ""
| #define HYBRIDSIM_LIBDIR ""
| #define GOBLIN_HMCSIM_LIBDIR ""
| #define NVDIMMSIM_LIBDIR ""
| #define FDSIM_LIBDIR ""
| #define HAVE_LIBZ 1
| #define STAKE_LIBDIR ""
| #define HAVE_LIBZ 1
| #define PINTOOL_EXECUTABLE "/home/rohin/Desktop/essent_sst/contribution/shubham/pin_tool/pin"
| #define HAVE_PINCRT 1
| #define HAVE_SHM 1
| /* end confdefs.h.  */
| 
| /* Override any GCC internal prototype to avoid an error.
|    Use char because int might match the return type of a GCC
|    builtin and then its argument prototype would still apply.  */
| #ifdef __cplusplus
| extern "C"
| #endif
| char METIS_NodeNDP ();
| int
| main ()
| {
| return METIS_NodeNDP ();
|   ;
|   return 0;
| }
configure:16514: result: no
configure:16549: checking for METIS package
configure:16551: result: no
configure:16596: checking glpk.h usability
configure:16596: g++ -c -g -O2  -std=c++1y -D__STDC_FORMAT_MACROS   -I/usr/include/python3.8 -I/usr/include/python3.8  -I/home/rohin/sst/local/sst-core/include/sst/core -I/home/rohin/sst/local/sst-core/include conftest.cpp >&5
conftest.cpp:100:10: fatal error: glpk.h: No such file or directory
  100 | #include <glpk.h>
      |          ^~~~~~~~
compilation terminated.
configure:16596: $? = 1
configure: failed program was:
| /* confdefs.h */
| #define PACKAGE_NAME "SST Elements Library"
| #define PACKAGE_TARNAME "sst-elements-library"
| #define PACKAGE_VERSION "-dev"
| #define PACKAGE_STRING "SST Elements Library -dev"
| #define PACKAGE_BUGREPORT "sst@sandia.gov"
| #define PACKAGE_URL ""
| #define TIME_WITH_SYS_TIME 1
| #define STDC_HEADERS 1
| #define HAVE_SYS_TYPES_H 1
| #define HAVE_SYS_STAT_H 1
| #define HAVE_STDLIB_H 1
| #define HAVE_STRING_H 1
| #define HAVE_MEMORY_H 1
| #define HAVE_STRINGS_H 1
| #define HAVE_INTTYPES_H 1
| #define HAVE_STDINT_H 1
| #define HAVE_UNISTD_H 1
| #define HAVE_DLFCN_H 1
| #define LT_OBJDIR ".libs/"
| #define LT_MODULE_EXT ".so"
| #define LT_MODULE_PATH_VAR "LD_LIBRARY_PATH"
| #define LT_DLSEARCH_PATH "/lib:/usr/lib:/usr/lib/x86_64-linux-gnu/libfakeroot:/usr/local/lib/i386-linux-gnu:/lib/i386-linux-gnu:/usr/lib/i386-linux-gnu:/usr/local/lib/i686-linux-gnu:/lib/i686-linux-gnu:/usr/lib/i686-linux-gnu:/usr/local/lib:/usr/local/lib/x86_64-linux-gnu:/lib/x86_64-linux-gnu:/usr/lib/x86_64-linux-gnu:/lib32:/usr/lib32"
| #define HAVE_LIBDL 1
| #define HAVE_DLERROR 1
| #define HAVE_LIBDLLOADER 1
| #define HAVE_ARGZ_H 1
| #define HAVE_ERROR_T 1
| #define HAVE_ARGZ_ADD 1
| #define HAVE_ARGZ_APPEND 1
| #define HAVE_ARGZ_COUNT 1
| #define HAVE_ARGZ_CREATE_SEP 1
| #define HAVE_ARGZ_INSERT 1
| #define HAVE_ARGZ_NEXT 1
| #define HAVE_ARGZ_STRINGIFY 1
| #define HAVE_WORKING_ARGZ 1
| #define HAVE_PRELOADED_SYMBOLS 1
| #define HAVE_LTDL 1
| #define HAVE_UNISTD_H 1
| #define HAVE_DIRENT_H 1
| #define HAVE_CLOSEDIR 1
| #define HAVE_OPENDIR 1
| #define HAVE_READDIR 1
| #define LT_LIBEXT "a"
| #define LT_LIBPREFIX "lib"
| #define TIME_WITH_SYS_TIME 1
| #define NVDIMMSIM_LIBDIR ""
| #define PINTOOL_EXECUTABLE "/home/rohin/Desktop/essent_sst/contribution/shubham/pin_tool/pin"
| #define HAVE_PINCRT 1
| #define HAVE_SHM 1
| #define HAVE_LIBZ 1
| #define RAMULATOR_LIBDIR ""
| #define DRAMSIM_LIBDIR ""
| #define HBMDRAMSIM_LIBDIR ""
| #define HYBRIDSIM_LIBDIR ""
| #define GOBLIN_HMCSIM_LIBDIR ""
| #define NVDIMMSIM_LIBDIR ""
| #define FDSIM_LIBDIR ""
| #define HAVE_LIBZ 1
| #define STAKE_LIBDIR ""
| #define HAVE_LIBZ 1
| #define PINTOOL_EXECUTABLE "/home/rohin/Desktop/essent_sst/contribution/shubham/pin_tool/pin"
| #define HAVE_PINCRT 1
| #define HAVE_SHM 1
| #define METIS_LIBDIR ""
| /* end confdefs.h.  */
| #include <stdio.h>
| #ifdef HAVE_SYS_TYPES_H
| # include <sys/types.h>
| #endif
| #ifdef HAVE_SYS_STAT_H
| # include <sys/stat.h>
| #endif
| #ifdef STDC_HEADERS
| # include <stdlib.h>
| # include <stddef.h>
| #else
| # ifdef HAVE_STDLIB_H
| #  include <stdlib.h>
| # endif
| #endif
| #ifdef HAVE_STRING_H
| # if !defined STDC_HEADERS && defined HAVE_MEMORY_H
| #  include <memory.h>
| # endif
| # include <string.h>
| #endif
| #ifdef HAVE_STRINGS_H
| # include <strings.h>
| #endif
| #ifdef HAVE_INTTYPES_H
| # include <inttypes.h>
| #endif
| #ifdef HAVE_STDINT_H
| # include <stdint.h>
| #endif
| #ifdef HAVE_UNISTD_H
| # include <unistd.h>
| #endif
| #include <glpk.h>
configure:16596: result: no
configure:16596: checking glpk.h presence
configure:16596: g++ -E   -I/usr/include/python3.8 -I/usr/include/python3.8  -I/home/rohin/sst/local/sst-core/include/sst/core -I/home/rohin/sst/local/sst-core/include conftest.cpp
conftest.cpp:67:10: fatal error: glpk.h: No such file or directory
   67 | #include <glpk.h>
      |          ^~~~~~~~
compilation terminated.
configure:16596: $? = 1
configure: failed program was:
| /* confdefs.h */
| #define PACKAGE_NAME "SST Elements Library"
| #define PACKAGE_TARNAME "sst-elements-library"
| #define PACKAGE_VERSION "-dev"
| #define PACKAGE_STRING "SST Elements Library -dev"
| #define PACKAGE_BUGREPORT "sst@sandia.gov"
| #define PACKAGE_URL ""
| #define TIME_WITH_SYS_TIME 1
| #define STDC_HEADERS 1
| #define HAVE_SYS_TYPES_H 1
| #define HAVE_SYS_STAT_H 1
| #define HAVE_STDLIB_H 1
| #define HAVE_STRING_H 1
| #define HAVE_MEMORY_H 1
| #define HAVE_STRINGS_H 1
| #define HAVE_INTTYPES_H 1
| #define HAVE_STDINT_H 1
| #define HAVE_UNISTD_H 1
| #define HAVE_DLFCN_H 1
| #define LT_OBJDIR ".libs/"
| #define LT_MODULE_EXT ".so"
| #define LT_MODULE_PATH_VAR "LD_LIBRARY_PATH"
| #define LT_DLSEARCH_PATH "/lib:/usr/lib:/usr/lib/x86_64-linux-gnu/libfakeroot:/usr/local/lib/i386-linux-gnu:/lib/i386-linux-gnu:/usr/lib/i386-linux-gnu:/usr/local/lib/i686-linux-gnu:/lib/i686-linux-gnu:/usr/lib/i686-linux-gnu:/usr/local/lib:/usr/local/lib/x86_64-linux-gnu:/lib/x86_64-linux-gnu:/usr/lib/x86_64-linux-gnu:/lib32:/usr/lib32"
| #define HAVE_LIBDL 1
| #define HAVE_DLERROR 1
| #define HAVE_LIBDLLOADER 1
| #define HAVE_ARGZ_H 1
| #define HAVE_ERROR_T 1
| #define HAVE_ARGZ_ADD 1
| #define HAVE_ARGZ_APPEND 1
| #define HAVE_ARGZ_COUNT 1
| #define HAVE_ARGZ_CREATE_SEP 1
| #define HAVE_ARGZ_INSERT 1
| #define HAVE_ARGZ_NEXT 1
| #define HAVE_ARGZ_STRINGIFY 1
| #define HAVE_WORKING_ARGZ 1
| #define HAVE_PRELOADED_SYMBOLS 1
| #define HAVE_LTDL 1
| #define HAVE_UNISTD_H 1
| #define HAVE_DIRENT_H 1
| #define HAVE_CLOSEDIR 1
| #define HAVE_OPENDIR 1
| #define HAVE_READDIR 1
| #define LT_LIBEXT "a"
| #define LT_LIBPREFIX "lib"
| #define TIME_WITH_SYS_TIME 1
| #define NVDIMMSIM_LIBDIR ""
| #define PINTOOL_EXECUTABLE "/home/rohin/Desktop/essent_sst/contribution/shubham/pin_tool/pin"
| #define HAVE_PINCRT 1
| #define HAVE_SHM 1
| #define HAVE_LIBZ 1
| #define RAMULATOR_LIBDIR ""
| #define DRAMSIM_LIBDIR ""
| #define HBMDRAMSIM_LIBDIR ""
| #define HYBRIDSIM_LIBDIR ""
| #define GOBLIN_HMCSIM_LIBDIR ""
| #define NVDIMMSIM_LIBDIR ""
| #define FDSIM_LIBDIR ""
| #define HAVE_LIBZ 1
| #define STAKE_LIBDIR ""
| #define HAVE_LIBZ 1
| #define PINTOOL_EXECUTABLE "/home/rohin/Desktop/essent_sst/contribution/shubham/pin_tool/pin"
| #define HAVE_PINCRT 1
| #define HAVE_SHM 1
| #define METIS_LIBDIR ""
| /* end confdefs.h.  */
| #include <glpk.h>
configure:16596: result: no
configure:16596: checking for glpk.h
configure:16596: result: no
configure:16608: checking for glp_create_prob in -lglpk
configure:16633: g++ -o conftest -g -O2  -std=c++1y -D__STDC_FORMAT_MACROS   -I/usr/include/python3.8 -I/usr/include/python3.8  -I/home/rohin/sst/local/sst-core/include/sst/core -I/home/rohin/sst/local/sst-core/include    -L/usr/lib/python3.8/config-3.8-x86_64-linux-gnu -L/usr/lib -lpython3.8 -lcrypt -lpthread -ldl  -lutil -lm -lm  conftest.cpp -lglpk     >&5
/usr/bin/ld: cannot find -lglpk
collect2: error: ld returned 1 exit status
configure:16633: $? = 1
configure: failed program was:
| /* confdefs.h */
| #define PACKAGE_NAME "SST Elements Library"
| #define PACKAGE_TARNAME "sst-elements-library"
| #define PACKAGE_VERSION "-dev"
| #define PACKAGE_STRING "SST Elements Library -dev"
| #define PACKAGE_BUGREPORT "sst@sandia.gov"
| #define PACKAGE_URL ""
| #define TIME_WITH_SYS_TIME 1
| #define STDC_HEADERS 1
| #define HAVE_SYS_TYPES_H 1
| #define HAVE_SYS_STAT_H 1
| #define HAVE_STDLIB_H 1
| #define HAVE_STRING_H 1
| #define HAVE_MEMORY_H 1
| #define HAVE_STRINGS_H 1
| #define HAVE_INTTYPES_H 1
| #define HAVE_STDINT_H 1
| #define HAVE_UNISTD_H 1
| #define HAVE_DLFCN_H 1
| #define LT_OBJDIR ".libs/"
| #define LT_MODULE_EXT ".so"
| #define LT_MODULE_PATH_VAR "LD_LIBRARY_PATH"
| #define LT_DLSEARCH_PATH "/lib:/usr/lib:/usr/lib/x86_64-linux-gnu/libfakeroot:/usr/local/lib/i386-linux-gnu:/lib/i386-linux-gnu:/usr/lib/i386-linux-gnu:/usr/local/lib/i686-linux-gnu:/lib/i686-linux-gnu:/usr/lib/i686-linux-gnu:/usr/local/lib:/usr/local/lib/x86_64-linux-gnu:/lib/x86_64-linux-gnu:/usr/lib/x86_64-linux-gnu:/lib32:/usr/lib32"
| #define HAVE_LIBDL 1
| #define HAVE_DLERROR 1
| #define HAVE_LIBDLLOADER 1
| #define HAVE_ARGZ_H 1
| #define HAVE_ERROR_T 1
| #define HAVE_ARGZ_ADD 1
| #define HAVE_ARGZ_APPEND 1
| #define HAVE_ARGZ_COUNT 1
| #define HAVE_ARGZ_CREATE_SEP 1
| #define HAVE_ARGZ_INSERT 1
| #define HAVE_ARGZ_NEXT 1
| #define HAVE_ARGZ_STRINGIFY 1
| #define HAVE_WORKING_ARGZ 1
| #define HAVE_PRELOADED_SYMBOLS 1
| #define HAVE_LTDL 1
| #define HAVE_UNISTD_H 1
| #define HAVE_DIRENT_H 1
| #define HAVE_CLOSEDIR 1
| #define HAVE_OPENDIR 1
| #define HAVE_READDIR 1
| #define LT_LIBEXT "a"
| #define LT_LIBPREFIX "lib"
| #define TIME_WITH_SYS_TIME 1
| #define NVDIMMSIM_LIBDIR ""
| #define PINTOOL_EXECUTABLE "/home/rohin/Desktop/essent_sst/contribution/shubham/pin_tool/pin"
| #define HAVE_PINCRT 1
| #define HAVE_SHM 1
| #define HAVE_LIBZ 1
| #define RAMULATOR_LIBDIR ""
| #define DRAMSIM_LIBDIR ""
| #define HBMDRAMSIM_LIBDIR ""
| #define HYBRIDSIM_LIBDIR ""
| #define GOBLIN_HMCSIM_LIBDIR ""
| #define NVDIMMSIM_LIBDIR ""
| #define FDSIM_LIBDIR ""
| #define HAVE_LIBZ 1
| #define STAKE_LIBDIR ""
| #define HAVE_LIBZ 1
| #define PINTOOL_EXECUTABLE "/home/rohin/Desktop/essent_sst/contribution/shubham/pin_tool/pin"
| #define HAVE_PINCRT 1
| #define HAVE_SHM 1
| #define METIS_LIBDIR ""
| /* end confdefs.h.  */
| 
| /* Override any GCC internal prototype to avoid an error.
|    Use char because int might match the return type of a GCC
|    builtin and then its argument prototype would still apply.  */
| #ifdef __cplusplus
| extern "C"
| #endif
| char glp_create_prob ();
| int
| main ()
| {
| return glp_create_prob ();
|   ;
|   return 0;
| }
configure:16642: result: no
configure:16770: checking Vault.h usability
configure:16770: g++ -c -g -O2  -std=c++1y -D__STDC_FORMAT_MACROS   -I/usr/include/python3.8 -I/usr/include/python3.8  -I/home/rohin/sst/local/sst-core/include/sst/core -I/home/rohin/sst/local/sst-core/include conftest.cpp >&5
conftest.cpp:101:10: fatal error: Vault.h: No such file or directory
  101 | #include <Vault.h>
      |          ^~~~~~~~~
compilation terminated.
configure:16770: $? = 1
configure: failed program was:
| /* confdefs.h */
| #define PACKAGE_NAME "SST Elements Library"
| #define PACKAGE_TARNAME "sst-elements-library"
| #define PACKAGE_VERSION "-dev"
| #define PACKAGE_STRING "SST Elements Library -dev"
| #define PACKAGE_BUGREPORT "sst@sandia.gov"
| #define PACKAGE_URL ""
| #define TIME_WITH_SYS_TIME 1
| #define STDC_HEADERS 1
| #define HAVE_SYS_TYPES_H 1
| #define HAVE_SYS_STAT_H 1
| #define HAVE_STDLIB_H 1
| #define HAVE_STRING_H 1
| #define HAVE_MEMORY_H 1
| #define HAVE_STRINGS_H 1
| #define HAVE_INTTYPES_H 1
| #define HAVE_STDINT_H 1
| #define HAVE_UNISTD_H 1
| #define HAVE_DLFCN_H 1
| #define LT_OBJDIR ".libs/"
| #define LT_MODULE_EXT ".so"
| #define LT_MODULE_PATH_VAR "LD_LIBRARY_PATH"
| #define LT_DLSEARCH_PATH "/lib:/usr/lib:/usr/lib/x86_64-linux-gnu/libfakeroot:/usr/local/lib/i386-linux-gnu:/lib/i386-linux-gnu:/usr/lib/i386-linux-gnu:/usr/local/lib/i686-linux-gnu:/lib/i686-linux-gnu:/usr/lib/i686-linux-gnu:/usr/local/lib:/usr/local/lib/x86_64-linux-gnu:/lib/x86_64-linux-gnu:/usr/lib/x86_64-linux-gnu:/lib32:/usr/lib32"
| #define HAVE_LIBDL 1
| #define HAVE_DLERROR 1
| #define HAVE_LIBDLLOADER 1
| #define HAVE_ARGZ_H 1
| #define HAVE_ERROR_T 1
| #define HAVE_ARGZ_ADD 1
| #define HAVE_ARGZ_APPEND 1
| #define HAVE_ARGZ_COUNT 1
| #define HAVE_ARGZ_CREATE_SEP 1
| #define HAVE_ARGZ_INSERT 1
| #define HAVE_ARGZ_NEXT 1
| #define HAVE_ARGZ_STRINGIFY 1
| #define HAVE_WORKING_ARGZ 1
| #define HAVE_PRELOADED_SYMBOLS 1
| #define HAVE_LTDL 1
| #define HAVE_UNISTD_H 1
| #define HAVE_DIRENT_H 1
| #define HAVE_CLOSEDIR 1
| #define HAVE_OPENDIR 1
| #define HAVE_READDIR 1
| #define LT_LIBEXT "a"
| #define LT_LIBPREFIX "lib"
| #define TIME_WITH_SYS_TIME 1
| #define NVDIMMSIM_LIBDIR ""
| #define PINTOOL_EXECUTABLE "/home/rohin/Desktop/essent_sst/contribution/shubham/pin_tool/pin"
| #define HAVE_PINCRT 1
| #define HAVE_SHM 1
| #define HAVE_LIBZ 1
| #define RAMULATOR_LIBDIR ""
| #define DRAMSIM_LIBDIR ""
| #define HBMDRAMSIM_LIBDIR ""
| #define HYBRIDSIM_LIBDIR ""
| #define GOBLIN_HMCSIM_LIBDIR ""
| #define NVDIMMSIM_LIBDIR ""
| #define FDSIM_LIBDIR ""
| #define HAVE_LIBZ 1
| #define STAKE_LIBDIR ""
| #define HAVE_LIBZ 1
| #define PINTOOL_EXECUTABLE "/home/rohin/Desktop/essent_sst/contribution/shubham/pin_tool/pin"
| #define HAVE_PINCRT 1
| #define HAVE_SHM 1
| #define METIS_LIBDIR ""
| #define GLPK_LIBDIR ""
| /* end confdefs.h.  */
| #include <stdio.h>
| #ifdef HAVE_SYS_TYPES_H
| # include <sys/types.h>
| #endif
| #ifdef HAVE_SYS_STAT_H
| # include <sys/stat.h>
| #endif
| #ifdef STDC_HEADERS
| # include <stdlib.h>
| # include <stddef.h>
| #else
| # ifdef HAVE_STDLIB_H
| #  include <stdlib.h>
| # endif
| #endif
| #ifdef HAVE_STRING_H
| # if !defined STDC_HEADERS && defined HAVE_MEMORY_H
| #  include <memory.h>
| # endif
| # include <string.h>
| #endif
| #ifdef HAVE_STRINGS_H
| # include <strings.h>
| #endif
| #ifdef HAVE_INTTYPES_H
| # include <inttypes.h>
| #endif
| #ifdef HAVE_STDINT_H
| # include <stdint.h>
| #endif
| #ifdef HAVE_UNISTD_H
| # include <unistd.h>
| #endif
| #include <Vault.h>
configure:16770: result: no
configure:16770: checking Vault.h presence
configure:16770: g++ -E   -I/usr/include/python3.8 -I/usr/include/python3.8  -I/home/rohin/sst/local/sst-core/include/sst/core -I/home/rohin/sst/local/sst-core/include conftest.cpp
conftest.cpp:68:10: fatal error: Vault.h: No such file or directory
   68 | #include <Vault.h>
      |          ^~~~~~~~~
compilation terminated.
configure:16770: $? = 1
configure: failed program was:
| /* confdefs.h */
| #define PACKAGE_NAME "SST Elements Library"
| #define PACKAGE_TARNAME "sst-elements-library"
| #define PACKAGE_VERSION "-dev"
| #define PACKAGE_STRING "SST Elements Library -dev"
| #define PACKAGE_BUGREPORT "sst@sandia.gov"
| #define PACKAGE_URL ""
| #define TIME_WITH_SYS_TIME 1
| #define STDC_HEADERS 1
| #define HAVE_SYS_TYPES_H 1
| #define HAVE_SYS_STAT_H 1
| #define HAVE_STDLIB_H 1
| #define HAVE_STRING_H 1
| #define HAVE_MEMORY_H 1
| #define HAVE_STRINGS_H 1
| #define HAVE_INTTYPES_H 1
| #define HAVE_STDINT_H 1
| #define HAVE_UNISTD_H 1
| #define HAVE_DLFCN_H 1
| #define LT_OBJDIR ".libs/"
| #define LT_MODULE_EXT ".so"
| #define LT_MODULE_PATH_VAR "LD_LIBRARY_PATH"
| #define LT_DLSEARCH_PATH "/lib:/usr/lib:/usr/lib/x86_64-linux-gnu/libfakeroot:/usr/local/lib/i386-linux-gnu:/lib/i386-linux-gnu:/usr/lib/i386-linux-gnu:/usr/local/lib/i686-linux-gnu:/lib/i686-linux-gnu:/usr/lib/i686-linux-gnu:/usr/local/lib:/usr/local/lib/x86_64-linux-gnu:/lib/x86_64-linux-gnu:/usr/lib/x86_64-linux-gnu:/lib32:/usr/lib32"
| #define HAVE_LIBDL 1
| #define HAVE_DLERROR 1
| #define HAVE_LIBDLLOADER 1
| #define HAVE_ARGZ_H 1
| #define HAVE_ERROR_T 1
| #define HAVE_ARGZ_ADD 1
| #define HAVE_ARGZ_APPEND 1
| #define HAVE_ARGZ_COUNT 1
| #define HAVE_ARGZ_CREATE_SEP 1
| #define HAVE_ARGZ_INSERT 1
| #define HAVE_ARGZ_NEXT 1
| #define HAVE_ARGZ_STRINGIFY 1
| #define HAVE_WORKING_ARGZ 1
| #define HAVE_PRELOADED_SYMBOLS 1
| #define HAVE_LTDL 1
| #define HAVE_UNISTD_H 1
| #define HAVE_DIRENT_H 1
| #define HAVE_CLOSEDIR 1
| #define HAVE_OPENDIR 1
| #define HAVE_READDIR 1
| #define LT_LIBEXT "a"
| #define LT_LIBPREFIX "lib"
| #define TIME_WITH_SYS_TIME 1
| #define NVDIMMSIM_LIBDIR ""
| #define PINTOOL_EXECUTABLE "/home/rohin/Desktop/essent_sst/contribution/shubham/pin_tool/pin"
| #define HAVE_PINCRT 1
| #define HAVE_SHM 1
| #define HAVE_LIBZ 1
| #define RAMULATOR_LIBDIR ""
| #define DRAMSIM_LIBDIR ""
| #define HBMDRAMSIM_LIBDIR ""
| #define HYBRIDSIM_LIBDIR ""
| #define GOBLIN_HMCSIM_LIBDIR ""
| #define NVDIMMSIM_LIBDIR ""
| #define FDSIM_LIBDIR ""
| #define HAVE_LIBZ 1
| #define STAKE_LIBDIR ""
| #define HAVE_LIBZ 1
| #define PINTOOL_EXECUTABLE "/home/rohin/Desktop/essent_sst/contribution/shubham/pin_tool/pin"
| #define HAVE_PINCRT 1
| #define HAVE_SHM 1
| #define METIS_LIBDIR ""
| #define GLPK_LIBDIR ""
| /* end confdefs.h.  */
| #include <Vault.h>
configure:16770: result: no
configure:16770: checking for Vault.h
configure:16770: result: no
configure:16782: checking for vault_is_present in -lphx
configure:16807: g++ -o conftest -g -O2  -std=c++1y -D__STDC_FORMAT_MACROS   -I/usr/include/python3.8 -I/usr/include/python3.8  -I/home/rohin/sst/local/sst-core/include/sst/core -I/home/rohin/sst/local/sst-core/include    -L/usr/lib/python3.8/config-3.8-x86_64-linux-gnu -L/usr/lib -lpython3.8 -lcrypt -lpthread -ldl  -lutil -lm -lm  conftest.cpp -lphx     >&5
/usr/bin/ld: cannot find -lphx
collect2: error: ld returned 1 exit status
configure:16807: $? = 1
configure: failed program was:
| /* confdefs.h */
| #define PACKAGE_NAME "SST Elements Library"
| #define PACKAGE_TARNAME "sst-elements-library"
| #define PACKAGE_VERSION "-dev"
| #define PACKAGE_STRING "SST Elements Library -dev"
| #define PACKAGE_BUGREPORT "sst@sandia.gov"
| #define PACKAGE_URL ""
| #define TIME_WITH_SYS_TIME 1
| #define STDC_HEADERS 1
| #define HAVE_SYS_TYPES_H 1
| #define HAVE_SYS_STAT_H 1
| #define HAVE_STDLIB_H 1
| #define HAVE_STRING_H 1
| #define HAVE_MEMORY_H 1
| #define HAVE_STRINGS_H 1
| #define HAVE_INTTYPES_H 1
| #define HAVE_STDINT_H 1
| #define HAVE_UNISTD_H 1
| #define HAVE_DLFCN_H 1
| #define LT_OBJDIR ".libs/"
| #define LT_MODULE_EXT ".so"
| #define LT_MODULE_PATH_VAR "LD_LIBRARY_PATH"
| #define LT_DLSEARCH_PATH "/lib:/usr/lib:/usr/lib/x86_64-linux-gnu/libfakeroot:/usr/local/lib/i386-linux-gnu:/lib/i386-linux-gnu:/usr/lib/i386-linux-gnu:/usr/local/lib/i686-linux-gnu:/lib/i686-linux-gnu:/usr/lib/i686-linux-gnu:/usr/local/lib:/usr/local/lib/x86_64-linux-gnu:/lib/x86_64-linux-gnu:/usr/lib/x86_64-linux-gnu:/lib32:/usr/lib32"
| #define HAVE_LIBDL 1
| #define HAVE_DLERROR 1
| #define HAVE_LIBDLLOADER 1
| #define HAVE_ARGZ_H 1
| #define HAVE_ERROR_T 1
| #define HAVE_ARGZ_ADD 1
| #define HAVE_ARGZ_APPEND 1
| #define HAVE_ARGZ_COUNT 1
| #define HAVE_ARGZ_CREATE_SEP 1
| #define HAVE_ARGZ_INSERT 1
| #define HAVE_ARGZ_NEXT 1
| #define HAVE_ARGZ_STRINGIFY 1
| #define HAVE_WORKING_ARGZ 1
| #define HAVE_PRELOADED_SYMBOLS 1
| #define HAVE_LTDL 1
| #define HAVE_UNISTD_H 1
| #define HAVE_DIRENT_H 1
| #define HAVE_CLOSEDIR 1
| #define HAVE_OPENDIR 1
| #define HAVE_READDIR 1
| #define LT_LIBEXT "a"
| #define LT_LIBPREFIX "lib"
| #define TIME_WITH_SYS_TIME 1
| #define NVDIMMSIM_LIBDIR ""
| #define PINTOOL_EXECUTABLE "/home/rohin/Desktop/essent_sst/contribution/shubham/pin_tool/pin"
| #define HAVE_PINCRT 1
| #define HAVE_SHM 1
| #define HAVE_LIBZ 1
| #define RAMULATOR_LIBDIR ""
| #define DRAMSIM_LIBDIR ""
| #define HBMDRAMSIM_LIBDIR ""
| #define HYBRIDSIM_LIBDIR ""
| #define GOBLIN_HMCSIM_LIBDIR ""
| #define NVDIMMSIM_LIBDIR ""
| #define FDSIM_LIBDIR ""
| #define HAVE_LIBZ 1
| #define STAKE_LIBDIR ""
| #define HAVE_LIBZ 1
| #define PINTOOL_EXECUTABLE "/home/rohin/Desktop/essent_sst/contribution/shubham/pin_tool/pin"
| #define HAVE_PINCRT 1
| #define HAVE_SHM 1
| #define METIS_LIBDIR ""
| #define GLPK_LIBDIR ""
| /* end confdefs.h.  */
| 
| /* Override any GCC internal prototype to avoid an error.
|    Use char because int might match the return type of a GCC
|    builtin and then its argument prototype would still apply.  */
| #ifdef __cplusplus
| extern "C"
| #endif
| char vault_is_present ();
| int
| main ()
| {
| return vault_is_present ();
|   ;
|   return 0;
| }
configure:16816: result: no
configure:16869: No usable PHX Library building with internal timings
configure:16923: checking for otfconfig
configure:16956: result: no
configure:16988: checking for OTF library
configure:16990: result: no
configure:17039: checking dumpi/libundumpi/libundumpi.h usability
configure:17039: g++ -c -g -O2  -std=c++1y -D__STDC_FORMAT_MACROS   -I/usr/include/python3.8 -I/usr/include/python3.8  -I/home/rohin/sst/local/sst-core/include/sst/core -I/home/rohin/sst/local/sst-core/include conftest.cpp >&5
conftest.cpp:102:10: fatal error: dumpi/libundumpi/libundumpi.h: No such file or directory
  102 | #include <dumpi/libundumpi/libundumpi.h>
      |          ^~~~~~~~~~~~~~~~~~~~~~~~~~~~~~~
compilation terminated.
configure:17039: $? = 1
configure: failed program was:
| /* confdefs.h */
| #define PACKAGE_NAME "SST Elements Library"
| #define PACKAGE_TARNAME "sst-elements-library"
| #define PACKAGE_VERSION "-dev"
| #define PACKAGE_STRING "SST Elements Library -dev"
| #define PACKAGE_BUGREPORT "sst@sandia.gov"
| #define PACKAGE_URL ""
| #define TIME_WITH_SYS_TIME 1
| #define STDC_HEADERS 1
| #define HAVE_SYS_TYPES_H 1
| #define HAVE_SYS_STAT_H 1
| #define HAVE_STDLIB_H 1
| #define HAVE_STRING_H 1
| #define HAVE_MEMORY_H 1
| #define HAVE_STRINGS_H 1
| #define HAVE_INTTYPES_H 1
| #define HAVE_STDINT_H 1
| #define HAVE_UNISTD_H 1
| #define HAVE_DLFCN_H 1
| #define LT_OBJDIR ".libs/"
| #define LT_MODULE_EXT ".so"
| #define LT_MODULE_PATH_VAR "LD_LIBRARY_PATH"
| #define LT_DLSEARCH_PATH "/lib:/usr/lib:/usr/lib/x86_64-linux-gnu/libfakeroot:/usr/local/lib/i386-linux-gnu:/lib/i386-linux-gnu:/usr/lib/i386-linux-gnu:/usr/local/lib/i686-linux-gnu:/lib/i686-linux-gnu:/usr/lib/i686-linux-gnu:/usr/local/lib:/usr/local/lib/x86_64-linux-gnu:/lib/x86_64-linux-gnu:/usr/lib/x86_64-linux-gnu:/lib32:/usr/lib32"
| #define HAVE_LIBDL 1
| #define HAVE_DLERROR 1
| #define HAVE_LIBDLLOADER 1
| #define HAVE_ARGZ_H 1
| #define HAVE_ERROR_T 1
| #define HAVE_ARGZ_ADD 1
| #define HAVE_ARGZ_APPEND 1
| #define HAVE_ARGZ_COUNT 1
| #define HAVE_ARGZ_CREATE_SEP 1
| #define HAVE_ARGZ_INSERT 1
| #define HAVE_ARGZ_NEXT 1
| #define HAVE_ARGZ_STRINGIFY 1
| #define HAVE_WORKING_ARGZ 1
| #define HAVE_PRELOADED_SYMBOLS 1
| #define HAVE_LTDL 1
| #define HAVE_UNISTD_H 1
| #define HAVE_DIRENT_H 1
| #define HAVE_CLOSEDIR 1
| #define HAVE_OPENDIR 1
| #define HAVE_READDIR 1
| #define LT_LIBEXT "a"
| #define LT_LIBPREFIX "lib"
| #define TIME_WITH_SYS_TIME 1
| #define NVDIMMSIM_LIBDIR ""
| #define PINTOOL_EXECUTABLE "/home/rohin/Desktop/essent_sst/contribution/shubham/pin_tool/pin"
| #define HAVE_PINCRT 1
| #define HAVE_SHM 1
| #define HAVE_LIBZ 1
| #define RAMULATOR_LIBDIR ""
| #define DRAMSIM_LIBDIR ""
| #define HBMDRAMSIM_LIBDIR ""
| #define HYBRIDSIM_LIBDIR ""
| #define GOBLIN_HMCSIM_LIBDIR ""
| #define NVDIMMSIM_LIBDIR ""
| #define FDSIM_LIBDIR ""
| #define HAVE_LIBZ 1
| #define STAKE_LIBDIR ""
| #define HAVE_LIBZ 1
| #define PINTOOL_EXECUTABLE "/home/rohin/Desktop/essent_sst/contribution/shubham/pin_tool/pin"
| #define HAVE_PINCRT 1
| #define HAVE_SHM 1
| #define METIS_LIBDIR ""
| #define GLPK_LIBDIR ""
| #define LIBPHX_LIBDIR ""
| /* end confdefs.h.  */
| #include <stdio.h>
| #ifdef HAVE_SYS_TYPES_H
| # include <sys/types.h>
| #endif
| #ifdef HAVE_SYS_STAT_H
| # include <sys/stat.h>
| #endif
| #ifdef STDC_HEADERS
| # include <stdlib.h>
| # include <stddef.h>
| #else
| # ifdef HAVE_STDLIB_H
| #  include <stdlib.h>
| # endif
| #endif
| #ifdef HAVE_STRING_H
| # if !defined STDC_HEADERS && defined HAVE_MEMORY_H
| #  include <memory.h>
| # endif
| # include <string.h>
| #endif
| #ifdef HAVE_STRINGS_H
| # include <strings.h>
| #endif
| #ifdef HAVE_INTTYPES_H
| # include <inttypes.h>
| #endif
| #ifdef HAVE_STDINT_H
| # include <stdint.h>
| #endif
| #ifdef HAVE_UNISTD_H
| # include <unistd.h>
| #endif
| #include <dumpi/libundumpi/libundumpi.h>
configure:17039: result: no
configure:17039: checking dumpi/libundumpi/libundumpi.h presence
configure:17039: g++ -E   -I/usr/include/python3.8 -I/usr/include/python3.8  -I/home/rohin/sst/local/sst-core/include/sst/core -I/home/rohin/sst/local/sst-core/include conftest.cpp
conftest.cpp:69:10: fatal error: dumpi/libundumpi/libundumpi.h: No such file or directory
   69 | #include <dumpi/libundumpi/libundumpi.h>
      |          ^~~~~~~~~~~~~~~~~~~~~~~~~~~~~~~
compilation terminated.
configure:17039: $? = 1
configure: failed program was:
| /* confdefs.h */
| #define PACKAGE_NAME "SST Elements Library"
| #define PACKAGE_TARNAME "sst-elements-library"
| #define PACKAGE_VERSION "-dev"
| #define PACKAGE_STRING "SST Elements Library -dev"
| #define PACKAGE_BUGREPORT "sst@sandia.gov"
| #define PACKAGE_URL ""
| #define TIME_WITH_SYS_TIME 1
| #define STDC_HEADERS 1
| #define HAVE_SYS_TYPES_H 1
| #define HAVE_SYS_STAT_H 1
| #define HAVE_STDLIB_H 1
| #define HAVE_STRING_H 1
| #define HAVE_MEMORY_H 1
| #define HAVE_STRINGS_H 1
| #define HAVE_INTTYPES_H 1
| #define HAVE_STDINT_H 1
| #define HAVE_UNISTD_H 1
| #define HAVE_DLFCN_H 1
| #define LT_OBJDIR ".libs/"
| #define LT_MODULE_EXT ".so"
| #define LT_MODULE_PATH_VAR "LD_LIBRARY_PATH"
| #define LT_DLSEARCH_PATH "/lib:/usr/lib:/usr/lib/x86_64-linux-gnu/libfakeroot:/usr/local/lib/i386-linux-gnu:/lib/i386-linux-gnu:/usr/lib/i386-linux-gnu:/usr/local/lib/i686-linux-gnu:/lib/i686-linux-gnu:/usr/lib/i686-linux-gnu:/usr/local/lib:/usr/local/lib/x86_64-linux-gnu:/lib/x86_64-linux-gnu:/usr/lib/x86_64-linux-gnu:/lib32:/usr/lib32"
| #define HAVE_LIBDL 1
| #define HAVE_DLERROR 1
| #define HAVE_LIBDLLOADER 1
| #define HAVE_ARGZ_H 1
| #define HAVE_ERROR_T 1
| #define HAVE_ARGZ_ADD 1
| #define HAVE_ARGZ_APPEND 1
| #define HAVE_ARGZ_COUNT 1
| #define HAVE_ARGZ_CREATE_SEP 1
| #define HAVE_ARGZ_INSERT 1
| #define HAVE_ARGZ_NEXT 1
| #define HAVE_ARGZ_STRINGIFY 1
| #define HAVE_WORKING_ARGZ 1
| #define HAVE_PRELOADED_SYMBOLS 1
| #define HAVE_LTDL 1
| #define HAVE_UNISTD_H 1
| #define HAVE_DIRENT_H 1
| #define HAVE_CLOSEDIR 1
| #define HAVE_OPENDIR 1
| #define HAVE_READDIR 1
| #define LT_LIBEXT "a"
| #define LT_LIBPREFIX "lib"
| #define TIME_WITH_SYS_TIME 1
| #define NVDIMMSIM_LIBDIR ""
| #define PINTOOL_EXECUTABLE "/home/rohin/Desktop/essent_sst/contribution/shubham/pin_tool/pin"
| #define HAVE_PINCRT 1
| #define HAVE_SHM 1
| #define HAVE_LIBZ 1
| #define RAMULATOR_LIBDIR ""
| #define DRAMSIM_LIBDIR ""
| #define HBMDRAMSIM_LIBDIR ""
| #define HYBRIDSIM_LIBDIR ""
| #define GOBLIN_HMCSIM_LIBDIR ""
| #define NVDIMMSIM_LIBDIR ""
| #define FDSIM_LIBDIR ""
| #define HAVE_LIBZ 1
| #define STAKE_LIBDIR ""
| #define HAVE_LIBZ 1
| #define PINTOOL_EXECUTABLE "/home/rohin/Desktop/essent_sst/contribution/shubham/pin_tool/pin"
| #define HAVE_PINCRT 1
| #define HAVE_SHM 1
| #define METIS_LIBDIR ""
| #define GLPK_LIBDIR ""
| #define LIBPHX_LIBDIR ""
| /* end confdefs.h.  */
| #include <dumpi/libundumpi/libundumpi.h>
configure:17039: result: no
configure:17039: checking for dumpi/libundumpi/libundumpi.h
configure:17039: result: no
configure:17054: checking for undumpi_open in -lundumpi
configure:17079: gcc -o conftest -g -O2    -I/usr/include/python3.8 -I/usr/include/python3.8  -I/home/rohin/sst/local/sst-core/include/sst/core -I/home/rohin/sst/local/sst-core/include    -L/usr/lib/python3.8/config-3.8-x86_64-linux-gnu -L/usr/lib -lpython3.8 -lcrypt -lpthread -ldl  -lutil -lm -lm  conftest.c -lundumpi     >&5
/usr/bin/ld: cannot find -lundumpi
collect2: error: ld returned 1 exit status
configure:17079: $? = 1
configure: failed program was:
| /* confdefs.h */
| #define PACKAGE_NAME "SST Elements Library"
| #define PACKAGE_TARNAME "sst-elements-library"
| #define PACKAGE_VERSION "-dev"
| #define PACKAGE_STRING "SST Elements Library -dev"
| #define PACKAGE_BUGREPORT "sst@sandia.gov"
| #define PACKAGE_URL ""
| #define TIME_WITH_SYS_TIME 1
| #define STDC_HEADERS 1
| #define HAVE_SYS_TYPES_H 1
| #define HAVE_SYS_STAT_H 1
| #define HAVE_STDLIB_H 1
| #define HAVE_STRING_H 1
| #define HAVE_MEMORY_H 1
| #define HAVE_STRINGS_H 1
| #define HAVE_INTTYPES_H 1
| #define HAVE_STDINT_H 1
| #define HAVE_UNISTD_H 1
| #define HAVE_DLFCN_H 1
| #define LT_OBJDIR ".libs/"
| #define LT_MODULE_EXT ".so"
| #define LT_MODULE_PATH_VAR "LD_LIBRARY_PATH"
| #define LT_DLSEARCH_PATH "/lib:/usr/lib:/usr/lib/x86_64-linux-gnu/libfakeroot:/usr/local/lib/i386-linux-gnu:/lib/i386-linux-gnu:/usr/lib/i386-linux-gnu:/usr/local/lib/i686-linux-gnu:/lib/i686-linux-gnu:/usr/lib/i686-linux-gnu:/usr/local/lib:/usr/local/lib/x86_64-linux-gnu:/lib/x86_64-linux-gnu:/usr/lib/x86_64-linux-gnu:/lib32:/usr/lib32"
| #define HAVE_LIBDL 1
| #define HAVE_DLERROR 1
| #define HAVE_LIBDLLOADER 1
| #define HAVE_ARGZ_H 1
| #define HAVE_ERROR_T 1
| #define HAVE_ARGZ_ADD 1
| #define HAVE_ARGZ_APPEND 1
| #define HAVE_ARGZ_COUNT 1
| #define HAVE_ARGZ_CREATE_SEP 1
| #define HAVE_ARGZ_INSERT 1
| #define HAVE_ARGZ_NEXT 1
| #define HAVE_ARGZ_STRINGIFY 1
| #define HAVE_WORKING_ARGZ 1
| #define HAVE_PRELOADED_SYMBOLS 1
| #define HAVE_LTDL 1
| #define HAVE_UNISTD_H 1
| #define HAVE_DIRENT_H 1
| #define HAVE_CLOSEDIR 1
| #define HAVE_OPENDIR 1
| #define HAVE_READDIR 1
| #define LT_LIBEXT "a"
| #define LT_LIBPREFIX "lib"
| #define TIME_WITH_SYS_TIME 1
| #define NVDIMMSIM_LIBDIR ""
| #define PINTOOL_EXECUTABLE "/home/rohin/Desktop/essent_sst/contribution/shubham/pin_tool/pin"
| #define HAVE_PINCRT 1
| #define HAVE_SHM 1
| #define HAVE_LIBZ 1
| #define RAMULATOR_LIBDIR ""
| #define DRAMSIM_LIBDIR ""
| #define HBMDRAMSIM_LIBDIR ""
| #define HYBRIDSIM_LIBDIR ""
| #define GOBLIN_HMCSIM_LIBDIR ""
| #define NVDIMMSIM_LIBDIR ""
| #define FDSIM_LIBDIR ""
| #define HAVE_LIBZ 1
| #define STAKE_LIBDIR ""
| #define HAVE_LIBZ 1
| #define PINTOOL_EXECUTABLE "/home/rohin/Desktop/essent_sst/contribution/shubham/pin_tool/pin"
| #define HAVE_PINCRT 1
| #define HAVE_SHM 1
| #define METIS_LIBDIR ""
| #define GLPK_LIBDIR ""
| #define LIBPHX_LIBDIR ""
| /* end confdefs.h.  */
| 
| /* Override any GCC internal prototype to avoid an error.
|    Use char because int might match the return type of a GCC
|    builtin and then its argument prototype would still apply.  */
| #ifdef __cplusplus
| extern "C"
| #endif
| char undumpi_open ();
| int
| main ()
| {
| return undumpi_open ();
|   ;
|   return 0;
| }
configure:17088: result: no
configure:17117: checking for DUMPI tracing library
configure:17119: result: no
configure:17186: checking for SST-Elements Git Branch, Head SHA and Commit Count
configure:17190: result: master
configure:17193: result: 9e2700568823aee7eca5684a6ac5f3cc28768e69
configure:17196: result: 12245
configure:17261: g++ -c -g -O2  -std=c++1y -D__STDC_FORMAT_MACROS    -I/usr/include/python3.8 -I/usr/include/python3.8  -I/home/rohin/sst/local/sst-core/include/sst/core -I/home/rohin/sst/local/sst-core/include conftest.cpp >&5
configure:17261: $? = 0
configure:17294: checking for for PR_SET_PTRACER
configure:17296: result: yes
configure:17404: checking that generated files are newer than configure
configure:17410: result: done
configure:17586: creating ./config.status

## ---------------------- ##
## Running config.status. ##
## ---------------------- ##

This file was extended by SST Elements Library config.status -dev, which was
generated by GNU Autoconf 2.69.  Invocation command line was

  CONFIG_FILES    = 
  CONFIG_HEADERS  = 
  CONFIG_LINKS    = 
  CONFIG_COMMANDS = 
  $ ./config.status 

on rohin

config.status:1379: creating src/sst/elements/ariel/Makefile
config.status:1379: creating src/sst/elements/cacheTracer/Makefile
config.status:1379: creating src/sst/elements/cassini/Makefile
config.status:1379: creating src/sst/elements/CramSim/Makefile
config.status:1379: creating src/sst/elements/ember/Makefile
config.status:1379: creating src/sst/elements/firefly/Makefile
config.status:1379: creating src/sst/elements/GNA/Makefile
config.status:1379: creating src/sst/elements/hermes/Makefile
config.status:1379: creating src/sst/elements/kingsley/Makefile
config.status:1379: creating src/sst/elements/memHierarchy/Makefile
config.status:1379: creating src/sst/elements/merlin/Makefile
config.status:1379: creating src/sst/elements/Messier/Makefile
config.status:1379: creating src/sst/elements/miranda/Makefile
config.status:1379: creating src/sst/elements/Opal/Makefile
config.status:1379: creating src/sst/elements/prospero/Makefile
config.status:1379: creating src/sst/elements/Samba/Makefile
config.status:1379: creating src/sst/elements/scheduler/Makefile
config.status:1379: creating src/sst/elements/serrano/Makefile
config.status:1379: creating src/sst/elements/shogun/Makefile
config.status:1379: creating src/sst/elements/simpleElementExample/Makefile
config.status:1379: creating src/sst/elements/simpleSimulation/Makefile
config.status:1379: creating src/sst/elements/thornhill/Makefile
config.status:1379: creating src/sst/elements/VaultSimC/Makefile
config.status:1379: creating src/sst/elements/zodiac/Makefile
config.status:1379: creating Makefile
config.status:1379: creating src/Makefile
config.status:1379: creating src/sst/Makefile
config.status:1379: creating src/sst/elements/Makefile
config.status:1379: creating src/sst_element_config.h
config.status:1608: executing depfiles commands
config.status:1685: cd src/sst/elements/ariel       && sed -e '/# am--include-marker/d' Makefile         | make -f - am--depfiles
make: Nothing to be done for 'am--depfiles'.
config.status:1690: $? = 0
config.status:1685: cd src/sst/elements/cacheTracer       && sed -e '/# am--include-marker/d' Makefile         | make -f - am--depfiles
make: Nothing to be done for 'am--depfiles'.
config.status:1690: $? = 0
config.status:1685: cd src/sst/elements/cassini       && sed -e '/# am--include-marker/d' Makefile         | make -f - am--depfiles
make: Nothing to be done for 'am--depfiles'.
config.status:1690: $? = 0
config.status:1685: cd src/sst/elements/CramSim       && sed -e '/# am--include-marker/d' Makefile         | make -f - am--depfiles
make: Nothing to be done for 'am--depfiles'.
config.status:1690: $? = 0
config.status:1685: cd src/sst/elements/ember       && sed -e '/# am--include-marker/d' Makefile         | make -f - am--depfiles
make: Nothing to be done for 'am--depfiles'.
config.status:1690: $? = 0
config.status:1685: cd src/sst/elements/firefly       && sed -e '/# am--include-marker/d' Makefile         | make -f - am--depfiles
make: Nothing to be done for 'am--depfiles'.
config.status:1690: $? = 0
config.status:1685: cd src/sst/elements/GNA       && sed -e '/# am--include-marker/d' Makefile         | make -f - am--depfiles
make: Nothing to be done for 'am--depfiles'.
config.status:1690: $? = 0
config.status:1685: cd src/sst/elements/hermes       && sed -e '/# am--include-marker/d' Makefile         | make -f - am--depfiles
make: Nothing to be done for 'am--depfiles'.
config.status:1690: $? = 0
config.status:1685: cd src/sst/elements/kingsley       && sed -e '/# am--include-marker/d' Makefile         | make -f - am--depfiles
make: Nothing to be done for 'am--depfiles'.
config.status:1690: $? = 0
config.status:1685: cd src/sst/elements/memHierarchy       && sed -e '/# am--include-marker/d' Makefile         | make -f - am--depfiles
make: Nothing to be done for 'am--depfiles'.
config.status:1690: $? = 0
config.status:1685: cd src/sst/elements/merlin       && sed -e '/# am--include-marker/d' Makefile         | make -f - am--depfiles
make: Nothing to be done for 'am--depfiles'.
config.status:1690: $? = 0
config.status:1685: cd src/sst/elements/Messier       && sed -e '/# am--include-marker/d' Makefile         | make -f - am--depfiles
make: Nothing to be done for 'am--depfiles'.
config.status:1690: $? = 0
config.status:1685: cd src/sst/elements/miranda       && sed -e '/# am--include-marker/d' Makefile         | make -f - am--depfiles
make: Nothing to be done for 'am--depfiles'.
config.status:1690: $? = 0
config.status:1685: cd src/sst/elements/Opal       && sed -e '/# am--include-marker/d' Makefile         | make -f - am--depfiles
make: Nothing to be done for 'am--depfiles'.
config.status:1690: $? = 0
config.status:1685: cd src/sst/elements/prospero       && sed -e '/# am--include-marker/d' Makefile         | make -f - am--depfiles
make: Nothing to be done for 'am--depfiles'.
config.status:1690: $? = 0
config.status:1685: cd src/sst/elements/Samba       && sed -e '/# am--include-marker/d' Makefile         | make -f - am--depfiles
make: Nothing to be done for 'am--depfiles'.
config.status:1690: $? = 0
config.status:1685: cd src/sst/elements/scheduler       && sed -e '/# am--include-marker/d' Makefile         | make -f - am--depfiles
make: Nothing to be done for 'am--depfiles'.
config.status:1690: $? = 0
config.status:1685: cd src/sst/elements/serrano       && sed -e '/# am--include-marker/d' Makefile         | make -f - am--depfiles
make: Nothing to be done for 'am--depfiles'.
config.status:1690: $? = 0
config.status:1685: cd src/sst/elements/shogun       && sed -e '/# am--include-marker/d' Makefile         | make -f - am--depfiles
make: Nothing to be done for 'am--depfiles'.
config.status:1690: $? = 0
config.status:1685: cd src/sst/elements/simpleElementExample       && sed -e '/# am--include-marker/d' Makefile         | make -f - am--depfiles
make: Nothing to be done for 'am--depfiles'.
config.status:1690: $? = 0
config.status:1685: cd src/sst/elements/simpleSimulation       && sed -e '/# am--include-marker/d' Makefile         | make -f - am--depfiles
make: Nothing to be done for 'am--depfiles'.
config.status:1690: $? = 0
config.status:1685: cd src/sst/elements/thornhill       && sed -e '/# am--include-marker/d' Makefile         | make -f - am--depfiles
make: Nothing to be done for 'am--depfiles'.
config.status:1690: $? = 0
config.status:1685: cd src/sst/elements/VaultSimC       && sed -e '/# am--include-marker/d' Makefile         | make -f - am--depfiles
make: Nothing to be done for 'am--depfiles'.
config.status:1690: $? = 0
config.status:1685: cd src/sst/elements/zodiac       && sed -e '/# am--include-marker/d' Makefile         | make -f - am--depfiles
make: Nothing to be done for 'am--depfiles'.
config.status:1690: $? = 0
config.status:1608: executing libtool commands

## ---------------- ##
## Cache variables. ##
## ---------------- ##

ac_cv_build=x86_64-pc-linux-gnu
ac_cv_c_compiler_gnu=yes
ac_cv_c_inline=inline
ac_cv_cxx_compiler_gnu=yes
ac_cv_env_CCC_set=
ac_cv_env_CCC_value=
ac_cv_env_CC_set=
ac_cv_env_CC_value=
ac_cv_env_CFLAGS_set=
ac_cv_env_CFLAGS_value=
ac_cv_env_CPPFLAGS_set=
ac_cv_env_CPPFLAGS_value=
ac_cv_env_CPP_set=
ac_cv_env_CPP_value=
ac_cv_env_CXXCPP_set=
ac_cv_env_CXXCPP_value=
ac_cv_env_CXXFLAGS_set=
ac_cv_env_CXXFLAGS_value=
ac_cv_env_CXX_set=
ac_cv_env_CXX_value=
ac_cv_env_LDFLAGS_set=
ac_cv_env_LDFLAGS_value=
ac_cv_env_LIBS_set=
ac_cv_env_LIBS_value=
ac_cv_env_LT_SYS_LIBRARY_PATH_set=
ac_cv_env_LT_SYS_LIBRARY_PATH_value=
ac_cv_env_build_alias_set=
ac_cv_env_build_alias_value=
ac_cv_env_host_alias_set=
ac_cv_env_host_alias_value=
ac_cv_env_target_alias_set=
ac_cv_env_target_alias_value=
ac_cv_func_argz_add=yes
ac_cv_func_argz_append=yes
ac_cv_func_argz_count=yes
ac_cv_func_argz_create_sep=yes
ac_cv_func_argz_insert=yes
ac_cv_func_argz_next=yes
ac_cv_func_argz_stringify=yes
ac_cv_func_closedir=yes
ac_cv_func_dlerror=yes
ac_cv_func_dlopen=no
ac_cv_func_opendir=yes
ac_cv_func_readdir=yes
ac_cv_func_shl_load=no
ac_cv_func_strlcat=no
ac_cv_func_strlcpy=no
ac_cv_have_decl_lt_dlinterface_register=yes
ac_cv_header_DRAMSim_h=no
ac_cv_header_FlashDIMM_h=no
ac_cv_header_Gem5Wrapper_h=no
ac_cv_header_HBMDRAMSim_h=no
ac_cv_header_HybridSim_h=no
ac_cv_header_NVDIMM_h=no
ac_cv_header_Vault_h=no
ac_cv_header_argz_h=yes
ac_cv_header_dirent_h=yes
ac_cv_header_dl_h=no
ac_cv_header_dld_h=no
ac_cv_header_dlfcn_h=yes
ac_cv_header_dumpi_libundumpi_libundumpi_h=no
ac_cv_header_glpk_h=no
ac_cv_header_hmc_sim_h=no
ac_cv_header_inttypes_h=yes
ac_cv_header_ltdl_h=yes
ac_cv_header_mach_o_dyld_h=no
ac_cv_header_memory_h=yes
ac_cv_header_metis_h=no
ac_cv_header_sim_h=no
ac_cv_header_stdc=yes
ac_cv_header_stdint_h=yes
ac_cv_header_stdlib_h=yes
ac_cv_header_string_h=yes
ac_cv_header_strings_h=yes
ac_cv_header_sys_dl_h=no
ac_cv_header_sys_stat_h=yes
ac_cv_header_sys_types_h=yes
ac_cv_header_time=yes
ac_cv_header_unistd_h=yes
ac_cv_header_zlib_h=yes
ac_cv_host=x86_64-pc-linux-gnu
ac_cv_lib_dl_dlopen=yes
ac_cv_lib_dld_dld_link=no
ac_cv_lib_dld_shl_load=no
ac_cv_lib_dramsim_libdramsim_is_present=no
ac_cv_lib_fdsim_main=no
ac_cv_lib_glpk_glp_create_prob=no
ac_cv_lib_hbmdramsim_libhbmdramsim_is_present=no
ac_cv_lib_hmcsim_hmcsim_clock=no
ac_cv_lib_hybridsim_libhybridsim_is_present=no
ac_cv_lib_ltdl_lt_dladvise_preload=yes
ac_cv_lib_metis_METIS_NodeNDP=no
ac_cv_lib_nvdsim_main=no
ac_cv_lib_phx_vault_is_present=no
ac_cv_lib_ramulator_libramulator_is_present=no
ac_cv_lib_riscv__ZN5sim_t3runEv=no
ac_cv_lib_undumpi_undumpi_open=no
ac_cv_lib_z_gzopen=yes
ac_cv_objext=o
ac_cv_path_EGREP='/usr/bin/grep -E'
ac_cv_path_FGREP='/usr/bin/grep -F'
ac_cv_path_GREP=/usr/bin/grep
ac_cv_path_PINTOOL2_RUNTIME=
ac_cv_path_PINTOOL3_RUNTIME=/home/rohin/Desktop/essent_sst/contribution/shubham/pin_tool/pin
ac_cv_path_SED=/usr/bin/sed
ac_cv_path_SST_CONFIG_TOOL=/home/rohin/sst/local/sst-core/bin/sst-config
ac_cv_path_SST_REGISTER_TOOL=/home/rohin/sst/local/sst-core/bin/sst-register
ac_cv_path_install='/usr/bin/install -c'
ac_cv_path_lt_DD=/usr/bin/dd
ac_cv_path_mkdir=/usr/bin/mkdir
ac_cv_prog_AWK=mawk
ac_cv_prog_CPP='gcc -E'
ac_cv_prog_CXXCPP='g++ -E'
ac_cv_prog_ac_ct_AR=ar
ac_cv_prog_ac_ct_CC=gcc
ac_cv_prog_ac_ct_CXX=g++
ac_cv_prog_ac_ct_MANIFEST_TOOL=mt
ac_cv_prog_ac_ct_OBJDUMP=objdump
ac_cv_prog_ac_ct_RANLIB=ranlib
ac_cv_prog_ac_ct_STRIP=strip
ac_cv_prog_cc_c89=
ac_cv_prog_cc_c99=
ac_cv_prog_cc_g=yes
ac_cv_prog_cxx_g=yes
ac_cv_prog_make_make_set=yes
ac_cv_search_dlopen=-ldl
ac_cv_search_shm_open=-lrt
ac_cv_type_error_t=yes
am_cv_CC_dependencies_compiler_type=gcc3
am_cv_CXX_dependencies_compiler_type=gcc3
am_cv_make_support_nested_variables=yes
am_cv_prog_cc_c_o=yes
am_cv_prog_tar_pax=gnutar
libltdl_cv_lib_dl_dlopen=yes
libltdl_cv_preloaded_symbols=yes
libltdl_cv_shlibext=.so
libltdl_cv_shrext=.so
lt_cv_ar_at_file=@
lt_cv_archive_cmds_need_lc=no
lt_cv_deplibs_check_method=pass_all
lt_cv_dlopen=dlopen
lt_cv_dlopen_libs=-ldl
lt_cv_dlopen_self=yes
lt_cv_dlopen_self_static=no
lt_cv_file_magic_cmd='$MAGIC_CMD'
lt_cv_file_magic_test_file=
lt_cv_ld_reload_flag=-r
lt_cv_module_path_var=LD_LIBRARY_PATH
lt_cv_nm_interface='BSD nm'
lt_cv_objdir=.libs
lt_cv_path_LD=/usr/bin/ld
lt_cv_path_LDCXX='/usr/bin/ld -m elf_x86_64'
lt_cv_path_NM='/usr/bin/nm -B'
lt_cv_path_mainfest_tool=no
lt_cv_prog_compiler_c_o=yes
lt_cv_prog_compiler_c_o_CXX=yes
lt_cv_prog_compiler_pic='-fPIC -DPIC'
lt_cv_prog_compiler_pic_CXX='-fPIC -DPIC'
lt_cv_prog_compiler_pic_works=yes
lt_cv_prog_compiler_pic_works_CXX=yes
lt_cv_prog_compiler_rtti_exceptions=no
lt_cv_prog_compiler_static_works=yes
lt_cv_prog_compiler_static_works_CXX=yes
lt_cv_prog_gnu_ld=yes
lt_cv_prog_gnu_ldcxx=yes
lt_cv_sharedlib_from_linklib_cmd='printf %s\n'
lt_cv_shlibpath_overrides_runpath=yes
lt_cv_sys_argz_works=yes
lt_cv_sys_dlopen_deplibs=yes
lt_cv_sys_dlsearch_path='/lib /usr/lib /usr/lib/x86_64-linux-gnu/libfakeroot /usr/local/lib/i386-linux-gnu /lib/i386-linux-gnu /usr/lib/i386-linux-gnu /usr/local/lib/i686-linux-gnu /lib/i686-linux-gnu /usr/lib/i686-linux-gnu /usr/local/lib /usr/local/lib/x86_64-linux-gnu /lib/x86_64-linux-gnu /usr/lib/x86_64-linux-gnu /lib32 /usr/lib32 '
lt_cv_sys_global_symbol_pipe='sed -n -e '\''s/^.*[	 ]\([ABCDGIRSTW][ABCDGIRSTW]*\)[	 ][	 ]*\([_A-Za-z][_A-Za-z0-9]*\)$/\1 \2 \2/p'\'' | sed '\''/ __gnu_lto/d'\'''
lt_cv_sys_global_symbol_to_c_name_address='sed -n -e '\''s/^: \(.*\) .*$/  {"\1", (void *) 0},/p'\'' -e '\''s/^[ABCDGIRSTW][ABCDGIRSTW]* .* \(.*\)$/  {"\1", (void *) \&\1},/p'\'''
lt_cv_sys_global_symbol_to_c_name_address_lib_prefix='sed -n -e '\''s/^: \(.*\) .*$/  {"\1", (void *) 0},/p'\'' -e '\''s/^[ABCDGIRSTW][ABCDGIRSTW]* .* \(lib.*\)$/  {"\1", (void *) \&\1},/p'\'' -e '\''s/^[ABCDGIRSTW][ABCDGIRSTW]* .* \(.*\)$/  {"lib\1", (void *) \&\1},/p'\'''
lt_cv_sys_global_symbol_to_cdecl='sed -n -e '\''s/^T .* \(.*\)$/extern int \1();/p'\'' -e '\''s/^[ABCDGIRSTW][ABCDGIRSTW]* .* \(.*\)$/extern char \1;/p'\'''
lt_cv_sys_global_symbol_to_import=
lt_cv_sys_max_cmd_len=1572864
lt_cv_sys_symbol_underscore=no
lt_cv_to_host_file_cmd=func_convert_file_noop
lt_cv_to_tool_file_cmd=func_convert_file_noop
lt_cv_truncate_bin='/usr/bin/dd bs=4096 count=1'

## ----------------- ##
## Output variables. ##
## ----------------- ##

ACLOCAL='${SHELL} /home/rohin/Desktop/essent_sst/contribution/shubham/sst-elements/config/missing aclocal-1.16'
AMDEPBACKSLASH='\'
AMDEP_FALSE='#'
AMDEP_TRUE=''
AMTAR='$${TAR-tar}'
AM_BACKSLASH='\'
AM_DEFAULT_V='$(AM_DEFAULT_VERBOSITY)'
AM_DEFAULT_VERBOSITY='0'
AM_V='$(V)'
AR='ar'
AUTOCONF='${SHELL} /home/rohin/Desktop/essent_sst/contribution/shubham/sst-elements/config/missing autoconf'
AUTOHEADER='${SHELL} /home/rohin/Desktop/essent_sst/contribution/shubham/sst-elements/config/missing autoheader'
AUTOMAKE='${SHELL} /home/rohin/Desktop/essent_sst/contribution/shubham/sst-elements/config/missing automake-1.16'
AWK='mawk'
BOOST_LIB_SUFFIX=''
CC='gcc'
CCDEPMODE='depmode=gcc3'
CC_VERSION='gcc (Ubuntu 9.3.0-17ubuntu1~20.04) 9.3.0'
CFLAGS='-g -O2  '
CONVENIENCE_LTDL_FALSE='#'
CONVENIENCE_LTDL_TRUE=''
CPP='gcc -E'
CPPFLAGS='  -I/usr/include/python3.8 -I/usr/include/python3.8  -I/home/rohin/sst/local/sst-core/include/sst/core -I/home/rohin/sst/local/sst-core/include'
CUDA_CPPFLAGS=''
CUDA_LDFLAGS=''
CUDA_LIBDIR=''
CUDA_LIBS=''
CXX='g++'
CXXCPP='g++ -E'
CXXDEPMODE='depmode=gcc3'
CXXFLAGS='-g -O2  -std=c++1y -D__STDC_FORMAT_MACROS '
CYGPATH_W='echo'
DEFS='-DHAVE_CONFIG_H'
DEPDIR='.deps'
DLLTOOL='false'
DRAMSIM_CPPFLAGS=''
DRAMSIM_LDFLAGS=''
DRAMSIM_LIB=''
DRAMSIM_LIBDIR=''
DSYMUTIL=''
DUMPBIN=''
DUMPI_CPPFLAGS=''
DUMPI_LDFLAGS=''
DUMPI_LIB=''
ECHO_C=''
ECHO_N='-n'
ECHO_T=''
EGREP='/usr/bin/grep -E'
EMBER_HAVE_OTF2_FALSE=''
EMBER_HAVE_OTF2_TRUE='#'
EXEEXT=''
FDSIM_CPPFLAGS=''
FDSIM_CXXFLAGS=''
FDSIM_LDFLAGS=''
FDSIM_LIB=''
FDSIM_LIBDIR=''
FGREP='/usr/bin/grep -F'
GLPK_CPPFLAGS=''
GLPK_LDFLAGS=''
GLPK_LIB=''
GLPK_LIBDIR=''
GOBLIN_HMCSIM_CPPFLAGS=''
GOBLIN_HMCSIM_LDFLAGS=''
GOBLIN_HMCSIM_LIB=''
GOBLIN_HMCSIM_LIBDIR=''
GREP='/usr/bin/grep'
HAVE_DRAMSIM_FALSE=''
HAVE_DRAMSIM_TRUE='#'
HAVE_FDSIM_FALSE=''
HAVE_FDSIM_TRUE='#'
HAVE_GLPK_FALSE=''
HAVE_GLPK_TRUE='#'
HAVE_HBMDRAMSIM_FALSE=''
HAVE_HBMDRAMSIM_TRUE='#'
HAVE_HYBRIDSIM_FALSE=''
HAVE_HYBRIDSIM_TRUE='#'
HAVE_LIBPHX_FALSE=''
HAVE_LIBPHX_TRUE='#'
HAVE_METIS_FALSE=''
HAVE_METIS_TRUE='#'
HAVE_NVDIMMSIM_FALSE=''
HAVE_NVDIMMSIM_TRUE='#'
HAVE_PIN3_FALSE='#'
HAVE_PIN3_TRUE=''
HAVE_PINTOOL_FALSE='#'
HAVE_PINTOOL_TRUE=''
HAVE_RAMULATOR_FALSE=''
HAVE_RAMULATOR_TRUE='#'
HAVE_SET_PTRACER='1'
HAVE_SET_PTRACER_FALSE='#'
HAVE_SET_PTRACER_TRUE=''
HAVE_SHM_FALSE='#'
HAVE_SHM_TRUE=''
HBMDRAMSIM_CPPFLAGS=''
HBMDRAMSIM_LDFLAGS=''
HBMDRAMSIM_LIB=''
HBMDRAMSIM_LIBDIR=''
HYBRIDSIM_CPPFLAGS=''
HYBRIDSIM_LDFLAGS=''
HYBRIDSIM_LIB=''
HYBRIDSIM_LIBDIR=''
INCLTDL=''
INSTALL_DATA='${INSTALL} -m 644'
INSTALL_LTDL_FALSE=''
INSTALL_LTDL_TRUE='#'
INSTALL_PROGRAM='${INSTALL}'
INSTALL_SCRIPT='${INSTALL}'
INSTALL_STRIP_PROGRAM='$(install_sh) -c -s'
LD='/usr/bin/ld -m elf_x86_64'
LDFLAGS='   -L/usr/lib/python3.8/config-3.8-x86_64-linux-gnu -L/usr/lib -lpython3.8 -lcrypt -lpthread -ldl  -lutil -lm -lm '
LIBADD_DL='-ldl '
LIBADD_DLD_LINK=''
LIBADD_DLOPEN='-ldl'
LIBADD_SHL_LOAD=''
LIBLTDL='-lltdl'
LIBOBJS=''
LIBPHX_CPPFLAGS=''
LIBPHX_LDFLAGS=''
LIBPHX_LIB=''
LIBPHX_LIBDIR=''
LIBS='  '
LIBTOOL='$(SHELL) $(top_builddir)/libtool'
LIBZ_CPPFLAGS=''
LIBZ_LDFLAGS=''
LIBZ_LIB='-lz'
LIPO=''
LN_S='ln -s'
LTDLDEPS=''
LTDLINCL=''
LTDLOPEN='libltdl'
LTLIBOBJS=''
LT_ARGZ_H=''
LT_CONFIG_H='src/sst_element_config.h'
LT_DLLOADERS=' dlopen.la'
LT_DLPREOPEN='-dlpreopen dlopen.la '
LT_SYS_LIBRARY_PATH=''
MAKEINFO='${SHELL} /home/rohin/Desktop/essent_sst/contribution/shubham/sst-elements/config/missing makeinfo'
MANIFEST_TOOL=':'
METIS_CPPFLAGS=''
METIS_LDFLAGS=''
METIS_LIB=''
METIS_LIBDIR=''
MKDIR_P='/usr/bin/mkdir -p'
NM='/usr/bin/nm -B'
NMEDIT=''
NVDIMMSIM_CPPFLAGS=''
NVDIMMSIM_CXXFLAGS=''
NVDIMMSIM_LDFLAGS=''
NVDIMMSIM_LIB=''
NVDIMMSIM_LIBDIR=''
OBJDUMP='objdump'
OBJEXT='o'
OTF2_CONFIG_TOOL=''
OTF2_CPPFLAGS=''
OTF2_LDFLAGS=''
OTF2_PATH=''
OTF_CONFIG_TOOL=''
OTF_CPPFLAGS=''
OTF_LDFLAGS=''
OTF_PATH=''
OTOOL64=''
OTOOL=''
PACKAGE='sst-elements-library'
PACKAGE_BUGREPORT='sst@sandia.gov'
PACKAGE_NAME='SST Elements Library'
PACKAGE_STRING='SST Elements Library -dev'
PACKAGE_TARNAME='sst-elements-library'
PACKAGE_URL=''
PACKAGE_VERSION='-dev'
PATH_SEPARATOR=':'
PINTOOL2_RUNTIME=''
PINTOOL3_RUNTIME='/home/rohin/Desktop/essent_sst/contribution/shubham/pin_tool/pin'
PINTOOL_CPPFLAGS='-I/home/rohin/Desktop/essent_sst/contribution/shubham/pin_tool/source/include -DHAVE_PIN=1 -DPINTOOL_EXECUTABLE=\"/home/rohin/Desktop/essent_sst/contribution/shubham/pin_tool/pin\"'
PINTOOL_DIR='/home/rohin/Desktop/essent_sst/contribution/shubham/pin_tool'
PINTOOL_LDFLAGS='-L/home/rohin/Desktop/essent_sst/contribution/shubham/pin_tool/intel64/runtime -L/home/rohin/Desktop/essent_sst/contribution/shubham/pin_tool/intel64/lib -L/home/rohin/Desktop/essent_sst/contribution/shubham/pin_tool/intel/lib-ext'
PINTOOL_PATH='/home/rohin/Desktop/essent_sst/contribution/shubham/pin_tool:/home/rohin/sst/local/sst-core/bin:/home/rohin/sst/local/packages/bin:/home/rohin/bin:/home/rohin/sst/local/sst-core/bin:/home/rohin/sst/local/packages/bin:/home/rohin/bin:/home/rohin/sst/local/sst-core/bin:/home/rohin/sst/local/packages/bin:/home/rohin/bin:/home/rohin/sst/local/packages/bin:/home/rohin/bin:/usr/local/sbin:/usr/local/bin:/usr/sbin:/usr/bin:/sbin:/bin:/usr/games:/usr/local/games:/snap/bin'
PINTOOL_RUNTIME='/home/rohin/Desktop/essent_sst/contribution/shubham/pin_tool/pin'
RAMULATOR_CPPFLAGS=''
RAMULATOR_LDFLAGS=''
RAMULATOR_LIB=''
RAMULATOR_LIBDIR=''
RANLIB='ranlib'
SED='/usr/bin/sed'
SET_MAKE=''
SHELL='/bin/bash'
SHM_LIB='-lrt   '
SSTELEMENTS_GIT_BRANCH='master'
SSTELEMENTS_GIT_COMMITCOUNT='12245'
SSTELEMENTS_GIT_HEADSHA='9e2700568823aee7eca5684a6ac5f3cc28768e69'
SST_ACTIVE_ELEMENT_LIBRARIES=' ariel cacheTracer cassini CramSim ember firefly GNA hermes kingsley memHierarchy merlin Messier miranda Opal prospero Samba scheduler serrano shogun simpleElementExample simpleSimulation thornhill VaultSimC zodiac'
SST_COMPILE_OSX_FALSE=''
SST_COMPILE_OSX_TRUE='#'
SST_CONFIG_TOOL='/home/rohin/sst/local/sst-core/bin/sst-config'
SST_DIST_ELEMENT_LIBRARIES=' ariel cacheTracer cassini CramSim ember firefly GNA hermes kingsley memHierarchy merlin Messier miranda Opal prospero Samba scheduler serrano shogun simpleElementExample simpleSimulation thornhill VaultSimC zodiac'
SST_ENABLE_PREVIEW_BUILD_FALSE=''
SST_ENABLE_PREVIEW_BUILD_TRUE='#'
SST_PREFIX='/home/rohin/sst/local/sst-core'
SST_REGISTER_TOOL='/home/rohin/sst/local/sst-core/bin/sst-register'
STAKE_CPPFLAGS=''
STAKE_LDFLAGS=''
STAKE_LIB=''
STAKE_LIBDIR=''
STRIP='strip'
USE_CUDA_FALSE=''
USE_CUDA_TRUE='#'
USE_DUMPI_FALSE=''
USE_DUMPI_TRUE='#'
USE_EMBER_CONTEXTS_FALSE=''
USE_EMBER_CONTEXTS_TRUE='#'
USE_GOBLIN_HMCSIM_FALSE=''
USE_GOBLIN_HMCSIM_TRUE='#'
USE_LIBZ_FALSE='#'
USE_LIBZ_TRUE=''
USE_OTF2_FALSE=''
USE_OTF2_TRUE='#'
USE_OTF_FALSE=''
USE_OTF_TRUE='#'
USE_STAKE_FALSE=''
USE_STAKE_TRUE='#'
VERSION='-dev'
ac_ct_AR='ar'
ac_ct_CC='gcc'
ac_ct_CXX='g++'
ac_ct_DUMPBIN=''
am__EXEEXT_FALSE=''
am__EXEEXT_TRUE='#'
am__fastdepCC_FALSE='#'
am__fastdepCC_TRUE=''
am__fastdepCXX_FALSE='#'
am__fastdepCXX_TRUE=''
am__include='include'
am__isrc=''
am__leading_dot='.'
am__nodep='_no'
am__quote=''
am__tar='tar --format=posix -chf - "$$tardir"'
am__untar='tar -xf -'
bindir='${exec_prefix}/bin'
build='x86_64-pc-linux-gnu'
build_alias=''
build_cpu='x86_64'
build_os='linux-gnu'
build_vendor='pc'
datadir='${datarootdir}'
datarootdir='${prefix}/share'
docdir='${datarootdir}/doc/${PACKAGE_TARNAME}'
dvidir='${docdir}'
exec_prefix='${prefix}'
host='x86_64-pc-linux-gnu'
host_alias=''
host_cpu='x86_64'
host_os='linux-gnu'
host_vendor='pc'
htmldir='${docdir}'
includedir='${prefix}/include'
infodir='${datarootdir}/info'
install_sh='${SHELL} /home/rohin/Desktop/essent_sst/contribution/shubham/sst-elements/config/install-sh'
libdir='${exec_prefix}/lib'
libexecdir='${exec_prefix}/libexec'
localedir='${datarootdir}/locale'
localstatedir='${prefix}/var'
ltdl_LIBOBJS=' lt__strl.o'
ltdl_LTLIBOBJS=' lt__strl.lo'
mandir='${datarootdir}/man'
mkdir_p='$(MKDIR_P)'
oldincludedir='/usr/include'
pdfdir='${docdir}'
prefix='sst_check_'
program_transform_name='s,x,x,'
psdir='${docdir}'
runstatedir='${localstatedir}/run'
sbindir='${exec_prefix}/sbin'
sharedstatedir='${prefix}/com'
sys_symbol_underscore='no'
sysconfdir='${prefix}/etc'
target_alias=''

## ----------- ##
## confdefs.h. ##
## ----------- ##

/* confdefs.h */
#define PACKAGE_NAME "SST Elements Library"
#define PACKAGE_TARNAME "sst-elements-library"
#define PACKAGE_VERSION "-dev"
#define PACKAGE_STRING "SST Elements Library -dev"
#define PACKAGE_BUGREPORT "sst@sandia.gov"
#define PACKAGE_URL ""
#define TIME_WITH_SYS_TIME 1
#define STDC_HEADERS 1
#define HAVE_SYS_TYPES_H 1
#define HAVE_SYS_STAT_H 1
#define HAVE_STDLIB_H 1
#define HAVE_STRING_H 1
#define HAVE_MEMORY_H 1
#define HAVE_STRINGS_H 1
#define HAVE_INTTYPES_H 1
#define HAVE_STDINT_H 1
#define HAVE_UNISTD_H 1
#define HAVE_DLFCN_H 1
#define LT_OBJDIR ".libs/"
#define LT_MODULE_EXT ".so"
#define LT_MODULE_PATH_VAR "LD_LIBRARY_PATH"
#define LT_DLSEARCH_PATH "/lib:/usr/lib:/usr/lib/x86_64-linux-gnu/libfakeroot:/usr/local/lib/i386-linux-gnu:/lib/i386-linux-gnu:/usr/lib/i386-linux-gnu:/usr/local/lib/i686-linux-gnu:/lib/i686-linux-gnu:/usr/lib/i686-linux-gnu:/usr/local/lib:/usr/local/lib/x86_64-linux-gnu:/lib/x86_64-linux-gnu:/usr/lib/x86_64-linux-gnu:/lib32:/usr/lib32"
#define HAVE_LIBDL 1
#define HAVE_DLERROR 1
#define HAVE_LIBDLLOADER 1
#define HAVE_ARGZ_H 1
#define HAVE_ERROR_T 1
#define HAVE_ARGZ_ADD 1
#define HAVE_ARGZ_APPEND 1
#define HAVE_ARGZ_COUNT 1
#define HAVE_ARGZ_CREATE_SEP 1
#define HAVE_ARGZ_INSERT 1
#define HAVE_ARGZ_NEXT 1
#define HAVE_ARGZ_STRINGIFY 1
#define HAVE_WORKING_ARGZ 1
#define HAVE_PRELOADED_SYMBOLS 1
#define HAVE_LTDL 1
#define HAVE_UNISTD_H 1
#define HAVE_DIRENT_H 1
#define HAVE_CLOSEDIR 1
#define HAVE_OPENDIR 1
#define HAVE_READDIR 1
#define LT_LIBEXT "a"
#define LT_LIBPREFIX "lib"
#define TIME_WITH_SYS_TIME 1
#define NVDIMMSIM_LIBDIR ""
#define PINTOOL_EXECUTABLE "/home/rohin/Desktop/essent_sst/contribution/shubham/pin_tool/pin"
#define HAVE_PINCRT 1
#define HAVE_SHM 1
#define HAVE_LIBZ 1
#define RAMULATOR_LIBDIR ""
#define DRAMSIM_LIBDIR ""
#define HBMDRAMSIM_LIBDIR ""
#define HYBRIDSIM_LIBDIR ""
#define GOBLIN_HMCSIM_LIBDIR ""
#define NVDIMMSIM_LIBDIR ""
#define FDSIM_LIBDIR ""
#define HAVE_LIBZ 1
#define STAKE_LIBDIR ""
#define HAVE_LIBZ 1
#define PINTOOL_EXECUTABLE "/home/rohin/Desktop/essent_sst/contribution/shubham/pin_tool/pin"
#define HAVE_PINCRT 1
#define HAVE_SHM 1
#define METIS_LIBDIR ""
#define GLPK_LIBDIR ""
#define LIBPHX_LIBDIR ""
#define SSTELEMENTS_GIT_BRANCH "master"
#define SSTELEMENTS_GIT_HEADSHA "9e2700568823aee7eca5684a6ac5f3cc28768e69"
#define SSTELEMENTS_GIT_COMMITCOUNT "12245"

configure: exit 0
